0.0000 0.0000 0.0000 0.0000 0.0000
0.0167 0.0000 0.0000 0.0000 0.0000
0.0333 0.0000 0.0000 0.0000 0.0000
0.0500 0.0000 0.0000 0.0000 0.0000
0.0667 0.0000 0.0000 0.0000 0.0000
0.0833 0.0000 0.0000 0.0000 0.0000
0.1000 0.0000 0.0000 0.0000 0.0000
0.1167 0.0000 0.0000 0.0000 0.0000
0.1333 0.0000 0.0000 0.0000 0.0000
0.1500 0.0000 0.0000 0.0000 0.0000
0.1667 0.0000 0.0000 0.0000 0.0000
0.1833 0.0000 0.0000 0.0000 0.0000
0.2000 0.0000 0.0000 0.0000 0.0000
0.2167 0.0000 0.0000 0.0000 0.0000
0.2333 0.0000 0.0000 0.0000 0.0000
0.2500 0.0000 0.0000 0.0000 0.0000
0.2667 0.0000 0.0000 0.0000 0.0000
0.2833 0.0000 0.0000 0.0000 0.0000
0.3000 0.0000 0.0000 0.0000 0.0000
0.3167 -0.0000 -0.0000 0.0000 0.0000
0.3333 -0.0000 -0.0000 0.0000 0.0000
0.3500 -0.0004 0.0006 0.0000 0.0000
0.3667 -0.0008 0.0016 -0.0002 0.0004
0.3833 -0.0008 0.0016 -0.0007 0.0013
0.4000 -0.0014 0.0021 -0.0010 0.0019
0.4167 -0.0028 0.0036 -0.0016 0.0027
0.4333 -0.0028 0.0036 -0.0030 0.0043
0.4500 -0.0868 0.0136 -0.0040 0.0054
0.4667 -0.0849 0.0139 -0.0650 0.0133
0.4833 -0.0849 0.0139 -0.1062 0.0189
0.5000 -0.0820 0.0127 -0.1341 0.0227
0.5167 -0.0820 0.0127 -0.1500 0.0242
0.5333 -0.0767 0.0090 -0.1594 0.0249
0.5500 -0.0767 0.0090 -0.1599 0.0223
0.5667 -0.0767 0.0090 -0.1582 0.0202
0.5833 -0.0733 0.0020 -0.1549 0.0185
0.6000 -0.0733 0.0020 -0.1480 0.0115
0.6167 -0.0686 -0.0063 -0.1412 0.0065
0.6333 -0.0686 -0.0063 -0.1308 -0.0037
0.6500 -0.0686 -0.0063 -0.1218 -0.0108
0.6667 -0.0639 -0.0104 -0.1139 -0.0157
0.6833 -0.0639 -0.0104 -0.1030 -0.0221
0.7000 -0.0625 -0.0200 -0.0941 -0.0263
0.7167 -0.0625 -0.0200 -0.0854 -0.0367
0.7333 -0.0612 -0.0257 -0.0783 -0.0434
0.7500 -0.0612 -0.0257 -0.0711 -0.0522
0.7667 -0.0612 -0.0257 -0.0651 -0.0576
0.7833 -0.0584 -0.0337 -0.0601 -0.0605
0.8000 -0.0584 -0.0337 -0.0535 -0.0683
0.8167 -0.0562 -0.0381 -0.0481 -0.0728
0.8333 -0.0546 -0.0428 -0.0419 -0.0786
0.8500 -0.0537 -0.0455 -0.0357 -0.0854
0.8667 -0.0537 -0.0455 -0.0301 -0.0912
0.8833 -0.0526 -0.0471 -0.0259 -0.0940
0.9000 -0.0526 -0.0471 -0.0216 -0.0959
0.9167 -0.0501 -0.0527 -0.0183 -0.0960
0.9333 -0.0501 -0.0527 -0.0138 -0.0993
0.9500 -0.0501 -0.0527 -0.0104 -0.1003
0.9667 -0.0465 -0.0561 -0.0079 -0.0995
0.9833 -0.0451 -0.0582 -0.0030 -0.1005
1.0000 -0.0451 -0.0582 0.0015 -0.1015
1.0167 -0.0443 -0.0598 0.0047 -0.1008
1.0333 -0.0443 -0.0598 0.0075 -0.1003
1.0500 -0.0443 -0.0598 0.0093 -0.0985
1.0667 -0.0423 -0.0622 0.0105 -0.0959
1.0833 -0.0423 -0.0622 0.0127 -0.0948
1.1000 -0.0385 -0.0638 0.0141 -0.0927
1.1167 -0.0382 -0.0640 0.0182 -0.0912
1.1333 -0.0368 -0.0651 0.0209 -0.0892
1.1500 -0.0368 -0.0651 0.0237 -0.0874
1.1667 -0.0353 -0.0656 0.0253 -0.0849
1.1833 -0.0353 -0.0656 0.0273 -0.0825
1.2000 -0.0353 -0.0656 0.0283 -0.0796
1.2167 -0.0326 -0.0665 0.0287 -0.0766
1.2333 -0.0326 -0.0665 0.0307 -0.0741
1.2500 -0.0306 -0.0668 0.0317 -0.0713
1.2667 -0.0306 -0.0668 0.0337 -0.0686
1.2833 -0.0280 -0.0670 0.0345 -0.0658
1.3000 -0.0280 -0.0670 0.0368 -0.0632
1.3167 -0.0280 -0.0670 0.0379 -0.0605
1.3333 -0.0247 -0.0670 0.0382 -0.0577
1.3500 -0.0247 -0.0670 0.0405 -0.0550
1.3667 -0.0193 -0.0667 0.0416 -0.0523
1.3833 -0.0193 -0.0667 0.0462 -0.0495
1.4000 -0.0193 -0.0667 0.0488 -0.0469
1.4167 -0.0159 -0.0666 0.0499 -0.0444
1.4333 -0.0159 -0.0666 0.0529 -0.0420
1.4500 -0.0126 -0.0645 0.0542 -0.0397
1.4667 -0.0126 -0.0645 0.0571 -0.0358
1.4833 -0.0101 -0.0612 0.0584 -0.0325
1.5000 -0.0101 -0.0612 0.0605 -0.0272
1.5167 -0.0101 -0.0612 0.0612 -0.0230
1.5333 -0.0068 -0.0559 0.0608 -0.0198
1.5500 -0.0068 -0.0559 0.0624 -0.0129
1.5667 -0.0052 -0.0514 0.0626 -0.0079
1.5833 -0.0052 -0.0514 0.0632 -0.0006
1.6000 -0.0052 -0.0514 0.0628 0.0045
1.6167 -0.0019 -0.0478 0.0616 0.0079
1.6333 -0.0019 -0.0478 0.0627 0.0132
1.6500 -0.0005 -0.0430 0.0626 0.0168
1.6667 -0.0005 -0.0430 0.0629 0.0230
1.6833 0.0028 -0.0365 0.0621 0.0270
1.7000 0.0028 -0.0365 0.0635 0.0348
1.7167 0.0028 -0.0365 0.0636 0.0398
1.7333 0.0057 -0.0316 0.0627 0.0427
1.7500 0.0057 -0.0316 0.0637 0.0481
1.7667 0.0080 -0.0272 0.0634 0.0513
1.7833 0.0080 -0.0272 0.0643 0.0564
1.8000 0.0080 -0.0272 0.0641 0.0593
1.8167 0.0127 -0.0212 0.0630 0.0604
1.8333 0.0127 -0.0212 0.0653 0.0654
1.8500 0.0127 -0.0212 0.0659 0.0679
1.8667 0.0154 -0.0202 0.0655 0.0687
1.8833 0.0154 -0.0202 0.0666 0.0691
1.9000 0.0192 -0.0138 0.0664 0.0684
1.9167 0.0192 -0.0138 0.0685 0.0724
1.9333 0.0220 -0.0079 0.0690 0.0741
1.9500 0.0220 -0.0079 0.0707 0.0792
1.9667 0.0220 -0.0079 0.0709 0.0816
1.9833 0.0245 -0.0013 0.0701 0.0822
2.0000 0.0245 -0.0013 0.0706 0.0869
2.0167 0.0266 0.0019 0.0700 0.0890
2.0333 0.0266 0.0019 0.0704 0.0919
2.0500 0.0266 0.0019 0.0697 0.0927
2.0667 0.0300 0.0044 0.0682 0.0919
2.0833 0.0300 0.0044 0.0690 0.0922
2.1000 0.0377 0.0077 0.0687 0.0911
2.1167 0.0377 0.0077 0.0739 0.0918
2.1333 0.0401 0.0115 0.0766 0.0910
2.1500 0.0410 0.0131 0.0793 0.0923
2.1667 0.0410 0.0131 0.0808 0.0934
2.1833 0.0418 0.0148 0.0807 0.0928
2.2000 0.0418 0.0148 0.0802 0.0925
2.2167 0.0436 0.0173 0.0787 0.0910
2.2333 0.0436 0.0173 0.0781 0.0908
2.2500 0.0454 0.0194 0.0766 0.0894
2.2667 0.0454 0.0194 0.0761 0.0890
2.2833 0.0479 0.0278 0.0746 0.0874
2.3000 0.0479 0.0278 0.0746 0.0921
2.3167 0.0479 0.0278 0.0736 0.0940
2.3333 0.0489 0.0336 0.0719 0.0941
2.3500 0.0513 0.0339 0.0705 0.0976
2.3667 0.0513 0.0339 0.0706 0.0990
2.3833 0.0515 0.0363 0.0696 0.0985
2.4000 0.0515 0.0363 0.0682 0.0989
2.4167 0.0515 0.0363 0.0663 0.0978
2.4333 0.0527 0.0421 0.0640 0.0957
2.4500 0.0527 0.0421 0.0625 0.0977
2.4667 0.0548 0.0473 0.0606 0.0977
2.4833 0.0555 0.0490 0.0601 0.1007
2.5000 0.0555 0.0490 0.0596 0.1028
2.5167 0.0564 0.0509 0.0585 0.1028
2.5333 0.0564 0.0509 0.0576 0.1031
2.5500 0.0564 0.0509 0.0562 0.1018
2.5667 0.0583 0.0576 0.0545 0.0995
2.5833 0.0583 0.0576 0.0540 0.1020
2.6000 0.0588 0.0632 0.0530 0.1024
2.6167 0.0588 0.0632 0.0519 0.1059
2.6333 0.0589 0.0654 0.0505 0.1069
2.6500 0.0589 0.0654 0.0488 0.1079
2.6667 0.0596 0.0709 0.0470 0.1072
2.6833 0.0596 0.0709 0.0457 0.1097
2.7000 0.0596 0.0709 0.0441 0.1099
2.7167 0.0608 0.0787 0.0424 0.1085
2.7333 0.0608 0.0787 0.0417 0.1126
2.7500 0.0629 0.0873 0.0406 0.1139
2.7667 0.0638 0.0901 0.0410 0.1203
2.7833 0.0638 0.0901 0.0415 0.1255
2.8000 0.0638 0.0901 0.0413 0.1273
2.8167 0.0642 0.0965 0.0405 0.1268
2.8333 0.0642 0.0965 0.0398 0.1300
2.8500 0.0660 0.1025 0.0387 0.1304
2.8667 0.0660 0.1025 0.0389 0.1340
2.8833 0.0672 0.1147 0.0385 0.1346
2.9000 0.0672 0.1147 0.0387 0.1433
2.9167 0.0672 0.1147 0.0383 0.1473
2.9333 0.0694 0.1244 0.0375 0.1481
2.9500 0.0694 0.1244 0.0382 0.1547
2.9667 0.0694 0.1244 0.0382 0.1571
2.9833 0.0719 0.1336 0.0377 0.1566
3.0000 0.0731 0.1367 0.0388 0.1617
3.0167 0.0731 0.1367 0.0401 0.1656
3.0333 0.0744 0.1396 0.0405 0.1660
3.0500 0.0744 0.1396 0.0412 0.1664
3.0667 0.0744 0.1396 0.0411 0.1644
3.0833 0.0760 0.1496 0.0405 0.1607
3.1000 0.0760 0.1496 0.0409 0.1642
3.1167 0.0774 0.1565 0.0406 0.1643
3.1333 0.0784 0.1590 0.0410 0.1679
3.1500 0.0792 0.1631 0.0415 0.1702
3.1667 0.0792 0.1631 0.0420 0.1728
3.1833 0.0798 0.1664 0.0417 0.1722
3.2000 0.0798 0.1664 0.0415 0.1722
3.2167 0.0828 0.1763 0.0407 0.1698
3.2333 0.0828 0.1763 0.0421 0.1740
3.2500 0.0828 0.1763 0.0424 0.1745
3.2667 0.0859 0.1869 0.0421 0.1725
3.2833 0.0863 0.1899 0.0439 0.1774
3.3000 0.0863 0.1899 0.0449 0.1810
3.3167 0.0880 0.1935 0.0449 0.1809
3.3333 0.0880 0.1935 0.0457 0.1813
3.3500 0.0880 0.1935 0.0456 0.1791
3.3667 0.0913 0.2039 0.0449 0.1750
3.3833 0.0913 0.2039 0.0466 0.1785
3.4000 0.0970 0.2196 0.0471 0.1784
3.4167 0.0980 0.2225 0.0516 0.1889
3.4333 0.0990 0.2260 0.0548 0.1960
3.4500 0.0990 0.2260 0.0571 0.2011
3.4667 0.1011 0.2310 0.0579 0.2019
3.4833 0.1011 0.2310 0.0595 0.2038
3.5000 0.1011 0.2310 0.0597 0.2023
3.5167 0.1034 0.2362 0.0591 0.1985
3.5333 0.1034 0.2362 0.0596 0.1974
3.5500 0.1064 0.2437 0.0592 0.1939
3.5667 0.1064 0.2437 0.0607 0.1950
3.5833 0.1096 0.2481 0.0608 0.1931
3.6000 0.1110 0.2496 0.0627 0.1927
3.6167 0.1119 0.2515 0.0643 0.1911
3.6333 0.1119 0.2515 0.0653 0.1888
3.6500 0.1146 0.2552 0.0651 0.1846
3.6667 0.1146 0.2552 0.0663 0.1822
3.6833 0.1174 0.2587 0.0662 0.1781
3.7000 0.1174 0.2587 0.0676 0.1756
3.7167 0.1174 0.2587 0.0676 0.1714
3.7333 0.1195 0.2609 0.0667 0.1662
3.7500 0.1195 0.2609 0.0668 0.1620
3.7667 0.1228 0.2639 0.0660 0.1569
3.7833 0.1228 0.2639 0.0673 0.1537
3.8000 0.1228 0.2639 0.0673 0.1493
3.8167 0.1261 0.2660 0.0663 0.1442
3.8333 0.1267 0.2667 0.0674 0.1404
3.8500 0.1267 0.2667 0.0677 0.1363
3.8667 0.1294 0.2673 0.0670 0.1316
3.8833 0.1294 0.2673 0.0679 0.1270
3.9000 0.1294 0.2673 0.0675 0.1221
3.9167 0.1327 0.2676 0.0663 0.1169
3.9333 0.1327 0.2676 0.0674 0.1120
3.9500 0.1348 0.2678 0.0671 0.1071
3.9667 0.1348 0.2678 0.0678 0.1023
3.9833 0.1373 0.2677 0.0673 0.0975
4.0000 0.1373 0.2677 0.0681 0.0927
4.0167 0.1373 0.2677 0.0677 0.0881
4.0333 0.1411 0.2663 0.0665 0.0837
4.0500 0.1411 0.2663 0.0679 0.0783
4.0667 0.1411 0.2663 0.0679 0.0735
4.0833 0.1447 0.2634 0.0670 0.0691
4.1000 0.1447 0.2634 0.0685 0.0627
4.1167 0.1447 0.2634 0.0685 0.0573
4.1333 0.1476 0.2610 0.0676 0.0528
4.1500 0.1488 0.2597 0.0684 0.0469
4.1667 0.1504 0.2582 0.0690 0.0411
4.1833 0.1504 0.2582 0.0698 0.0353
4.2000 0.1513 0.2568 0.0694 0.0307
4.2167 0.1513 0.2568 0.0689 0.0260
4.2333 0.1535 0.2531 0.0677 0.0223
4.2500 0.1535 0.2531 0.0676 0.0164
4.2667 0.1535 0.2531 0.0667 0.0120
4.2833 0.1566 0.2488 0.0651 0.0088
4.3000 0.1566 0.2488 0.0656 0.0029
4.3167 0.1588 0.2442 0.0651 -0.0013
4.3333 0.1588 0.2442 0.0657 -0.0080
4.3500 0.1588 0.2442 0.0651 -0.0126
4.3667 0.1603 0.2401 0.0639 -0.0156
4.3833 0.1603 0.2401 0.0634 -0.0208
4.4000 0.1632 0.2346 0.0622 -0.0242
4.4167 0.1632 0.2346 0.0629 -0.0308
4.4333 0.1665 0.2287 0.0625 -0.0349
4.4500 0.1665 0.2287 0.0641 -0.0422
4.4667 0.1665 0.2287 0.0644 -0.0467
4.4833 0.1698 0.2207 0.0636 -0.0491
4.5000 0.1698 0.2207 0.0650 -0.0569
4.5167 0.1724 0.2153 0.0651 -0.0614
4.5333 0.1724 0.2153 0.0664 -0.0683
4.5500 0.1724 0.2153 0.0663 -0.0721
4.5667 0.1763 0.2074 0.0654 -0.0737
4.5833 0.1763 0.2074 0.0670 -0.0804
4.6000 0.1790 0.1989 0.0672 -0.0840
4.6167 0.1790 0.1989 0.0687 -0.0923
4.6333 0.1815 0.1935 0.0688 -0.0968
4.6500 0.1815 0.1935 0.0700 -0.1032
4.6667 0.1815 0.1935 0.0699 -0.1062
4.6833 0.1833 0.1877 0.0689 -0.1068
4.7000 0.1833 0.1877 0.0686 -0.1105
4.7167 0.1863 0.1819 0.0675 -0.1116
4.7333 0.1863 0.1819 0.0683 -0.1156
4.7500 0.1863 0.1819 0.0679 -0.1168
4.7667 0.1891 0.1758 0.0667 -0.1160
4.7833 0.1891 0.1758 0.0672 -0.1189
4.8000 0.1919 0.1669 0.0666 -0.1193
4.8167 0.1919 0.1669 0.0677 -0.1253
4.8333 0.1941 0.1611 0.0675 -0.1277
4.8500 0.1941 0.1611 0.0683 -0.1325
4.8667 0.1941 0.1611 0.0678 -0.1340
4.8833 0.1969 0.1538 0.0666 -0.1332
4.9000 0.1969 0.1538 0.0671 -0.1369
4.9167 0.1977 0.1506 0.0665 -0.1375
4.9333 0.1977 0.1506 0.0659 -0.1387
4.9500 0.1977 0.1506 0.0645 -0.1376
4.9667 0.2007 0.1447 0.0627 -0.1349
4.9833 0.2007 0.1447 0.0631 -0.1361
5.0000 0.2031 0.1397 0.0624 -0.1349
5.0167 0.2031 0.1397 0.0631 -0.1365
5.0333 0.2107 0.1328 0.0627 -0.1357
5.0500 0.2107 0.1328 0.0679 -0.1390
5.0667 0.2107 0.1328 0.0706 -0.1394
5.0833 0.2134 0.1294 0.0715 -0.1377
5.1000 0.2134 0.1294 0.0734 -0.1375
5.1167 0.2147 0.1287 0.0736 -0.1353
5.1333 0.2147 0.1287 0.0739 -0.1326
5.1500 0.2147 0.1287 0.0731 -0.1288
5.1667 0.2188 0.1254 0.0715 -0.1244
5.1833 0.2188 0.1254 0.0727 -0.1224
5.2000 0.2238 0.1231 0.0726 -0.1193
5.2167 0.2238 0.1231 0.0756 -0.1174
5.2333 0.2263 0.1222 0.0767 -0.1144
5.2500 0.2263 0.1222 0.0785 -0.1115
5.2667 0.2263 0.1222 0.0786 -0.1080
5.2833 0.2299 0.1194 0.0776 -0.1040
5.3000 0.2299 0.1194 0.0789 -0.1021
5.3167 0.2359 0.1161 0.0786 -0.0994
5.3333 0.2359 0.1161 0.0824 -0.0989
5.3500 0.2359 0.1161 0.0839 -0.0971
5.3667 0.2470 0.1088 0.0838 -0.0945
5.3833 0.2470 0.1088 0.0917 -0.0975
5.4000 0.2471 0.1089 0.0960 -0.0983
5.4167 0.2471 0.1089 0.0977 -0.0973
5.4333 0.2504 0.1050 0.0976 -0.0953
5.4500 0.2504 0.1050 0.0989 -0.0959
5.4667 0.2549 0.1011 0.0984 -0.0949
5.4833 0.2549 0.1011 0.1004 -0.0962
5.5000 0.2549 0.1011 0.1005 -0.0957
5.5167 0.2605 0.0945 0.0991 -0.0941
5.5333 0.2623 0.0918 0.1014 -0.0971
5.5500 0.2623 0.0918 0.1031 -0.1001
5.5667 0.2665 0.0875 0.1029 -0.1008
5.5833 0.2665 0.0875 0.1047 -0.1035
5.6000 0.2665 0.0875 0.1046 -0.1039
5.6167 0.2702 0.0821 0.1030 -0.1028
5.6333 0.2702 0.0821 0.1037 -0.1051
5.6500 0.2727 0.0772 0.1026 -0.1052
5.6667 0.2727 0.0772 0.1026 -0.1080
5.6833 0.2773 0.0681 0.1011 -0.1083
5.7000 0.2773 0.0681 0.1025 -0.1147
5.7167 0.2773 0.0681 0.1020 -0.1175
5.7333 0.2816 0.0589 0.1003 -0.1178
5.7500 0.2816 0.0589 0.1013 -0.1241
5.7667 0.2816 0.0589 0.1006 -0.1267
5.7833 0.2854 0.0488 0.0987 -0.1268
5.8000 0.2866 0.0455 0.0992 -0.1335
5.8167 0.2866 0.0455 0.0991 -0.1391
5.8333 0.2889 0.0384 0.0977 -0.1410
5.8500 0.2889 0.0384 0.0973 -0.1463
5.8667 0.2889 0.0384 0.0957 -0.1479
5.8833 0.2907 0.0312 0.0932 -0.1470
5.9000 0.2907 0.0312 0.0917 -0.1504
5.9167 0.2940 0.0196 0.0893 -0.1506
5.9333 0.2940 0.0196 0.0892 -0.1583
5.9500 0.2940 0.0196 0.0879 -0.1614
5.9667 0.2963 0.0109 0.0858 -0.1614
5.9833 0.2971 0.0068 0.0851 -0.1664
6.0000 0.2973 0.0025 0.0840 -0.1709
6.0167 0.2973 0.0025 0.0823 -0.1753
6.0333 0.2981 -0.0019 0.0800 -0.1759
6.0500 0.2981 -0.0019 0.0779 -0.1776
6.0667 0.2999 -0.0157 0.0754 -0.1763
6.0833 0.2999 -0.0157 0.0741 -0.1844
6.1000 0.2999 -0.0157 0.0721 -0.1875
6.1167 0.3017 -0.0342 0.0698 -0.1870
6.1333 0.3017 -0.0342 0.0687 -0.1996
6.1500 0.3020 -0.0389 0.0670 -0.2055
6.1667 0.3020 -0.0389 0.0651 -0.2107
6.1833 0.3030 -0.0488 0.0629 -0.2113
6.2000 0.3030 -0.0488 0.0613 -0.2171
6.2167 0.3034 -0.0583 0.0593 -0.2181
6.2333 0.3034 -0.0583 0.0575 -0.2237
6.2500 0.3034 -0.0583 0.0554 -0.2245
6.2667 0.3039 -0.0684 0.0532 -0.2220
6.2833 0.3039 -0.0684 0.0514 -0.2255
6.3000 0.3042 -0.0824 0.0494 -0.2248
6.3167 0.3042 -0.0824 0.0475 -0.2328
6.3333 0.3046 -0.0971 0.0456 -0.2352
6.3500 0.3046 -0.0971 0.0439 -0.2458
6.3667 0.3046 -0.0971 0.0422 -0.2498
6.3833 0.3047 -0.1040 0.0404 -0.2491
6.4000 0.3045 -0.1081 0.0387 -0.2509
6.4167 0.3044 -0.1126 0.0367 -0.2521
6.4333 0.3044 -0.1126 0.0348 -0.2532
6.4500 0.3040 -0.1204 0.0330 -0.2504
6.4667 0.3040 -0.1204 0.0310 -0.2515
6.4833 0.3001 -0.1313 0.0291 -0.2487
6.5000 0.3001 -0.1313 0.0241 -0.2525
6.5167 0.3001 -0.1313 0.0203 -0.2516
6.5333 0.2985 -0.1403 0.0174 -0.2474
6.5500 0.2977 -0.1424 0.0139 -0.2487
6.5667 0.2977 -0.1424 0.0105 -0.2478
6.5833 0.2942 -0.1447 0.0080 -0.2438
6.6000 0.2942 -0.1447 0.0032 -0.2395
6.6167 0.2942 -0.1447 -0.0001 -0.2332
6.6333 0.2928 -0.1487 -0.0024 -0.2256
6.6500 0.2928 -0.1487 -0.0052 -0.2205
6.6667 0.2888 -0.1508 -0.0070 -0.2139
6.6833 0.2888 -0.1508 -0.0116 -0.2080
6.7000 0.2888 -0.1508 -0.0145 -0.2011
6.7167 0.2846 -0.1528 -0.0164 -0.1934
6.7333 0.2837 -0.1529 -0.0209 -0.1872
6.7500 0.2837 -0.1529 -0.0245 -0.1803
6.7667 0.2829 -0.1531 -0.0267 -0.1730
6.7833 0.2829 -0.1531 -0.0285 -0.1657
6.8000 0.2829 -0.1531 -0.0293 -0.1583
6.8167 0.2803 -0.1532 -0.0295 -0.1510
6.8333 0.2803 -0.1532 -0.0314 -0.1438
6.8500 0.2777 -0.1519 -0.0323 -0.1369
6.8667 0.2777 -0.1519 -0.0346 -0.1291
6.8833 0.2729 -0.1472 -0.0357 -0.1219
6.9000 0.2729 -0.1472 -0.0400 -0.1113
6.9167 0.2729 -0.1472 -0.0424 -0.1024
6.9333 0.2702 -0.1409 -0.0435 -0.0947
6.9500 0.2681 -0.1372 -0.0460 -0.0829
6.9667 0.2681 -0.1372 -0.0488 -0.0703
6.9833 0.2663 -0.1325 -0.0501 -0.0606
7.0000 0.2663 -0.1325 -0.0518 -0.0492
7.0167 0.2663 -0.1325 -0.0522 -0.0405
7.0333 0.2630 -0.1256 -0.0518 -0.0339
7.0500 0.2630 -0.1256 -0.0535 -0.0231
7.0667 0.2616 -0.1199 -0.0540 -0.0153
7.0833 0.2616 -0.1199 -0.0547 -0.0049
7.1000 0.2616 -0.1199 -0.0544 0.0024
7.1167 0.2597 -0.1141 -0.0535 0.0074
7.1333 0.2597 -0.1141 -0.0537 0.0156
7.1500 0.2597 -0.1141 -0.0531 0.0211
7.1667 0.2582 -0.1033 -0.0520 0.0246
7.1833 0.2582 -0.1033 -0.0517 0.0357
7.2000 0.2582 -0.1033 -0.0507 0.0430
7.2167 0.2563 -0.0968 -0.0494 0.0474
7.2333 0.2563 -0.0968 -0.0494 0.0552
7.2500 0.2563 -0.0968 -0.0488 0.0599
7.2667 0.2550 -0.0917 -0.0476 0.0623
7.2833 0.2550 -0.0917 -0.0472 0.0674
7.3000 0.2535 -0.0879 -0.0463 0.0700
7.3167 0.2535 -0.0879 -0.0462 0.0740
7.3333 0.2535 -0.0879 -0.0456 0.0757
7.3500 0.2518 -0.0858 -0.0444 0.0759
7.3667 0.2511 -0.0854 -0.0445 0.0767
7.3833 0.2511 -0.0854 -0.0445 0.0765
7.4000 0.2504 -0.0850 -0.0439 0.0754
7.4167 0.2504 -0.0850 -0.0434 0.0738
7.4333 0.2490 -0.0849 -0.0425 0.0717
7.4500 0.2490 -0.0849 -0.0424 0.0693
7.4667 0.2490 -0.0849 -0.0418 0.0667
7.4833 0.2471 -0.0873 -0.0408 0.0640
7.5000 0.2464 -0.0884 -0.0411 0.0592
7.5167 0.2464 -0.0884 -0.0412 0.0541
7.5333 0.2464 -0.0884 -0.0408 0.0499
7.5500 0.2454 -0.0921 -0.0399 0.0462
7.5667 0.2454 -0.0921 -0.0396 0.0400
7.5833 0.2443 -0.0973 -0.0388 0.0351
7.6000 0.2443 -0.0973 -0.0387 0.0269
7.6167 0.2427 -0.1053 -0.0381 0.0208
7.6333 0.2427 -0.1053 -0.0384 0.0095
7.6500 0.2427 -0.1053 -0.0381 0.0016
7.6667 0.2399 -0.1153 -0.0374 -0.0039
7.6833 0.2391 -0.1190 -0.0387 -0.0161
7.7000 0.2391 -0.1190 -0.0398 -0.0274
7.7167 0.2379 -0.1257 -0.0399 -0.0348
7.7333 0.2379 -0.1257 -0.0405 -0.0451
7.7500 0.2379 -0.1257 -0.0404 -0.0516
7.7667 0.2362 -0.1338 -0.0397 -0.0554
7.7833 0.2362 -0.1338 -0.0401 -0.0640
7.8000 0.2346 -0.1420 -0.0398 -0.0692
7.8167 0.2346 -0.1420 -0.0404 -0.0786
7.8333 0.2321 -0.1535 -0.0403 -0.0840
7.8500 0.2321 -0.1535 -0.0417 -0.0963
7.8667 0.2321 -0.1535 -0.0421 -0.1034
7.8833 0.2300 -0.1640 -0.0418 -0.1070
7.9000 0.2303 -0.1684 -0.0427 -0.1167
7.9167 0.2303 -0.1684 -0.0425 -0.1255
7.9333 0.2287 -0.1747 -0.0418 -0.1299
7.9500 0.2287 -0.1747 -0.0421 -0.1364
7.9667 0.2287 -0.1747 -0.0417 -0.1390
7.9833 0.2275 -0.1821 -0.0408 -0.1389
8.0000 0.2275 -0.1821 -0.0407 -0.1431
8.0167 0.2275 -0.1821 -0.0400 -0.1440
8.0333 0.2251 -0.1918 -0.0389 -0.1426
8.0500 0.2251 -0.1918 -0.0397 -0.1477
8.0667 0.2251 -0.1918 -0.0396 -0.1492
8.0833 0.2234 -0.2006 -0.0390 -0.1482
8.1000 0.2234 -0.2006 -0.0395 -0.1528
8.1167 0.2234 -0.2006 -0.0392 -0.1539
8.1333 0.2221 -0.2102 -0.0385 -0.1525
8.1500 0.2218 -0.2132 -0.0386 -0.1574
8.1667 0.2218 -0.2132 -0.0384 -0.1611
8.1833 0.2213 -0.2160 -0.0378 -0.1615
8.2000 0.2213 -0.2160 -0.0372 -0.1617
8.2167 0.2213 -0.2160 -0.0363 -0.1597
8.2333 0.2184 -0.2284 -0.0351 -0.1561
8.2500 0.2184 -0.2284 -0.0363 -0.1617
8.2667 0.2171 -0.2335 -0.0366 -0.1634
8.2833 0.2166 -0.2375 -0.0373 -0.1666
8.3000 0.2164 -0.2400 -0.0377 -0.1698
8.3167 0.2164 -0.2400 -0.0377 -0.1718
8.3333 0.2155 -0.2428 -0.0371 -0.1708
8.3500 0.2155 -0.2428 -0.0369 -0.1700
8.3667 0.2150 -0.2502 -0.0363 -0.1671
8.3833 0.2150 -0.2502 -0.0358 -0.1689
8.4000 0.2150 -0.2502 -0.0349 -0.1678
8.4167 0.2129 -0.2605 -0.0339 -0.1648
8.4333 0.2129 -0.2605 -0.0344 -0.1690
8.4500 0.2107 -0.2700 -0.0342 -0.1695
8.4667 0.2083 -0.2728 -0.0356 -0.1755
8.4833 0.2075 -0.2765 -0.0379 -0.1795
8.5000 0.2075 -0.2765 -0.0397 -0.1829
8.5167 0.2055 -0.2838 -0.0404 -0.1827
8.5333 0.2055 -0.2838 -0.0420 -0.1861
8.5500 0.2032 -0.2898 -0.0426 -0.1859
8.5667 0.2032 -0.2898 -0.0442 -0.1882
8.5833 0.2009 -0.2978 -0.0448 -0.1871
8.6000 0.2009 -0.2978 -0.0465 -0.1904
8.6167 0.2009 -0.2978 -0.0470 -0.1901
8.6333 0.1983 -0.3085 -0.0467 -0.1872
8.6500 0.1983 -0.3085 -0.0480 -0.1916
8.6667 0.1947 -0.3182 -0.0483 -0.1919
8.6833 0.1938 -0.3213 -0.0508 -0.1976
8.7000 0.1938 -0.3213 -0.0526 -0.2014
8.7167 0.1938 -0.3213 -0.0531 -0.2012
8.7333 0.1910 -0.3284 -0.0528 -0.1983
8.7500 0.1910 -0.3284 -0.0541 -0.1994
8.7667 0.1889 -0.3343 -0.0542 -0.1974
8.7833 0.1889 -0.3343 -0.0553 -0.1982
8.8000 0.1889 -0.3343 -0.0553 -0.1960
8.8167 0.1858 -0.3405 -0.0545 -0.1918
8.8333 0.1858 -0.3405 -0.0559 -0.1913
8.8500 0.1823 -0.3499 -0.0560 -0.1883
8.8667 0.1823 -0.3499 -0.0582 -0.1916
8.8833 0.1780 -0.3593 -0.0590 -0.1911
8.9000 0.1760 -0.3624 -0.0623 -0.1960
8.9167 0.1760 -0.3624 -0.0654 -0.1992
8.9333 0.1760 -0.3624 -0.0666 -0.1987
8.9500 0.1740 -0.3683 -0.0666 -0.1956
8.9667 0.1740 -0.3683 -0.0673 -0.1956
8.9833 0.1740 -0.3683 -0.0668 -0.1929
9.0000 0.1703 -0.3761 -0.0656 -0.1884
9.0167 0.1703 -0.3761 -0.0669 -0.1891
9.0333 0.1655 -0.3830 -0.0668 -0.1869
9.0500 0.1638 -0.3844 -0.0699 -0.1886
9.0667 0.1638 -0.3844 -0.0724 -0.1883
9.0833 0.1624 -0.3861 -0.0732 -0.1854
9.1000 0.1624 -0.3861 -0.0739 -0.1824
9.1167 0.1624 -0.3861 -0.0733 -0.1777
9.1333 0.1587 -0.3899 -0.0719 -0.1720
9.1500 0.1587 -0.3899 -0.0730 -0.1687
9.1667 0.1553 -0.3914 -0.0728 -0.1641
9.1833 0.1544 -0.3920 -0.0745 -0.1599
9.2000 0.1529 -0.3923 -0.0753 -0.1553
9.2167 0.1529 -0.3923 -0.0761 -0.1502
9.2333 0.1517 -0.3925 -0.0756 -0.1445
9.2500 0.1517 -0.3925 -0.0752 -0.1388
9.2667 0.1481 -0.3929 -0.0739 -0.1328
9.2833 0.1481 -0.3929 -0.0749 -0.1272
9.3000 0.1481 -0.3929 -0.0746 -0.1216
9.3167 0.1433 -0.3903 -0.0734 -0.1159
9.3333 0.1433 -0.3903 -0.0755 -0.1082
9.3500 0.1403 -0.3868 -0.0759 -0.1013
9.3667 0.1371 -0.3824 -0.0777 -0.0922
9.3833 0.1371 -0.3824 -0.0805 -0.0809
9.4000 0.1371 -0.3824 -0.0813 -0.0719
9.4167 0.1357 -0.3763 -0.0807 -0.0647
9.4333 0.1357 -0.3763 -0.0804 -0.0537
9.4500 0.1357 -0.3763 -0.0790 -0.0454
9.4667 0.1321 -0.3668 -0.0770 -0.0389
9.4833 0.1321 -0.3668 -0.0775 -0.0260
9.5000 0.1293 -0.3577 -0.0769 -0.0166
9.5167 0.1293 -0.3577 -0.0776 -0.0022
9.5333 0.1282 -0.3539 -0.0771 0.0078
9.5500 0.1282 -0.3539 -0.0766 0.0178
9.5667 0.1256 -0.3470 -0.0751 0.0245
9.5833 0.1256 -0.3470 -0.0752 0.0346
9.6000 0.1244 -0.3398 -0.0742 0.0411
9.6167 0.1244 -0.3398 -0.0736 0.0510
9.6333 0.1224 -0.3279 -0.0721 0.0572
9.6500 0.1224 -0.3279 -0.0717 0.0707
9.6667 0.1224 -0.3279 -0.0704 0.0791
9.6833 0.1185 -0.3153 -0.0685 0.0838
9.7000 0.1171 -0.3109 -0.0695 0.0964
9.7167 0.1171 -0.3109 -0.0704 0.1074
9.7333 0.1153 -0.3060 -0.0701 0.1136
9.7500 0.1153 -0.3060 -0.0703 0.1205
9.7667 0.1153 -0.3060 -0.0695 0.1235
9.7833 0.1126 -0.2919 -0.0680 0.1240
9.8000 0.1126 -0.2919 -0.0683 0.1343
9.8167 0.1126 -0.2919 -0.0675 0.1396
9.8333 0.1111 -0.2763 -0.0661 0.1414
9.8500 0.1111 -0.2763 -0.0654 0.1536
9.8667 0.1086 -0.2597 -0.0640 0.1599
9.8833 0.1084 -0.2550 -0.0643 0.1760
9.9000 0.1084 -0.2550 -0.0637 0.1886
9.9167 0.1084 -0.2550 -0.0624 0.1948
9.9333 0.1076 -0.2442 -0.0606 0.1963
9.9500 0.1076 -0.2442 -0.0592 0.2037
9.9667 0.1061 -0.2325 -0.0574 0.2060
9.9833 0.1061 -0.2325 -0.0566 0.2144
10.0000 0.1061 -0.2325 -0.0553 0.2174
10.0167 0.1052 -0.2157 -0.0536 0.2164
10.0333 0.1052 -0.2157 -0.0524 0.2267
10.0500 0.1039 -0.2038 -0.0509 0.2308
10.0667 0.1034 -0.1982 -0.0502 0.2403
10.0833 0.1027 -0.1925 -0.0495 0.2482
10.1000 0.1027 -0.1925 -0.0488 0.2550
10.1167 0.1012 -0.1805 -0.0476 0.2562
10.1333 0.1012 -0.1805 -0.0475 0.2635
10.1500 0.1004 -0.1692 -0.0467 0.2649
10.1667 0.1004 -0.1692 -0.0462 0.2716
10.1833 0.0985 -0.1573 -0.0452 0.2725
10.2000 0.0985 -0.1573 -0.0455 0.2793
10.2167 0.0985 -0.1573 -0.0450 0.2801
10.2333 0.0970 -0.1387 -0.0441 0.2768
10.2500 0.0970 -0.1387 -0.0440 0.2861
10.2667 0.0963 -0.1270 -0.0434 0.2885
10.2833 0.0943 -0.1139 -0.0429 0.2961
10.3000 0.0943 -0.1139 -0.0437 0.3081
10.3167 0.0942 -0.1096 -0.0436 0.3121
10.3333 0.0942 -0.1096 -0.0431 0.3142
10.3500 0.0942 -0.1096 -0.0421 0.3113
10.3667 0.0924 -0.0980 -0.0408 0.3050
10.3833 0.0924 -0.0980 -0.0409 0.3060
10.4000 0.0916 -0.0832 -0.0404 0.3025
10.4167 0.0916 -0.0832 -0.0400 0.3081
10.4333 0.0918 -0.0737 -0.0393 0.3078
10.4500 0.0920 -0.0686 -0.0380 0.3112
10.4667 0.0913 -0.0662 -0.0365 0.3135
10.4833 0.0922 -0.0629 -0.0355 0.3127
10.5000 0.0922 -0.0629 -0.0336 0.3106
10.5167 0.0922 -0.0629 -0.0317 0.3048
10.5333 0.0909 -0.0532 -0.0301 0.2966
10.5500 0.0909 -0.0532 -0.0295 0.2947
10.5667 0.0905 -0.0436 -0.0288 0.2894
10.5833 0.0905 -0.0436 -0.0281 0.2897
10.6000 0.0905 -0.0436 -0.0273 0.2858
10.6167 0.0892 -0.0361 -0.0263 0.2792
10.6333 0.0884 -0.0324 -0.0264 0.2770
10.6500 0.0884 -0.0324 -0.0268 0.2747
10.6667 0.0867 -0.0301 -0.0266 0.2692
10.6833 0.0867 -0.0301 -0.0276 0.2637
10.7000 0.0867 -0.0301 -0.0278 0.2561
10.7167 0.0850 -0.0271 -0.0276 0.2473
10.7333 0.0850 -0.0271 -0.0285 0.2403
10.7500 0.0850 -0.0271 -0.0287 0.2320
10.7667 0.0830 -0.0246 -0.0285 0.2230
10.7833 0.0828 -0.0244 -0.0297 0.2158
10.8000 0.0828 -0.0244 -0.0302 0.2079
10.8167 0.0818 -0.0243 -0.0301 0.1996
10.8333 0.0818 -0.0243 -0.0306 0.1912
10.8500 0.0790 -0.0241 -0.0304 0.1826
10.8667 0.0790 -0.0241 -0.0322 0.1743
10.8833 0.0758 -0.0239 -0.0329 0.1661
10.9000 0.0742 -0.0238 -0.0357 0.1582
10.9167 0.0738 -0.0243 -0.0385 0.1506
10.9333 0.0738 -0.0243 -0.0402 0.1429
10.9500 0.0721 -0.0257 -0.0409 0.1355
10.9667 0.0721 -0.0257 -0.0422 0.1273
10.9833 0.0721 -0.0257 -0.0425 0.1199
11.0000 0.0681 -0.0288 -0.0421 0.1131
11.0167 0.0681 -0.0288 -0.0446 0.1041
11.0333 0.0650 -0.0336 -0.0458 0.0965
11.0500 0.0644 -0.0354 -0.0485 0.0858
11.0667 0.0642 -0.0376 -0.0502 0.0757
11.0833 0.0642 -0.0376 -0.0509 0.0658
11.1000 0.0632 -0.0434 -0.0506 0.0580
11.1167 0.0632 -0.0434 -0.0506 0.0469
11.1333 0.0618 -0.0495 -0.0499 0.0386
11.1500 0.0618 -0.0495 -0.0498 0.0272
11.1667 0.0618 -0.0495 -0.0490 0.0189
11.1833 0.0597 -0.0539 -0.0478 0.0128
11.2000 0.0597 -0.0539 -0.0481 0.0048
11.2167 0.0585 -0.0573 -0.0476 -0.0009
11.2333 0.0580 -0.0587 -0.0477 -0.0076
11.2500 0.0579 -0.0604 -0.0474 -0.0134
11.2667 0.0579 -0.0604 -0.0467 -0.0186
11.2833 0.0575 -0.0645 -0.0455 -0.0220
11.3000 0.0575 -0.0645 -0.0444 -0.0274
11.3167 0.0579 -0.0698 -0.0430 -0.0309
11.3333 0.0579 -0.0698 -0.0411 -0.0372
11.3500 0.0579 -0.0698 -0.0393 -0.0411
11.3667 0.0580 -0.0743 -0.0374 -0.0433
11.3833 0.0580 -0.0743 -0.0355 -0.0479
11.4000 0.0585 -0.0834 -0.0337 -0.0504
11.4167 0.0585 -0.0834 -0.0315 -0.0591
11.4333 0.0596 -0.0906 -0.0296 -0.0644
11.4500 0.0598 -0.0940 -0.0269 -0.0731
11.4667 0.0600 -0.0974 -0.0245 -0.0810
11.4833 0.0615 -0.1014 -0.0224 -0.0882
11.5000 0.0615 -0.1014 -0.0193 -0.0953
11.5167 0.0615 -0.1014 -0.0169 -0.0989
11.5333 0.0638 -0.1118 -0.0150 -0.1000
11.5500 0.0638 -0.1118 -0.0115 -0.1080
11.5667 0.0655 -0.1185 -0.0089 -0.1121
11.5833 0.0658 -0.1214 -0.0056 -0.1190
11.6000 0.0668 -0.1248 -0.0030 -0.1245
11.6167 0.0668 -0.1248 -0.0003 -0.1295
11.6333 0.0698 -0.1314 0.0015 -0.1311
11.6500 0.0698 -0.1314 0.0053 -0.1360
11.6667 0.0712 -0.1376 0.0078 -0.1375
11.6833 0.0712 -0.1376 0.0107 -0.1418
11.7000 0.0712 -0.1376 0.0126 -0.1428
11.7167 0.0750 -0.1472 0.0137 -0.1415
11.7333 0.0750 -0.1472 0.0175 -0.1467
11.7500 0.0762 -0.1530 0.0198 -0.1482
11.7667 0.0777 -0.1564 0.0222 -0.1520
11.7833 0.0785 -0.1589 0.0248 -0.1554
11.8000 0.0785 -0.1589 0.0269 -0.1576
11.8167 0.0791 -0.1617 0.0279 -0.1570
11.8333 0.0791 -0.1617 0.0288 -0.1567
11.8500 0.0822 -0.1701 0.0290 -0.1544
11.8667 0.0822 -0.1701 0.0314 -0.1576
11.8833 0.0849 -0.1756 0.0326 -0.1576
11.9000 0.0868 -0.1780 0.0352 -0.1601
11.9167 0.0870 -0.1804 0.0380 -0.1616
11.9333 0.0870 -0.1804 0.0397 -0.1623
11.9500 0.0885 -0.1851 0.0403 -0.1606
11.9667 0.0885 -0.1851 0.0414 -0.1611
11.9833 0.0904 -0.1897 0.0416 -0.1592
12.0000 0.0904 -0.1897 0.0427 -0.1595
12.0167 0.0904 -0.1897 0.0429 -0.1575
12.0333 0.0926 -0.1940 0.0424 -0.1539
12.0500 0.0926 -0.1940 0.0434 -0.1528
12.0667 0.0944 -0.1971 0.0435 -0.1500
12.0833 0.0955 -0.1989 0.0445 -0.1485
12.1000 0.0969 -0.2007 0.0454 -0.1470
12.1167 0.0969 -0.2007 0.0466 -0.1453
12.1333 0.0985 -0.2031 0.0467 -0.1422
12.1500 0.0985 -0.2031 0.0475 -0.1400
12.1667 0.1006 -0.2061 0.0474 -0.1365
12.1833 0.1006 -0.2061 0.0484 -0.1347
12.2000 0.1006 -0.2061 0.0485 -0.1316
12.2167 0.1024 -0.2095 0.0478 -0.1276
12.2333 0.1024 -0.2095 0.0483 -0.1259
12.2500 0.1037 -0.2114 0.0479 -0.1230
12.2667 0.1040 -0.2125 0.0480 -0.1208
12.2833 0.1050 -0.2141 0.0477 -0.1185
12.3000 0.1050 -0.2141 0.0476 -0.1166
12.3167 0.1060 -0.2160 0.0469 -0.1137
12.3333 0.1060 -0.2160 0.0466 -0.1117
12.3500 0.1069 -0.2190 0.0457 -0.1087
12.3667 0.1069 -0.2190 0.0452 -0.1076
12.3833 0.1069 -0.2190 0.0442 -0.1053
12.4000 0.1084 -0.2221 0.0429 -0.1023
12.4167 0.1084 -0.2221 0.0427 -0.1014
12.4333 0.1091 -0.2247 0.0420 -0.0993
12.4500 0.1093 -0.2250 0.0415 -0.0987
12.4667 0.1095 -0.2257 0.0408 -0.0971
12.4833 0.1095 -0.2257 0.0398 -0.0953
12.5000 0.1106 -0.2278 0.0386 -0.0927
12.5167 0.1106 -0.2278 0.0381 -0.0913
12.5333 0.1114 -0.2303 0.0372 -0.0891
12.5500 0.1114 -0.2303 0.0368 -0.0884
12.5667 0.1114 -0.2303 0.0360 -0.0867
12.5833 0.1122 -0.2314 0.0349 -0.0843
12.6000 0.1122 -0.2314 0.0344 -0.0824
12.6167 0.1132 -0.2341 0.0335 -0.0799
12.6333 0.1132 -0.2341 0.0332 -0.0793
12.6500 0.1132 -0.2341 0.0326 -0.0778
12.6667 0.1136 -0.2362 0.0317 -0.0757
12.6833 0.1137 -0.2370 0.0310 -0.0749
12.7000 0.1137 -0.2370 0.0301 -0.0740
12.7167 0.1146 -0.2400 0.0291 -0.0724
12.7333 0.1146 -0.2400 0.0288 -0.0727
12.7500 0.1146 -0.2400 0.0281 -0.0719
12.7667 0.1135 -0.2408 0.0273 -0.0704
12.7833 0.1135 -0.2408 0.0254 -0.0690
12.8000 0.1123 -0.2427 0.0238 -0.0671
12.8167 0.1123 -0.2427 0.0213 -0.0664
12.8333 0.1120 -0.2450 0.0193 -0.0650
12.8500 0.1120 -0.2450 0.0174 -0.0650
12.8667 0.1120 -0.2450 0.0158 -0.0642
12.8833 0.1096 -0.2478 0.0145 -0.0626
12.9000 0.1096 -0.2478 0.0113 -0.0631
12.9167 0.1091 -0.2502 0.0090 -0.0625
12.9333 0.1091 -0.2502 0.0068 -0.0632
12.9500 0.1091 -0.2502 0.0052 -0.0628
12.9667 0.1078 -0.2523 0.0040 -0.0617
12.9833 0.1078 -0.2523 0.0021 -0.0619
13.0000 0.1065 -0.2541 0.0008 -0.0611
13.0167 0.1065 -0.2541 -0.0013 -0.0612
13.0333 0.1043 -0.2568 -0.0027 -0.0604
13.0500 0.1043 -0.2568 -0.0055 -0.0613
13.0667 0.1043 -0.2568 -0.0073 -0.0610
13.0833 0.0993 -0.2586 -0.0085 -0.0600
13.1000 0.0993 -0.2586 -0.0134 -0.0600
13.1167 0.0973 -0.2591 -0.0166 -0.0592
13.1333 0.0973 -0.2591 -0.0203 -0.0582
13.1500 0.0973 -0.2591 -0.0226 -0.0567
13.1667 0.0882 -0.2592 -0.0239 -0.0549
13.1833 0.0882 -0.2592 -0.0320 -0.0528
13.2000 0.0916 -0.2608 -0.0372 -0.0507
13.2167 0.0916 -0.2608 -0.0374 -0.0499
13.2333 0.0872 -0.2626 -0.0370 -0.0486
13.2500 0.0872 -0.2626 -0.0400 -0.0486
13.2667 0.0872 -0.2626 -0.0414 -0.0479
13.2833 0.0848 -0.2641 -0.0419 -0.0467
13.3000 0.0848 -0.2641 -0.0436 -0.0465
13.3167 0.0810 -0.2661 -0.0442 -0.0457
13.3333 0.0810 -0.2661 -0.0472 -0.0462
13.3500 0.0810 -0.2661 -0.0486 -0.0459
13.3667 0.0774 -0.2681 -0.0489 -0.0451
13.3833 0.0774 -0.2681 -0.0515 -0.0455
13.4000 0.0730 -0.2705 -0.0525 -0.0452
13.4167 0.0730 -0.2705 -0.0562 -0.0463
13.4333 0.0695 -0.2721 -0.0579 -0.0465
13.4500 0.0695 -0.2721 -0.0613 -0.0473
13.4667 0.0695 -0.2721 -0.0628 -0.0473
13.4833 0.0664 -0.2741 -0.0629 -0.0465
13.5000 0.0664 -0.2741 -0.0647 -0.0470
13.5167 0.0614 -0.2756 -0.0651 -0.0467
13.5333 0.0614 -0.2756 -0.0685 -0.0470
13.5500 0.0614 -0.2756 -0.0700 -0.0466
13.5667 0.0580 -0.2773 -0.0700 -0.0457
13.5833 0.0580 -0.2773 -0.0720 -0.0459
13.6000 0.0580 -0.2773 -0.0723 -0.0453
13.6167 0.0497 -0.2808 -0.0715 -0.0443
13.6333 0.0497 -0.2808 -0.0769 -0.0460
13.6500 0.0497 -0.2808 -0.0796 -0.0465
13.6667 0.0410 -0.2852 -0.0804 -0.0462
13.6833 0.0391 -0.2869 -0.0870 -0.0490
13.7000 0.0391 -0.2869 -0.0921 -0.0517
13.7167 0.0354 -0.2902 -0.0943 -0.0528
13.7333 0.0354 -0.2902 -0.0976 -0.0556
13.7500 0.0354 -0.2902 -0.0985 -0.0568
13.7667 0.0269 -0.2929 -0.0978 -0.0568
13.7833 0.0269 -0.2929 -0.1030 -0.0583
13.8000 0.0247 -0.2944 -0.1052 -0.0585
13.8167 0.0247 -0.2944 -0.1071 -0.0591
13.8333 0.0202 -0.2970 -0.1069 -0.0588
13.8500 0.0202 -0.2970 -0.1091 -0.0598
13.8667 0.0202 -0.2970 -0.1090 -0.0597
13.8833 0.0152 -0.2995 -0.1075 -0.0588
13.9000 0.0152 -0.2995 -0.1092 -0.0595
13.9167 0.0087 -0.3031 -0.1088 -0.0591
13.9333 0.0087 -0.3031 -0.1124 -0.0610
13.9500 0.0087 -0.3031 -0.1134 -0.0615
13.9667 0.0026 -0.3063 -0.1125 -0.0609
13.9833 0.0026 -0.3063 -0.1154 -0.0624
14.0000 -0.0047 -0.3096 -0.1158 -0.0626
14.0167 -0.0047 -0.3096 -0.1206 -0.0646
14.0333 -0.0092 -0.3122 -0.1222 -0.0651
14.0500 -0.0092 -0.3122 -0.1253 -0.0667
14.0667 -0.0092 -0.3122 -0.1258 -0.0668
14.0833 -0.0135 -0.3143 -0.1243 -0.0660
14.1000 -0.0135 -0.3143 -0.1252 -0.0663
14.1167 -0.0206 -0.3170 -0.1241 -0.0656
14.1333 -0.0206 -0.3170 -0.1275 -0.0665
14.1500 -0.0206 -0.3170 -0.1281 -0.0661
14.1667 -0.0279 -0.3195 -0.1267 -0.0650
14.1833 -0.0279 -0.3195 -0.1300 -0.0653
14.2000 -0.0279 -0.3195 -0.1306 -0.0646
14.2167 -0.0348 -0.3221 -0.1291 -0.0632
14.2333 -0.0348 -0.3221 -0.1321 -0.0636
14.2500 -0.0387 -0.3236 -0.1323 -0.0630
14.2667 -0.0387 -0.3236 -0.1339 -0.0629
14.2833 -0.0442 -0.3269 -0.1331 -0.0620
14.3000 -0.0442 -0.3269 -0.1353 -0.0633
14.3167 -0.0442 -0.3269 -0.1350 -0.0633
14.3333 -0.0484 -0.3298 -0.1328 -0.0624
14.3500 -0.0484 -0.3298 -0.1330 -0.0633
14.3667 -0.0529 -0.3332 -0.1313 -0.0631
14.3833 -0.0529 -0.3332 -0.1321 -0.0648
14.4000 -0.0529 -0.3332 -0.1308 -0.0652
14.4167 -0.0590 -0.3393 -0.1280 -0.0645
14.4333 -0.0590 -0.3393 -0.1294 -0.0683
14.4500 -0.0616 -0.3456 -0.1286 -0.0700
14.4667 -0.0657 -0.3517 -0.1284 -0.0754
14.4833 -0.0657 -0.3517 -0.1300 -0.0831
14.5000 -0.0657 -0.3517 -0.1292 -0.0874
14.5167 -0.0676 -0.3547 -0.1269 -0.0891
14.5333 -0.0676 -0.3547 -0.1251 -0.0916
14.5500 -0.0741 -0.3672 -0.1220 -0.0920
14.5667 -0.0741 -0.3672 -0.1237 -0.1015
14.5833 -0.0779 -0.3743 -0.1232 -0.1067
14.6000 -0.0797 -0.3780 -0.1242 -0.1147
14.6167 -0.0813 -0.3817 -0.1248 -0.1218
14.6333 -0.0813 -0.3817 -0.1247 -0.1281
14.6500 -0.0829 -0.3854 -0.1229 -0.1307
14.6667 -0.0829 -0.3854 -0.1213 -0.1338
14.6833 -0.0862 -0.3934 -0.1185 -0.1341
14.7000 -0.0862 -0.3934 -0.1177 -0.1391
14.7167 -0.0862 -0.3934 -0.1154 -0.1406
14.7333 -0.0893 -0.4015 -0.1123 -0.1397
14.7500 -0.0893 -0.4015 -0.1112 -0.1439
14.7667 -0.0942 -0.4150 -0.1088 -0.1449
14.7833 -0.0942 -0.4150 -0.1097 -0.1547
14.8000 -0.0942 -0.4150 -0.1088 -0.1594
14.8167 -0.0977 -0.4295 -0.1067 -0.1604
14.8333 -0.0990 -0.4350 -0.1067 -0.1710
14.8500 -0.0999 -0.4396 -0.1063 -0.1806
14.8667 -0.0999 -0.4396 -0.1053 -0.1886
14.8833 -0.1014 -0.4451 -0.1031 -0.1916
14.9000 -0.1014 -0.4451 -0.1014 -0.1955
14.9167 -0.1040 -0.4556 -0.0988 -0.1956
14.9333 -0.1040 -0.4556 -0.0978 -0.2016
14.9500 -0.1040 -0.4556 -0.0957 -0.2031
14.9667 -0.1067 -0.4780 -0.0930 -0.2012
14.9833 -0.1067 -0.4780 -0.0920 -0.2158
15.0000 -0.1077 -0.4897 -0.0901 -0.2229
15.0167 -0.1086 -0.4954 -0.0883 -0.2345
15.0333 -0.1096 -0.5070 -0.0866 -0.2441
15.0500 -0.1096 -0.5070 -0.0850 -0.2571
15.0667 -0.1103 -0.5133 -0.0828 -0.2625
15.0833 -0.1103 -0.5133 -0.0806 -0.2678
15.1000 -0.1103 -0.5133 -0.0780 -0.2678
15.1167 -0.1115 -0.5307 -0.0751 -0.2641
15.1333 -0.1115 -0.5307 -0.0730 -0.2724
15.1500 -0.1119 -0.5426 -0.0706 -0.2744
15.1667 -0.1122 -0.5485 -0.0683 -0.2818
15.1833 -0.1126 -0.5543 -0.0659 -0.2880
15.2000 -0.1126 -0.5543 -0.0638 -0.2932
15.2167 -0.1131 -0.5659 -0.0614 -0.2927
15.2333 -0.1131 -0.5659 -0.0592 -0.2979
15.2500 -0.1131 -0.5659 -0.0569 -0.2974
15.2667 -0.1134 -0.5829 -0.0545 -0.2929
15.2833 -0.1134 -0.5829 -0.0523 -0.2999
15.3000 -0.1137 -0.5942 -0.0501 -0.3007
15.3167 -0.1137 -0.5942 -0.0481 -0.3064
15.3333 -0.1137 -0.6052 -0.0460 -0.3060
15.3500 -0.1137 -0.6052 -0.0440 -0.3108
15.3667 -0.1137 -0.6052 -0.0419 -0.3097
15.3833 -0.1136 -0.6158 -0.0399 -0.3047
15.4000 -0.1136 -0.6158 -0.0379 -0.3059
15.4167 -0.1130 -0.6312 -0.0360 -0.3024
15.4333 -0.1130 -0.6312 -0.0336 -0.3086
15.4500 -0.1130 -0.6312 -0.0315 -0.3087
15.4667 -0.1123 -0.6413 -0.0296 -0.3044
15.4833 -0.1123 -0.6413 -0.0273 -0.3057
15.5000 -0.1115 -0.6507 -0.0253 -0.3023
15.5167 -0.1115 -0.6507 -0.0229 -0.3035
15.5333 -0.1103 -0.6631 -0.0209 -0.3001
15.5500 -0.1103 -0.6631 -0.0183 -0.3040
15.5667 -0.1103 -0.6631 -0.0162 -0.3024
15.5833 -0.1080 -0.6771 -0.0145 -0.2971
15.6000 -0.1073 -0.6802 -0.0112 -0.3010
15.6167 -0.1073 -0.6802 -0.0082 -0.3021
15.6333 -0.1056 -0.6855 -0.0060 -0.2987
15.6500 -0.1056 -0.6855 -0.0030 -0.2965
15.6667 -0.1056 -0.6855 -0.0009 -0.2909
15.6833 -0.1042 -0.6901 0.0006 -0.2830
15.7000 -0.1042 -0.6901 0.0028 -0.2774
15.7167 -0.1027 -0.6940 0.0044 -0.2697
15.7333 -0.1027 -0.6940 0.0066 -0.2638
15.7500 -0.1027 -0.6940 0.0080 -0.2561
15.7667 -0.1012 -0.6972 0.0089 -0.2471
15.7833 -0.1012 -0.6972 0.0107 -0.2401
15.8000 -0.0977 -0.7009 0.0117 -0.2319
15.8167 -0.0977 -0.7009 0.0153 -0.2261
15.8333 -0.0950 -0.7017 0.0175 -0.2189
15.8500 -0.0950 -0.7017 0.0210 -0.2115
15.8667 -0.0926 -0.7020 0.0232 -0.2035
15.8833 -0.0926 -0.7020 0.0265 -0.1953
15.9000 -0.0926 -0.7020 0.0283 -0.1870
15.9167 -0.0908 -0.7022 0.0293 -0.1785
15.9333 -0.0908 -0.7022 0.0310 -0.1703
15.9500 -0.0908 -0.7022 0.0317 -0.1622
15.9667 -0.0883 -0.7021 0.0318 -0.1544
15.9833 -0.0883 -0.7021 0.0335 -0.1467
16.0000 -0.0868 -0.7014 0.0341 -0.1394
16.0167 -0.0861 -0.7007 0.0354 -0.1317
16.0333 -0.0855 -0.6988 0.0364 -0.1240
16.0500 -0.0855 -0.6988 0.0371 -0.1153
16.0667 -0.0820 -0.6966 0.0371 -0.1077
16.0833 -0.0820 -0.6966 0.0395 -0.0990
16.1000 -0.0820 -0.6966 0.0406 -0.0917
16.1167 -0.0784 -0.6916 0.0408 -0.0853
16.1333 -0.0784 -0.6916 0.0434 -0.0755
16.1500 -0.0759 -0.6866 0.0446 -0.0676
16.1667 -0.0759 -0.6866 0.0468 -0.0570
16.1833 -0.0709 -0.6807 0.0477 -0.0489
16.2000 -0.0709 -0.6807 0.0518 -0.0376
16.2167 -0.0709 -0.6807 0.0540 -0.0292
16.2333 -0.0693 -0.6750 0.0548 -0.0230
16.2500 -0.0693 -0.6750 0.0559 -0.0136
16.2667 -0.0649 -0.6674 0.0559 -0.0069
16.2833 -0.0649 -0.6674 0.0588 0.0042
16.3000 -0.0649 -0.6674 0.0600 0.0119
16.3167 -0.0597 -0.6669 0.0600 0.0170
16.3333 -0.0597 -0.6669 0.0635 0.0207
16.3500 -0.0578 -0.6551 0.0651 0.0230
16.3667 -0.0578 -0.6551 0.0668 0.0341
16.3833 -0.0565 -0.6504 0.0671 0.0414
16.4000 -0.0565 -0.6504 0.0674 0.0498
16.4167 -0.0565 -0.6504 0.0667 0.0549
16.4333 -0.0550 -0.6317 0.0653 0.0577
16.4500 -0.0550 -0.6317 0.0647 0.0744
16.4667 -0.0552 -0.6216 0.0633 0.0850
16.4833 -0.0544 -0.6169 0.0613 0.0996
16.5000 -0.0544 -0.6169 0.0598 0.1123
16.5167 -0.0543 -0.6118 0.0579 0.1195
16.5333 -0.0543 -0.6118 0.0558 0.1272
16.5500 -0.0528 -0.5984 0.0536 0.1308
16.5667 -0.0528 -0.5984 0.0526 0.1426
16.5833 -0.0507 -0.5854 0.0512 0.1489
16.6000 -0.0507 -0.5854 0.0513 0.1619
16.6167 -0.0507 -0.5854 0.0506 0.1687
16.6333 -0.0495 -0.5695 0.0494 0.1711
16.6500 -0.0495 -0.5695 0.0489 0.1837
16.6667 -0.0436 -0.5593 0.0478 0.1899
16.6833 -0.0436 -0.5593 0.0513 0.2001
16.7000 -0.0436 -0.5593 0.0530 0.2044
16.7167 -0.0380 -0.5573 0.0535 0.2045
16.7333 -0.0380 -0.5573 0.0578 0.2034
16.7500 -0.0377 -0.5549 0.0599 0.1998
16.7667 -0.0377 -0.5549 0.0609 0.1966
16.7833 -0.0338 -0.5393 0.0607 0.1916
16.8000 -0.0338 -0.5393 0.0629 0.1985
16.8167 -0.0338 -0.5393 0.0637 0.2005
16.8333 -0.0318 -0.5293 0.0633 0.1991
16.8500 -0.0318 -0.5293 0.0637 0.2037
16.8667 -0.0161 -0.5160 0.0632 0.2041
16.8833 -0.0161 -0.5160 0.0750 0.2126
16.9000 -0.0161 -0.5160 0.0822 0.2156
16.9167 -0.0127 -0.5053 0.0860 0.2147
16.9333 -0.0127 -0.5053 0.0904 0.2200
16.9500 -0.0099 -0.4957 0.0921 0.2206
16.9667 -0.0099 -0.4957 0.0944 0.2260
16.9833 -0.0027 -0.4829 0.0947 0.2265
17.0000 -0.0027 -0.4829 0.0996 0.2345
17.0167 -0.0027 -0.4829 0.1016 0.2367
17.0333 0.0004 -0.4732 0.1015 0.2350
17.0500 0.0004 -0.4732 0.1027 0.2386
17.0667 0.0032 -0.4631 0.1020 0.2377
17.0833 0.0032 -0.4631 0.1025 0.2423
17.1000 0.0032 -0.4631 0.1014 0.2422
17.1167 0.0051 -0.4581 0.0993 0.2387
17.1333 0.0051 -0.4581 0.0980 0.2371
17.1500 0.0134 -0.4465 0.0957 0.2326
17.1667 0.0134 -0.4465 0.0997 0.2360
17.1833 0.0176 -0.4296 0.1011 0.2351
17.2000 0.0176 -0.4296 0.1042 0.2453
17.2167 0.0176 -0.4296 0.1049 0.2489
17.2333 0.0279 -0.4239 0.1040 0.2480
17.2500 0.0279 -0.4239 0.1104 0.2487
17.2667 0.0440 -0.4184 0.1134 0.2457
17.2833 0.0440 -0.4184 0.1272 0.2448
17.3000 0.0440 -0.4184 0.1351 0.2408
17.3167 0.0488 -0.4059 0.1387 0.2346
17.3333 0.0488 -0.4059 0.1433 0.2375
17.3500 0.0565 -0.3894 0.1445 0.2362
17.3667 0.0565 -0.3894 0.1498 0.2458
17.3833 0.0626 -0.3758 0.1513 0.2491
17.4000 0.0626 -0.3758 0.1554 0.2592
17.4167 0.0626 -0.3758 0.1561 0.2627
17.4333 0.0662 -0.3630 0.1544 0.2614
17.4500 0.0662 -0.3630 0.1541 0.2675
17.4667 0.0707 -0.3453 0.1517 0.2681
17.4833 0.0707 -0.3453 0.1516 0.2795
17.5000 0.0707 -0.3453 0.1495 0.2836
17.5167 0.0795 -0.3199 0.1460 0.2825
17.5333 0.0820 -0.3141 0.1489 0.2989
17.5500 0.0820 -0.3141 0.1508 0.3110
17.5667 0.0848 -0.3020 0.1501 0.3151
17.5833 0.0848 -0.3020 0.1499 0.3237
17.6000 0.0848 -0.3020 0.1477 0.3251
17.6167 0.0875 -0.2894 0.1440 0.3216
17.6333 0.0875 -0.2894 0.1418 0.3252
17.6500 0.0891 -0.2790 0.1383 0.3232
17.6667 0.0891 -0.2790 0.1352 0.3260
17.6833 0.0958 -0.2631 0.1312 0.3234
17.7000 0.0958 -0.2631 0.1321 0.3304
17.7167 0.0958 -0.2631 0.1309 0.3306
17.7333 0.0981 -0.2484 0.1283 0.3261
17.7500 0.0996 -0.2426 0.1266 0.3308
17.7667 0.0996 -0.2426 0.1249 0.3343
17.7833 0.1032 -0.2327 0.1221 0.3321
17.8000 0.1032 -0.2327 0.1213 0.3341
17.8167 0.1032 -0.2327 0.1191 0.3309
17.8333 0.1067 -0.2232 0.1160 0.3241
17.8500 0.1067 -0.2232 0.1151 0.3227
17.8667 0.1096 -0.2139 0.1128 0.3173
17.8833 0.1096 -0.2139 0.1122 0.3169
17.9000 0.1096 -0.2139 0.1102 0.3122
17.9167 0.1133 -0.2021 0.1072 0.3047
17.9333 0.1133 -0.2021 0.1068 0.3050
17.9500 0.1184 -0.1911 0.1050 0.3010
17.9667 0.1202 -0.1875 0.1066 0.3033
17.9833 0.1202 -0.1875 0.1076 0.3036
18.0000 0.1202 -0.1875 0.1069 0.2996
18.0167 0.1239 -0.1812 0.1049 0.2927
18.0333 0.1239 -0.1812 0.1052 0.2890
18.0500 0.1282 -0.1753 0.1039 0.2825
18.0667 0.1282 -0.1753 0.1051 0.2789
18.0833 0.1346 -0.1674 0.1045 0.2725
18.1000 0.1346 -0.1674 0.1080 0.2709
18.1167 0.1346 -0.1674 0.1089 0.2660
18.1333 0.1401 -0.1591 0.1081 0.2589
18.1500 0.1419 -0.1566 0.1105 0.2573
18.1667 0.1419 -0.1566 0.1122 0.2548
18.1833 0.1482 -0.1525 0.1118 0.2494
18.2000 0.1482 -0.1525 0.1152 0.2457
18.2167 0.1482 -0.1525 0.1160 0.2397
18.2333 0.1543 -0.1487 0.1149 0.2321
18.2500 0.1543 -0.1487 0.1176 0.2269
18.2667 0.1543 -0.1487 0.1179 0.2200
18.2833 0.1632 -0.1430 0.1165 0.2122
18.3000 0.1632 -0.1430 0.1213 0.2086
18.3167 0.1725 -0.1364 0.1229 0.2032
18.3333 0.1758 -0.1345 0.1301 0.2021
18.3500 0.1758 -0.1345 0.1360 0.2001
18.3667 0.1792 -0.1328 0.1383 0.1960
18.3833 0.1792 -0.1328 0.1408 0.1918
18.4000 0.1792 -0.1328 0.1405 0.1862
18.4167 0.1884 -0.1281 0.1384 0.1797
18.4333 0.1884 -0.1281 0.1426 0.1767
18.4500 0.1884 -0.1281 0.1436 0.1721
18.4667 0.1999 -0.1239 0.1423 0.1665
18.4833 0.1999 -0.1239 0.1490 0.1638
18.5000 0.2144 -0.1197 0.1516 0.1597
18.5167 0.2193 -0.1184 0.1634 0.1580
18.5333 0.2193 -0.1184 0.1734 0.1557
18.5500 0.2193 -0.1184 0.1779 0.1520
18.5667 0.2275 -0.1162 0.1786 0.1473
18.5833 0.2275 -0.1162 0.1834 0.1438
18.6000 0.2356 -0.1124 0.1842 0.1394
18.6167 0.2356 -0.1124 0.1890 0.1376
18.6333 0.2484 -0.1061 0.1897 0.1344
18.6500 0.2484 -0.1061 0.1982 0.1356
18.6667 0.2484 -0.1061 0.2014 0.1345
18.6833 0.2605 -0.1003 0.2008 0.1319
18.7000 0.2632 -0.0981 0.2077 0.1331
18.7167 0.2632 -0.0981 0.2118 0.1340
18.7333 0.2752 -0.0927 0.2117 0.1327
18.7500 0.2752 -0.0927 0.2187 0.1344
18.7667 0.2752 -0.0927 0.2206 0.1337
18.7833 0.2853 -0.0867 0.2188 0.1314
18.8000 0.2853 -0.0867 0.2230 0.1330
18.8167 0.2853 -0.0867 0.2228 0.1323
18.8333 0.3010 -0.0764 0.2195 0.1299
18.8500 0.3010 -0.0764 0.2273 0.1350
18.8667 0.3153 -0.0646 0.2295 0.1367
18.8833 0.3153 -0.0646 0.2398 0.1458
18.9000 0.3224 -0.0605 0.2436 0.1502
18.9167 0.3224 -0.0605 0.2488 0.1545
18.9333 0.3325 -0.0513 0.2489 0.1553
18.9500 0.3325 -0.0513 0.2540 0.1614
18.9667 0.3407 -0.0418 0.2541 0.1635
18.9833 0.3407 -0.0418 0.2573 0.1705
19.0000 0.3407 -0.0418 0.2560 0.1730
19.0167 0.3532 -0.0315 0.2515 0.1724
19.0333 0.3532 -0.0315 0.2553 0.1781
19.0500 0.3624 -0.0204 0.2545 0.1797
19.0667 0.3624 -0.0204 0.2580 0.1875
19.0833 0.3726 -0.0102 0.2569 0.1903
19.1000 0.3726 -0.0102 0.2610 0.1981
19.1167 0.3726 -0.0102 0.2603 0.2008
19.1333 0.3954 0.0128 0.2562 0.1999
19.1500 0.3954 0.0128 0.2687 0.2156
19.1667 0.4049 0.0254 0.2737 0.2236
19.1833 0.4091 0.0318 0.2814 0.2364
19.2000 0.4144 0.0384 0.2862 0.2475
19.2167 0.4144 0.0384 0.2900 0.2572
19.2333 0.4238 0.0501 0.2886 0.2604
19.2500 0.4238 0.0501 0.2915 0.2687
19.2667 0.4369 0.0705 0.2894 0.2708
19.2833 0.4369 0.0705 0.2949 0.2855
19.3000 0.4369 0.0705 0.2946 0.2917
19.3167 0.4522 0.0921 0.2904 0.2920
19.3333 0.4522 0.0921 0.2961 0.3062
19.3500 0.4592 0.1058 0.2960 0.3118
19.3667 0.4599 0.1121 0.2976 0.3227
19.3833 0.4627 0.1195 0.2952 0.3311
19.4000 0.4627 0.1195 0.2917 0.3385
19.4167 0.4684 0.1353 0.2853 0.3389
19.4333 0.4684 0.1353 0.2816 0.3477
19.4500 0.4750 0.1499 0.2751 0.3489
19.4667 0.4750 0.1499 0.2723 0.3571
19.4833 0.4784 0.1669 0.2666 0.3579
19.5000 0.4784 0.1669 0.2617 0.3676
19.5167 0.4784 0.1669 0.2547 0.3692
19.5333 0.4893 0.1926 0.2462 0.3653
19.5500 0.4893 0.1926 0.2461 0.3789
19.5667 0.4924 0.2059 0.2425 0.3830
19.5833 0.4946 0.2134 0.2393 0.3917
19.6000 0.4966 0.2218 0.2356 0.3985
19.6167 0.4966 0.2218 0.2314 0.4047
19.6333 0.5009 0.2365 0.2252 0.4034
19.6500 0.5009 0.2365 0.2214 0.4092
19.6667 0.5009 0.2365 0.2156 0.4075
19.6833 0.4993 0.2598 0.2087 0.4006
19.7000 0.4993 0.2598 0.1996 0.4097
19.7167 0.5000 0.2751 0.1905 0.4103
19.7333 0.5038 0.2833 0.1821 0.4178
19.7500 0.5095 0.2905 0.1770 0.4241
19.7667 0.5095 0.2905 0.1756 0.4285
19.7833 0.5082 0.3037 0.1723 0.4256
19.8000 0.5082 0.3037 0.1665 0.4287
19.8167 0.5067 0.3245 0.1602 0.4249
19.8333 0.5067 0.3245 0.1522 0.4338
19.8500 0.5067 0.3245 0.1446 0.4339
19.8667 0.5123 0.3541 0.1373 0.4280
19.8833 0.5123 0.3541 0.1350 0.4425
19.9000 0.5232 0.3718 0.1315 0.4464
19.9167 0.5271 0.3874 0.1363 0.4578
19.9333 0.5271 0.3874 0.1411 0.4723
19.9500 0.5271 0.3874 0.1425 0.4759
19.9667 0.5521 0.3905 0.1415 0.4717
19.9833 0.5521 0.3905 0.1596 0.4649
20.0000 0.5570 0.4123 0.1700 0.4537
20.0167 0.5570 0.4123 0.1790 0.4577
20.0333 0.5946 0.3823 0.1827 0.4542
20.0500 0.5946 0.3823 0.2140 0.4204
20.0667 0.5946 0.3823 0.2328 0.3910
20.0833 0.6298 0.3838 0.2427 0.3652
20.1000 0.6298 0.3838 0.2755 0.3434
20.1167 0.6292 0.3997 0.2945 0.3235
20.1333 0.6496 0.3880 0.3031 0.3185
20.1500 0.6446 0.4207 0.3219 0.3008
20.1667 0.6446 0.4207 0.3263 0.3116
20.1833 0.6440 0.4224 0.3249 0.3148
20.2000 0.6440 0.4224 0.3188 0.3140
20.2167 0.6571 0.4408 0.3102 0.3092
20.2333 0.6571 0.4408 0.3108 0.3168
20.2500 0.6571 0.4408 0.3069 0.3177
20.2667 0.6650 0.4610 0.2999 0.3140
20.2833 0.6650 0.4610 0.2975 0.3238
20.3000 0.7191 0.4733 0.2918 0.3261
20.3167 0.7191 0.4733 0.3287 0.3334
20.3333 0.7285 0.4897 0.3498 0.3339
20.3500 0.7369 0.5026 0.3675 0.3433
20.3667 0.7378 0.5037 0.3817 0.3557
20.3833 0.7378 0.5037 0.3870 0.3604
20.4000 0.7222 0.5227 0.3853 0.3586
20.4167 0.7222 0.5227 0.3658 0.3682
20.4333 0.7263 0.5419 0.3471 0.3698
20.4500 0.7263 0.5419 0.3327 0.3818
20.4667 0.7263 0.5419 0.3181 0.3848
20.4833 0.7408 0.5681 0.3035 0.3816
20.5000 0.7408 0.5681 0.3013 0.3959
20.5167 0.7408 0.5681 0.2956 0.4003
20.5333 0.7313 0.5672 0.2875 0.3978
20.5500 0.7313 0.5672 0.2699 0.3898
20.5667 0.7731 0.5644 0.2539 0.3788
20.5833 0.7776 0.5662 0.2742 0.3636
20.6000 0.7776 0.5662 0.2882 0.3494
20.6167 0.7825 0.5741 0.2939 0.3347
20.6333 0.7825 0.5741 0.2979 0.3265
20.6500 0.7825 0.5741 0.2966 0.3162
20.6667 0.7876 0.5950 0.2915 0.3046
20.6833 0.7876 0.5950 0.2882 0.3098
20.7000 0.8316 0.5595 0.2818 0.3091
20.7167 0.8353 0.5634 0.3102 0.2747
20.7333 0.8353 0.5634 0.3287 0.2502
20.7500 0.8353 0.5634 0.3369 0.2298
20.7667 0.8419 0.5789 0.3380 0.2123
20.7833 0.8419 0.5789 0.3395 0.2103
20.8000 0.8496 0.5968 0.3359 0.2059
20.8167 0.8496 0.5968 0.3352 0.2149
20.8333 0.8625 0.6216 0.3300 0.2182
20.8500 0.8625 0.6216 0.3325 0.2380
20.8667 0.8625 0.6216 0.3297 0.2485
20.8833 0.8819 0.6451 0.3231 0.2524
20.9000 0.8851 0.6563 0.3302 0.2712
20.9167 0.8851 0.6563 0.3333 0.2898
20.9333 0.8894 0.6709 0.3308 0.2987
20.9500 0.8894 0.6709 0.3281 0.3129
20.9667 0.8894 0.6709 0.3216 0.3184
20.9833 0.9036 0.7144 0.3127 0.3178
21.0000 0.9036 0.7144 0.3139 0.3493
21.0167 0.9099 0.7393 0.3104 0.3663
21.0333 0.9120 0.7516 0.3089 0.3937
21.0500 0.9211 0.7636 0.3053 0.4176
21.0667 0.9211 0.7636 0.3061 0.4384
21.0833 0.9280 0.7636 0.3025 0.4468
21.1000 0.9280 0.7636 0.3015 0.4464
21.1167 0.9511 0.8046 0.2966 0.4400
21.1333 0.9511 0.8046 0.3084 0.4635
21.1500 0.9511 0.8046 0.3122 0.4734
21.1667 0.9617 0.8324 0.3106 0.4738
21.1833 0.9688 0.8411 0.3140 0.4906
21.2000 0.9757 0.8565 0.3179 0.5028
21.2167 0.9757 0.8565 0.3220 0.5170
21.2333 0.9897 0.8875 0.3203 0.5198
21.2500 0.9897 0.8875 0.3264 0.5403
21.2667 1.0076 0.9355 0.3260 0.5471
21.2833 1.0076 0.9355 0.3362 0.5842
21.3000 1.0076 0.9355 0.3386 0.6018
21.3167 1.0308 0.9908 0.3355 0.6057
21.3333 1.0308 0.9908 0.3481 0.6461
21.3500 1.0550 1.0597 0.3520 0.6652
21.3667 1.0656 1.0801 0.3700 0.7267
21.3833 1.0656 1.0801 0.3862 0.7764
21.4000 1.0656 1.0801 0.3921 0.8001
21.4167 1.0837 1.1235 0.3907 0.8055
21.4333 1.0837 1.1235 0.3995 0.8342
21.4500 1.1088 1.1716 0.4000 0.8426
21.4667 1.1088 1.1716 0.4157 0.8768
21.4833 1.1326 1.2144 0.4209 0.8883
21.5000 1.1326 1.2144 0.4385 0.9197
21.5167 1.1326 1.2144 0.4446 0.9288
21.5333 1.1738 1.2729 0.4427 0.9221
21.5500 1.1738 1.2729 0.4696 0.9534
21.5667 1.2009 1.3127 0.4817 0.9620
21.5833 1.2109 1.3315 0.5060 0.9877
21.6000 1.2238 1.3506 0.5243 1.0075
21.6167 1.2238 1.3506 0.5404 1.0233
21.6333 1.2445 1.3883 0.5441 1.0200
21.6500 1.2445 1.3883 0.5563 1.0350
21.6667 1.2658 1.4233 0.5571 1.0310
21.6833 1.2658 1.4233 0.5677 1.0431
21.7000 1.2658 1.4233 0.5671 1.0371
21.7167 1.3087 1.4784 0.5589 1.0184
21.7333 1.3087 1.4784 0.5812 1.0373
21.7500 1.3370 1.5182 0.5886 1.0359
21.7667 1.3980 1.5603 0.6091 1.0538
21.7833 1.3980 1.5603 0.6658 1.0866
21.8000 1.3980 1.5603 0.6959 1.0943
21.8167 1.4110 1.5810 0.7071 1.0845
21.8333 1.4110 1.5810 0.7160 1.0799
21.8500 1.4113 1.5813 0.7122 1.0616
21.8667 1.4113 1.5813 0.6999 1.0345
21.8833 1.4114 1.5815 0.6816 1.0012
21.9000 1.4114 1.5815 0.6596 0.9644
21.9167 1.4114 1.5815 0.6351 0.9253
21.9333 1.4991 1.6791 0.6093 0.8854
21.9500 1.4991 1.6791 0.6559 0.9266
21.9667 1.5738 1.7362 0.6792 0.9424
21.9833 1.5833 1.7439 0.7483 0.9879
22.0000 1.5833 1.7439 0.7938 1.0122
22.0167 1.5833 1.7439 0.8144 1.0151
22.0333 1.6143 1.7749 0.8174 1.0030
22.0500 1.6143 1.7749 0.8340 1.0065
22.0667 1.6166 1.8030 0.8340 0.9949
22.0833 1.6166 1.8030 0.8242 0.9965
22.1000 1.6166 1.8030 0.8060 0.9837
22.1167 1.6182 1.8273 0.7822 0.9611
22.1333 1.6182 1.8273 0.7560 0.9524
22.1500 1.5965 1.8515 0.7274 0.9331
22.1667 1.5965 1.8515 0.6792 0.9269
22.1833 1.5784 1.8516 0.6364 0.9097
22.2000 1.5784 1.8516 0.5827 0.8852
22.2167 1.5850 1.8805 0.5373 0.8558
22.2333 1.5850 1.8805 0.5037 0.8476
22.2500 1.5999 1.9144 0.4734 0.8301
22.2667 1.5999 1.9144 0.4581 0.8347
22.2833 1.5999 1.9144 0.4412 0.8263
22.3000 1.6368 1.9723 0.4233 0.8090
22.3167 1.6368 1.9723 0.4358 0.8340
22.3333 1.6645 2.0191 0.4384 0.8398
22.3500 1.6706 2.0228 0.4572 0.8711
22.3667 1.6706 2.0228 0.4690 0.8839
22.3833 1.6752 2.0334 0.4706 0.8805
22.4000 1.6752 2.0334 0.4691 0.8748
22.4167 1.6752 2.0334 0.4616 0.8586
22.4333 1.7090 2.0814 0.4499 0.8355
22.4500 1.7090 2.0814 0.4637 0.8478
22.4667 1.7280 2.1133 0.4668 0.8446
22.4833 1.7502 2.1489 0.4783 0.8572
22.5000 1.7502 2.1489 0.4982 0.8837
22.5167 1.7502 2.1489 0.5051 0.8899
22.5333 1.7743 2.1853 0.5029 0.8819
22.5500 1.7743 2.1853 0.5144 0.8943
22.5667 1.7961 2.2177 0.5153 0.8905
22.5833 1.7961 2.2177 0.5270 0.9025
22.6000 1.7961 2.2177 0.5277 0.8983
22.6167 1.8272 2.2684 0.5209 0.8829
22.6333 1.8272 2.2684 0.5349 0.9022
22.6500 1.8539 2.3185 0.5372 0.9032
22.6667 1.8563 2.3341 0.5535 0.9330
22.6833 1.8563 2.3341 0.5592 0.9538
22.7000 1.8563 2.3341 0.5553 0.9550
22.7167 1.8774 2.3721 0.5449 0.9425
22.7333 1.8774 2.3721 0.5478 0.9524
22.7500 1.9021 2.4088 0.5421 0.9461
22.7667 1.9021 2.4088 0.5513 0.9591
22.7833 1.9256 2.4495 0.5500 0.9548
22.8000 1.9256 2.4495 0.5610 0.9726
22.8167 1.9256 2.4495 0.5609 0.9714
22.8333 1.9571 2.5018 0.5531 0.9571
22.8500 1.9571 2.5018 0.5662 0.9774
22.8667 1.9804 2.5421 0.5674 0.9780
22.8833 1.9892 2.5595 0.5798 0.9984
22.9000 2.0027 2.5817 0.5876 1.0132
22.9167 2.0027 2.5817 0.5962 1.0279
22.9333 2.0264 2.6210 0.5939 1.0239
22.9500 2.0264 2.6210 0.6038 1.0396
22.9667 2.0434 2.6583 0.6023 1.0361
22.9833 2.0434 2.6583 0.6070 1.0503
23.0000 2.0434 2.6583 0.6019 1.0457
23.0167 2.0779 2.7218 0.5899 1.0279
23.0333 2.0779 2.7218 0.6022 1.0542
23.0500 2.0997 2.7808 0.6023 1.0578
23.0667 2.1083 2.7981 0.6123 1.0948
23.0833 2.1083 2.7981 0.6178 1.1197
23.1000 2.1083 2.7981 0.6131 1.1215
23.1167 2.1292 2.8336 0.6013 1.1071
23.1333 2.1292 2.8336 0.6022 1.1113
23.1500 2.1292 2.8336 0.5944 1.0988
23.1667 2.1676 2.8928 0.5808 1.0748
23.1833 2.1676 2.8928 0.5952 1.0926
23.2000 2.1676 2.8928 0.5970 1.0898
23.2167 2.1969 2.9437 0.5899 1.0727
23.2333 2.1969 2.9437 0.6013 1.0884
23.2500 2.1969 2.9437 0.6008 1.0841
23.2667 2.2310 3.0003 0.5922 1.0661
23.2833 2.2310 3.0003 0.6063 1.0859
23.3000 2.2310 3.0003 0.6077 1.0846
23.3167 2.2667 3.0623 0.6003 1.0686
23.3333 2.2667 3.0623 0.6165 1.0943
23.3500 2.2432 3.0861 0.6192 1.0970
23.3667 2.2286 3.0857 0.5929 1.1035
23.3833 2.2286 3.0857 0.5543 1.0923
23.4000 2.2286 3.0857 0.5197 1.0694
23.4167 2.2431 3.1189 0.4884 1.0386
23.4333 2.2431 3.1189 0.4720 1.0305
23.4500 2.2431 3.1189 0.4540 1.0105
23.4667 2.2949 3.1810 0.4352 0.9826
23.4833 2.2949 3.1810 0.4592 1.0013
23.5000 2.2949 3.1810 0.4696 1.0004
23.5167 2.3387 3.2340 0.4702 0.9859
23.5333 2.3387 3.2340 0.5007 1.0063
23.5500 2.3387 3.2340 0.5149 1.0065
23.5667 2.3806 3.2870 0.5177 0.9926
23.5833 2.3806 3.2870 0.5473 1.0134
23.6000 2.3806 3.2870 0.5602 1.0137
23.6167 2.4278 3.3402 0.5614 0.9998
23.6333 2.4278 3.3402 0.5938 1.0206
23.6500 2.4278 3.3402 0.6081 1.0209
23.6667 2.4735 3.3944 0.6095 1.0070
23.6833 2.4735 3.3944 0.6402 1.0284
23.7000 2.5125 3.4321 0.6526 1.0291
23.7167 2.5459 3.4672 0.6847 1.0467
23.7333 2.5459 3.4672 0.7253 1.0736
23.7500 2.5459 3.4672 0.7435 1.0774
23.7667 2.5916 3.5058 0.7458 1.0650
23.7833 2.5916 3.5058 0.7751 1.0739
23.8000 2.5916 3.5058 0.7847 1.0651
23.8167 2.6354 3.5436 0.7805 1.0442
23.8333 2.6354 3.5436 0.8032 1.0467
23.8500 2.7020 3.5978 0.8078 1.0338
23.8667 2.7020 3.5978 0.8553 1.0557
23.8833 2.7411 3.6341 0.8765 1.0563
23.9000 2.7603 3.6514 0.9116 1.0723
23.9167 2.7786 3.6683 0.9394 1.0829
23.9333 2.7786 3.6683 0.9608 1.0893
23.9500 2.7786 3.6683 0.9624 1.0786
23.9667 2.8193 3.7045 0.9501 1.0562
23.9833 2.8193 3.7045 0.9623 1.0561
24.0000 2.8193 3.7045 0.9574 1.0414
24.0167 2.8775 3.7576 0.9407 1.0167
24.0333 2.8775 3.7576 0.9646 1.0297
24.0500 2.8775 3.7576 0.9678 1.0244
24.0667 2.9510 3.8283 0.9566 1.0065
24.0833 2.9510 3.8283 0.9967 1.0390
24.1000 2.9897 3.8639 1.0107 1.0472
24.1167 3.0087 3.8820 1.0387 1.0680
24.1333 3.0295 3.9001 1.0595 1.0827
24.1500 3.0295 3.9001 1.0767 1.0929
24.1667 3.0673 3.9358 1.0737 1.0849
24.1833 3.0673 3.9358 1.0881 1.0940
24.2000 3.1062 3.9726 1.0831 1.0851
24.2167 3.1062 3.9726 1.0969 1.0945
24.2333 3.1495 4.0103 1.0913 1.0859
24.2500 3.1495 4.0103 1.1083 1.0962
24.2667 3.1495 4.0103 1.1048 1.0882
24.2833 3.2071 4.0652 1.0869 1.0675
24.3000 3.2071 4.0652 1.1074 1.0840
24.3167 3.2607 4.1195 1.1063 1.0804
24.3333 3.2780 4.1386 1.1348 1.1081
24.3500 3.2780 4.1386 1.1533 1.1280
24.3667 3.2780 4.1386 1.1502 1.1262
24.3833 3.3081 4.1739 1.1320 1.1092
24.4000 3.3081 4.1739 1.1287 1.1115
24.4167 3.3449 4.2095 1.1108 1.0976
24.4333 3.3449 4.2095 1.1135 1.1023
24.4500 3.3449 4.2095 1.1000 1.0903
24.4667 3.4088 4.2621 1.0752 1.0667
24.4833 3.4088 4.2621 1.0964 1.0794
24.5000 3.4654 4.3197 1.0958 1.0733
24.5167 3.4779 4.3386 1.1275 1.1021
24.5333 3.4779 4.3386 1.1442 1.1226
24.5500 3.4779 4.3386 1.1400 1.1212
24.5667 3.5110 4.3751 1.1212 1.1047
24.5833 3.5110 4.3751 1.1201 1.1083
24.6000 3.5110 4.3751 1.1038 1.0954
24.6167 3.5602 4.4326 1.0772 1.0712
24.6333 3.5962 4.4693 1.0846 1.0874
24.6500 3.6138 4.4868 1.1048 1.1142
24.6667 3.6319 4.5078 1.1181 1.1319
24.6833 3.6319 4.5078 1.1270 1.1460
24.7000 3.6319 4.5078 1.1174 1.1399
24.7167 3.6707 4.5487 1.0953 1.1198
24.7333 3.6707 4.5487 1.0970 1.1243
24.7500 3.7109 4.5907 1.0830 1.1119
24.7667 3.7109 4.5907 1.0917 1.1228
24.7833 3.7160 4.6146 1.0826 1.1148
24.8000 3.7160 4.6146 1.0655 1.1136
24.8167 3.7160 4.6146 1.0388 1.0974
24.8333 3.7617 4.6746 1.0059 1.0708
24.8500 3.7617 4.6746 1.0070 1.0875
24.8667 3.7222 4.7149 0.9938 1.0841
24.8833 3.7231 4.7163 0.9379 1.1002
24.9000 3.6480 4.7352 0.8868 1.0972
24.9167 3.6480 4.7352 0.7763 1.0957
24.9333 3.6322 4.7094 0.6888 1.0793
24.9500 3.6322 4.7094 0.6052 1.0315
24.9667 3.6831 4.7546 0.5386 0.9839
24.9833 3.6831 4.7546 0.5274 0.9749
25.0000 3.6831 4.7546 0.5123 0.9551
25.0167 3.7190 4.7981 0.4947 0.9281
25.0333 3.7190 4.7981 0.5055 0.9327
25.0500 3.7476 4.8404 0.5060 0.9229
25.0667 3.7476 4.8404 0.5231 0.9385
25.0833 3.7833 4.8847 0.5278 0.9363
25.1000 3.7833 4.8847 0.5534 0.9587
25.1167 3.7833 4.8847 0.5635 0.9610
25.1333 3.8181 4.9230 0.5627 0.9492
25.1500 3.8181 4.9230 0.5833 0.9598
25.1667 3.8162 4.9541 0.5895 0.9538
25.1833 3.8162 4.9541 0.5841 0.9622
25.2000 3.8162 4.9541 0.5722 0.9548
25.2167 3.8165 4.9550 0.5559 0.9363
25.2333 3.8165 4.9550 0.5373 0.9112
25.2500 3.8168 4.9553 0.5168 0.8811
25.2667 3.8168 4.9553 0.4956 0.8482
25.2833 3.8169 4.9555 0.4740 0.8136
25.3000 3.8169 4.9555 0.4525 0.7784
25.3167 3.8170 4.9556 0.4313 0.7431
25.3333 3.8170 4.9556 0.4106 0.7083
25.3500 3.8170 4.9557 0.3905 0.6743
25.3667 3.8170 4.9557 0.3712 0.6414
25.3833 3.8171 4.9558 0.3526 0.6097
25.4000 3.8171 4.9558 0.3348 0.5792
25.4167 3.8171 4.9558 0.3178 0.5500
25.4333 3.8172 4.9559 0.3016 0.5220
25.4500 3.8172 4.9559 0.2862 0.4954
25.4667 3.8172 4.9560 0.2715 0.4700
25.4833 3.8172 4.9560 0.2576 0.4459
25.5000 3.8172 4.9560 0.2443 0.4230
25.5167 3.8173 4.9561 0.2317 0.4012
25.5333 3.8173 4.9561 0.2198 0.3805
25.5500 3.8173 4.9561 0.2084 0.3608
25.5667 3.8173 4.9561 0.1977 0.3422
25.5833 3.8173 4.9561 0.1874 0.3245
25.6000 3.8173 4.9561 0.1777 0.3077
25.6167 3.8173 4.9561 0.1685 0.2917
25.6333 3.8173 4.9561 0.1598 0.2766
25.6500 3.8173 4.9561 0.1515 0.2623
25.6667 3.8174 4.9562 0.1436 0.2487
25.6833 3.8174 4.9562 0.1362 0.2358
25.7000 3.8174 4.9562 0.1291 0.2235
25.7167 3.8174 4.9562 0.1224 0.2119
25.7333 3.8174 4.9562 0.1161 0.2009
25.7500 3.8174 4.9562 0.1101 0.1905
25.7667 3.8174 4.9562 0.1043 0.1806
25.7833 3.8174 4.9562 0.0989 0.1712
25.8000 3.8174 4.9562 0.0938 0.1623
25.8167 3.8174 4.9562 0.0889 0.1539
25.8333 3.8174 4.9562 0.0843 0.1459
25.8500 3.8174 4.9562 0.0799 0.1383
25.8667 3.8174 4.9562 0.0758 0.1311
25.8833 3.8174 4.9562 0.0718 0.1243
25.9000 3.8174 4.9562 0.0681 0.1178
25.9167 3.8174 4.9562 0.0646 0.1117
25.9333 3.8174 4.9562 0.0612 0.1059
25.9500 3.8174 4.9562 0.0580 0.1004
25.9667 3.8174 4.9562 0.0550 0.0952
25.9833 3.8174 4.9562 0.0522 0.0902
26.0000 3.8174 4.9562 0.0494 0.0855
26.0167 3.8174 4.9562 0.0469 0.0811
26.0333 3.8174 4.9562 0.0444 0.0769
26.0500 3.8174 4.9562 0.0421 0.0729
26.0667 3.8174 4.9562 0.0399 0.0691
26.0833 3.8174 4.9562 0.0379 0.0655
26.1000 3.8174 4.9562 0.0359 0.0621
26.1167 3.8924 4.9528 0.0340 0.0589
26.1333 3.8924 4.9528 0.0948 0.0529
26.1500 3.8924 4.9528 0.1356 0.0481
26.1667 3.9175 5.0078 0.1622 0.0440
26.1833 3.9317 5.0238 0.1993 0.0865
26.2000 3.9317 5.0238 0.2342 0.1281
26.2167 3.9516 5.0536 0.2551 0.1552
26.2333 3.9516 5.0536 0.2828 0.1968
26.2500 3.9516 5.0536 0.2981 0.2229
26.2667 3.9720 5.0904 0.3046 0.2380
26.2833 3.9720 5.0904 0.3219 0.2758
26.3000 3.9874 5.1085 0.3294 0.2983
26.3167 3.9874 5.1085 0.3428 0.3248
26.3333 4.0077 5.1114 0.3474 0.3388
26.3500 4.0077 5.1114 0.3628 0.3462
26.3667 4.0077 5.1114 0.3684 0.3466
26.3833 4.0080 5.1118 0.3672 0.3420
26.4000 4.0080 5.1118 0.3615 0.3344
26.4167 4.0082 5.1119 0.3525 0.3244
26.4333 4.0082 5.1120 0.3415 0.3131
26.4500 4.0083 5.1121 0.3291 0.3010
26.4667 4.0083 5.1121 0.3160 0.2884
26.4833 4.0084 5.1122 0.3025 0.2757
26.5000 4.0084 5.1122 0.2890 0.2631
26.5167 4.0085 5.1123 0.2756 0.2507
26.5333 4.0085 5.1123 0.2625 0.2387
26.5500 4.0085 5.1123 0.2498 0.2271
26.5667 4.0086 5.1124 0.2375 0.2158
26.5833 4.0086 5.1124 0.2257 0.2051
26.6000 4.0086 5.1125 0.2143 0.1947
26.6167 4.0086 5.1125 0.2035 0.1849
26.6333 4.0087 5.1126 0.1932 0.1755
26.6500 4.0087 5.1126 0.1834 0.1666
26.6667 4.0087 5.1126 0.1740 0.1581
26.6833 4.0087 5.1126 0.1651 0.1500
26.7000 4.0087 5.1126 0.1566 0.1423
26.7167 4.0087 5.1126 0.1486 0.1350
26.7333 4.0087 5.1126 0.1409 0.1281
26.7500 4.0087 5.1126 0.1336 0.1215
26.7667 4.0088 5.1127 0.1267 0.1152
26.7833 4.0088 5.1127 0.1202 0.1093
26.8000 4.0088 5.1127 0.1140 0.1036
26.8167 4.0088 5.1127 0.1081 0.0983
26.8333 4.0088 5.1127 0.1025 0.0932
26.8500 4.0088 5.1127 0.0972 0.0884
26.8667 4.0088 5.1127 0.0921 0.0838
26.8833 4.0088 5.1127 0.0874 0.0795
26.9000 4.0088 5.1127 0.0828 0.0754
26.9167 4.0088 5.1127 0.0786 0.0715
26.9333 4.0088 5.1127 0.0745 0.0678
26.9500 4.0088 5.1127 0.0706 0.0643
26.9667 4.0088 5.1127 0.0670 0.0609
26.9833 4.0088 5.1127 0.0635 0.0578
27.0000 4.0088 5.1127 0.0602 0.0548
27.0167 4.0088 5.1127 0.0571 0.0519
27.0333 4.0088 5.1127 0.0541 0.0493
27.0500 4.0088 5.1127 0.0513 0.0467
27.0667 4.0088 5.1127 0.0486 0.0443
27.0833 4.0088 5.1127 0.0461 0.0420
27.1000 4.0088 5.1128 0.0437 0.0398
27.1167 4.0088 5.1128 0.0414 0.0377
27.1333 4.0088 5.1128 0.0393 0.0358
27.1500 4.0088 5.1128 0.0372 0.0339
27.1667 4.0088 5.1128 0.0353 0.0322
27.1833 4.0088 5.1128 0.0335 0.0305
27.2000 4.0088 5.1128 0.0317 0.0289
27.2167 4.0088 5.1128 0.0301 0.0274
27.2333 4.0088 5.1128 0.0285 0.0260
27.2500 4.0088 5.1128 0.0270 0.0246
27.2667 4.0088 5.1128 0.0256 0.0234
27.2833 4.0088 5.1128 0.0243 0.0221
27.3000 4.0088 5.1128 0.0230 0.0210
27.3167 4.0088 5.1128 0.0218 0.0199
27.3333 4.0088 5.1128 0.0207 0.0189
27.3500 4.0088 5.1128 0.0196 0.0179
27.3667 4.0088 5.1128 0.0186 0.0170
27.3833 4.0088 5.1128 0.0176 0.0161
27.4000 4.0088 5.1128 0.0167 0.0152
27.4167 4.0088 5.1128 0.0159 0.0144
27.4333 4.0088 5.1128 0.0150 0.0137
27.4500 4.0088 5.1128 0.0143 0.0130
27.4667 4.0088 5.1128 0.0135 0.0123
27.4833 4.0088 5.1128 0.0128 0.0117
27.5000 4.0088 5.1128 0.0121 0.0111
27.5167 4.0088 5.1128 0.0115 0.0105
27.5333 4.0088 5.1128 0.0109 0.0099
27.5500 4.0088 5.1128 0.0103 0.0094
27.5667 4.0088 5.1128 0.0098 0.0089
27.5833 4.0088 5.1128 0.0093 0.0085
27.6000 4.0088 5.1128 0.0088 0.0080
27.6167 4.0088 5.1128 0.0084 0.0076
27.6333 4.0088 5.1128 0.0079 0.0072
27.6500 4.0088 5.1128 0.0075 0.0068
27.6667 4.0088 5.1128 0.0071 0.0065
27.6833 4.0088 5.1128 0.0067 0.0061
27.7000 4.0088 5.1128 0.0064 0.0058
27.7167 4.0088 5.1128 0.0061 0.0055
27.7333 4.0088 5.1128 0.0057 0.0052
27.7500 4.0088 5.1128 0.0054 0.0050
27.7667 4.0088 5.1128 0.0052 0.0047
27.7833 4.0088 5.1128 0.0049 0.0045
27.8000 4.0088 5.1128 0.0046 0.0042
27.8167 4.0088 5.1128 0.0044 0.0040
27.8333 4.0088 5.1128 0.0042 0.0038
27.8500 4.0088 5.1128 0.0040 0.0036
27.8667 4.0088 5.1128 0.0037 0.0034
27.8833 4.0088 5.1128 0.0036 0.0032
27.9000 4.0088 5.1128 0.0034 0.0031
27.9167 4.0088 5.1128 0.0032 0.0029
27.9333 4.0088 5.1128 0.0030 0.0028
27.9500 4.0088 5.1128 0.0029 0.0026
27.9667 4.0088 5.1128 0.0027 0.0025
27.9833 4.0088 5.1128 0.0026 0.0024
28.0000 4.0088 5.1128 0.0024 0.0022
28.0167 4.0088 5.1128 0.0023 0.0021
28.0333 4.0088 5.1128 0.0022 0.0020
28.0500 4.0088 5.1128 0.0021 0.0019
28.0667 4.0088 5.1128 0.0020 0.0018
28.0833 4.0088 5.1128 0.0019 0.0017
28.1000 4.0088 5.1128 0.0018 0.0016
28.1167 4.0088 5.1128 0.0017 0.0015
28.1333 4.0088 5.1128 0.0016 0.0015
28.1500 4.0088 5.1128 0.0015 0.0014
28.1667 4.0088 5.1128 0.0014 0.0013
28.1833 4.0088 5.1128 0.0014 0.0012
28.2000 4.0088 5.1128 0.0013 0.0012
28.2167 4.0088 5.1128 0.0012 0.0011
28.2333 4.0088 5.1128 0.0012 0.0011
28.2500 4.0088 5.1128 0.0011 0.0010
28.2667 4.0088 5.1128 0.0010 0.0009
28.2833 4.0088 5.1128 0.0010 0.0009
28.3000 4.0088 5.1128 0.0009 0.0008
28.3167 4.0088 5.1128 0.0009 0.0008
28.3333 4.0088 5.1128 0.0008 0.0008
28.3500 4.0088 5.1128 0.0008 0.0007
28.3667 4.0088 5.1128 0.0008 0.0007
28.3833 4.0088 5.1128 0.0007 0.0007
28.4000 4.0088 5.1128 0.0007 0.0006
28.4167 4.0088 5.1128 0.0006 0.0006
28.4333 4.0088 5.1128 0.0006 0.0006
28.4500 4.0088 5.1128 0.0006 0.0005
28.4667 4.0088 5.1128 0.0005 0.0005
28.4833 4.0088 5.1128 0.0005 0.0005
28.5000 4.0088 5.1128 0.0005 0.0004
28.5167 4.0088 5.1128 0.0005 0.0004
28.5333 4.0088 5.1128 0.0004 0.0004
