0.0000 0.0000 0.0000 0.0000 0.0000
0.0167 0.0000 0.0000 0.0000 0.0000
0.0333 0.0000 0.0000 0.0000 0.0000
0.0500 0.0000 0.0000 0.0000 0.0000
0.0667 0.0000 0.0000 0.0000 0.0000
0.0833 0.0000 0.0000 0.0000 0.0000
0.1000 0.0000 0.0000 0.0000 0.0000
0.1167 0.0000 0.0000 0.0000 0.0000
0.1333 0.0000 0.0000 0.0000 0.0000
0.1500 0.0000 0.0000 0.0000 0.0000
0.1667 0.0000 0.0000 0.0000 0.0000
0.1833 0.0000 0.0000 0.0000 0.0000
0.2000 0.0000 0.0000 0.0000 0.0000
0.2167 0.0000 0.0000 0.0000 0.0000
0.2333 0.0000 0.0000 0.0000 0.0000
0.2500 0.0000 0.0000 0.0000 0.0000
0.2667 0.0000 0.0000 0.0000 0.0000
0.2833 0.0000 0.0000 0.0000 0.0000
0.3000 0.0000 0.0000 0.0000 0.0000
0.3167 0.0000 0.0000 0.0000 0.0000
0.3333 0.0000 0.0000 0.0000 0.0000
0.3500 0.0000 0.0000 0.0000 0.0000
0.3667 0.0000 0.0000 0.0000 0.0000
0.3833 -0.0000 -0.0000 0.0000 0.0000
0.4000 -0.0000 -0.0000 0.0000 0.0000
0.4167 -0.0008 0.0000 0.0000 0.0000
0.4333 -0.0008 0.0000 -0.0005 0.0000
0.4500 -0.0009 0.0005 -0.0009 0.0000
0.4667 -0.0036 0.0006 -0.0012 0.0003
0.4833 -0.0036 0.0006 -0.0035 0.0007
0.5000 -0.0040 0.0007 -0.0050 0.0009
0.5167 -0.0042 0.0008 -0.0064 0.0011
0.5333 -0.0044 0.0009 -0.0074 0.0013
0.5500 -0.0044 0.0009 -0.0081 0.0015
0.5667 -0.0045 0.0009 -0.0085 0.0016
0.5833 -0.0045 0.0009 -0.0088 0.0017
0.6000 -0.0045 0.0009 -0.0089 0.0018
0.6167 -0.0047 0.0010 -0.0088 0.0018
0.6333 -0.0047 0.0010 -0.0088 0.0018
0.6500 -0.0047 0.0010 -0.0087 0.0018
0.6667 -0.0049 0.0011 -0.0085 0.0018
0.6833 -0.0049 0.0011 -0.0083 0.0018
0.7000 -0.0050 0.0011 -0.0081 0.0018
0.7167 -0.0050 0.0011 -0.0080 0.0018
0.7333 -0.0050 0.0011 -0.0078 0.0018
0.7500 -0.0051 0.0011 -0.0075 0.0018
0.7667 -0.0051 0.0011 -0.0073 0.0017
0.7833 -0.0051 0.0012 -0.0070 0.0017
0.8000 -0.0051 0.0012 -0.0068 0.0017
0.8167 -0.0052 0.0012 -0.0066 0.0016
0.8333 -0.0052 0.0012 -0.0064 0.0016
0.8500 -0.0052 0.0012 -0.0061 0.0016
0.8667 -0.0052 0.0012 -0.0059 0.0015
0.8833 -0.0052 0.0012 -0.0057 0.0015
0.9000 -0.0052 0.0012 -0.0055 0.0014
0.9167 -0.0053 0.0012 -0.0052 0.0014
0.9333 -0.0053 0.0012 -0.0050 0.0013
0.9500 -0.0053 0.0012 -0.0048 0.0013
0.9667 -0.0053 0.0012 -0.0046 0.0012
0.9833 -0.0053 0.0013 -0.0044 0.0012
1.0000 -0.0053 0.0013 -0.0042 0.0012
1.0167 -0.0053 0.0013 -0.0040 0.0011
1.0333 -0.0053 0.0013 -0.0039 0.0011
1.0500 -0.0053 0.0013 -0.0037 0.0010
1.0667 -0.0053 0.0013 -0.0035 0.0010
1.0833 -0.0053 0.0013 -0.0034 0.0009
1.1000 -0.0053 0.0013 -0.0032 0.0009
1.1167 -0.0053 0.0013 -0.0031 0.0009
1.1333 -0.0053 0.0013 -0.0029 0.0008
1.1500 -0.0054 0.0013 -0.0028 0.0008
1.1667 -0.0054 0.0013 -0.0026 0.0007
1.1833 -0.0054 0.0013 -0.0025 0.0007
1.2000 -0.0054 0.0013 -0.0024 0.0007
1.2167 -0.0054 0.0013 -0.0023 0.0007
1.2333 -0.0054 0.0013 -0.0022 0.0006
1.2500 -0.0054 0.0013 -0.0021 0.0006
1.2667 -0.0054 0.0013 -0.0020 0.0006
1.2833 -0.0054 0.0013 -0.0019 0.0005
1.3000 -0.0054 0.0013 -0.0018 0.0005
1.3167 -0.0054 0.0013 -0.0017 0.0005
1.3333 -0.0054 0.0013 -0.0016 0.0005
1.3500 -0.0054 0.0013 -0.0015 0.0004
1.3667 -0.0054 0.0013 -0.0015 0.0004
1.3833 -0.0054 0.0013 -0.0014 0.0004
1.4000 -0.0054 0.0013 -0.0013 0.0004
1.4167 -0.0054 0.0013 -0.0013 0.0004
1.4333 -0.0054 0.0013 -0.0012 0.0003
1.4500 -0.0054 0.0013 -0.0011 0.0003
1.4667 -0.0054 0.0013 -0.0011 0.0003
1.4833 -0.0054 0.0013 -0.0010 0.0003
1.5000 -0.0054 0.0013 -0.0010 0.0003
1.5167 -0.0054 0.0013 -0.0009 0.0003
1.5333 -0.0054 0.0013 -0.0009 0.0003
1.5500 -0.0054 0.0013 -0.0008 0.0002
1.5667 -0.0054 0.0013 -0.0008 0.0002
1.5833 -0.0054 0.0013 -0.0008 0.0002
1.6000 -0.0054 0.0013 -0.0007 0.0002
1.6167 -0.0054 0.0013 -0.0007 0.0002
1.6333 -0.0054 0.0013 -0.0006 0.0002
1.6500 -0.0054 0.0013 -0.0006 0.0002
1.6667 -0.0054 0.0013 -0.0006 0.0002
1.6833 -0.0054 0.0013 -0.0005 0.0002
1.7000 -0.0054 0.0013 -0.0005 0.0002
1.7167 -0.0054 0.0013 -0.0005 0.0001
1.7333 -0.0054 0.0013 -0.0005 0.0001
1.7500 -0.0054 0.0013 -0.0004 0.0001
1.7667 -0.0054 0.0013 -0.0004 0.0001
1.7833 -0.0054 0.0013 -0.0004 0.0001
1.8000 -0.0054 0.0013 -0.0004 0.0001
1.8167 -0.0054 0.0013 -0.0004 0.0001
1.8333 -0.0054 0.0013 -0.0003 0.0001
1.8500 -0.0054 0.0013 -0.0003 0.0001
1.8667 -0.0054 0.0013 -0.0003 0.0001
1.8833 -0.0054 0.0013 -0.0003 0.0001
1.9000 -0.0054 0.0013 -0.0003 0.0001
1.9167 -0.0757 -0.0011 -0.0003 0.0001
1.9333 -0.0757 -0.0011 -0.0589 -0.0019
1.9500 -0.0732 -0.0039 -0.0988 -0.0032
1.9667 -0.0732 -0.0039 -0.1231 -0.0065
1.9833 -0.0732 -0.0039 -0.1383 -0.0086
2.0000 -0.0703 -0.0085 -0.1469 -0.0100
2.0167 -0.0703 -0.0085 -0.1485 -0.0147
2.0333 -0.0677 -0.0149 -0.1475 -0.0177
2.0500 -0.0666 -0.0167 -0.1425 -0.0249
2.0667 -0.0653 -0.0183 -0.1362 -0.0311
2.0833 -0.0653 -0.0183 -0.1288 -0.0363
2.1000 -0.0651 -0.0197 -0.1219 -0.0393
2.1167 -0.0651 -0.0197 -0.1152 -0.0421
2.1333 -0.0651 -0.0197 -0.1090 -0.0435
2.1500 -0.0602 -0.0267 -0.1031 -0.0438
2.1667 -0.0602 -0.0267 -0.0935 -0.0493
2.1833 -0.0584 -0.0321 -0.0856 -0.0523
2.2000 -0.0581 -0.0350 -0.0774 -0.0583
2.2167 -0.0581 -0.0350 -0.0703 -0.0640
2.2333 -0.0569 -0.0366 -0.0644 -0.0671
2.2500 -0.0569 -0.0366 -0.0585 -0.0697
2.2667 -0.0577 -0.0398 -0.0535 -0.0705
2.2833 -0.0577 -0.0398 -0.0500 -0.0727
2.3000 -0.0555 -0.0428 -0.0469 -0.0733
2.3167 -0.0555 -0.0428 -0.0422 -0.0751
2.3333 -0.0555 -0.0428 -0.0384 -0.0753
2.3500 -0.0547 -0.0500 -0.0352 -0.0744
2.3667 -0.0547 -0.0500 -0.0318 -0.0788
2.3833 -0.0603 -0.0615 -0.0291 -0.0807
2.4000 -0.0603 -0.0615 -0.0314 -0.0905
2.4167 -0.0602 -0.0673 -0.0325 -0.0961
2.4333 -0.0602 -0.0673 -0.0328 -0.1035
2.4500 -0.0602 -0.0673 -0.0325 -0.1072
2.4667 -0.0603 -0.0717 -0.0319 -0.1083
2.4833 -0.0603 -0.0717 -0.0311 -0.1112
2.5000 -0.0600 -0.0740 -0.0302 -0.1116
2.5167 -0.0600 -0.0740 -0.0288 -0.1123
2.5333 -0.0600 -0.0740 -0.0274 -0.1112
2.5500 -0.0598 -0.0794 -0.0261 -0.1089
2.5667 -0.0598 -0.0794 -0.0247 -0.1104
2.5833 -0.0597 -0.0858 -0.0234 -0.1098
2.6000 -0.0597 -0.0858 -0.0221 -0.1132
2.6167 -0.0591 -0.0938 -0.0208 -0.1140
2.6333 -0.0591 -0.0938 -0.0192 -0.1196
2.6500 -0.0591 -0.0938 -0.0178 -0.1219
2.6667 -0.0590 -0.0998 -0.0165 -0.1217
2.6833 -0.0590 -0.0998 -0.0154 -0.1250
2.7000 -0.0591 -0.1031 -0.0143 -0.1256
2.7167 -0.0591 -0.1031 -0.0135 -0.1269
2.7333 -0.0591 -0.1031 -0.0127 -0.1261
2.7500 -0.0614 -0.1073 -0.0120 -0.1237
2.7667 -0.0614 -0.1073 -0.0132 -0.1239
2.7833 -0.0603 -0.1024 -0.0139 -0.1224
2.8000 -0.0620 -0.1084 -0.0133 -0.1154
2.8167 -0.0620 -0.1084 -0.0141 -0.1141
2.8333 -0.0620 -0.1084 -0.0145 -0.1115
2.8500 -0.0630 -0.1086 -0.0145 -0.1082
2.8667 -0.0630 -0.1086 -0.0152 -0.1046
2.8833 -0.0630 -0.1086 -0.0155 -0.1006
2.9000 -0.0660 -0.1016 -0.0154 -0.0964
2.9167 -0.0660 -0.1016 -0.0177 -0.0863
2.9333 -0.0660 -0.1016 -0.0190 -0.0780
2.9500 -0.0537 -0.1020 -0.0196 -0.0712
2.9667 -0.0537 -0.1020 -0.0096 -0.0659
2.9833 -0.0529 -0.1057 -0.0025 -0.0612
3.0000 -0.0575 -0.1032 0.0032 -0.0603
3.0167 -0.0575 -0.1032 0.0032 -0.0567
3.0333 -0.0557 -0.1108 0.0032 -0.0534
3.0500 -0.0557 -0.1108 0.0047 -0.0567
3.0667 -0.0536 -0.1118 0.0057 -0.0582
3.0833 -0.0536 -0.1118 0.0080 -0.0592
3.1000 -0.0536 -0.1118 0.0096 -0.0591
3.1167 -0.0480 -0.1080 0.0105 -0.0582
3.1333 -0.0480 -0.1080 0.0156 -0.0537
3.1500 -0.0480 -0.1080 0.0190 -0.0498
3.1667 -0.0364 -0.1000 0.0210 -0.0464
3.1833 -0.0358 -0.1008 0.0319 -0.0367
3.2000 -0.0358 -0.1008 0.0395 -0.0301
3.2167 -0.0351 -0.1025 0.0442 -0.0251
3.2333 -0.0351 -0.1025 0.0475 -0.0227
3.2500 -0.0331 -0.1089 0.0491 -0.0207
3.2667 -0.0331 -0.1089 0.0512 -0.0244
3.2833 -0.0331 -0.1089 0.0519 -0.0266
3.3000 -0.0046 -0.0855 0.0518 -0.0278
3.3167 -0.0046 -0.0855 0.0746 -0.0087
3.3333 -0.0006 -0.0884 0.0895 0.0047
3.3500 -0.0006 -0.0884 0.1019 0.0115
3.3667 0.0007 -0.0934 0.1091 0.0161
3.3833 0.0035 -0.0963 0.1137 0.0149
3.4000 0.0035 -0.0992 0.1176 0.0114
3.4167 0.0035 -0.0992 0.1187 0.0064
3.4333 0.0033 -0.1093 0.1179 0.0029
3.4500 0.0033 -0.1093 0.1154 -0.0080
3.4667 0.0032 -0.1147 0.1122 -0.0155
3.4833 0.0032 -0.1147 0.1082 -0.0250
3.5000 0.0032 -0.1147 0.1040 -0.0312
3.5167 0.0034 -0.1187 0.0996 -0.0351
3.5333 0.0034 -0.1187 0.0953 -0.0407
3.5500 0.0041 -0.1236 0.0910 -0.0440
3.5667 0.0041 -0.1236 0.0873 -0.0498
3.5833 0.0041 -0.1236 0.0836 -0.0531
3.6000 0.0039 -0.1269 0.0798 -0.0546
3.6167 0.0039 -0.1269 0.0759 -0.0577
3.6333 0.0030 -0.1323 0.0722 -0.0590
3.6500 0.0030 -0.1323 0.0678 -0.0637
3.6667 0.0030 -0.1351 0.0639 -0.0660
3.6833 0.0030 -0.1351 0.0602 -0.0691
3.7000 0.0030 -0.1351 0.0569 -0.0702
3.7167 0.0018 -0.1393 0.0538 -0.0701
3.7333 0.0018 -0.1393 0.0498 -0.0724
3.7500 0.0015 -0.1417 0.0464 -0.0731
3.7667 0.0015 -0.1417 0.0432 -0.0745
3.7833 0.0015 -0.1417 0.0403 -0.0745
3.8000 0.0003 -0.1441 0.0377 -0.0735
3.8167 0.0003 -0.1441 0.0344 -0.0737
3.8333 -0.0059 -0.1480 0.0316 -0.0728
3.8500 -0.0059 -0.1480 0.0240 -0.0745
3.8667 -0.0065 -0.1485 0.0184 -0.0746
3.8833 -0.0065 -0.1485 0.0138 -0.0740
3.9000 -0.0065 -0.1485 0.0104 -0.0726
3.9167 -0.0066 -0.1483 0.0079 -0.0706
3.9333 -0.0129 -0.1471 0.0060 -0.0682
3.9500 -0.0130 -0.1470 -0.0007 -0.0645
3.9667 -0.0130 -0.1470 -0.0054 -0.0609
3.9833 -0.0138 -0.1442 -0.0086 -0.0575
4.0000 -0.0138 -0.1442 -0.0113 -0.0521
4.0167 -0.0142 -0.1432 -0.0131 -0.0476
4.0333 -0.0142 -0.1432 -0.0145 -0.0430
4.0500 -0.0142 -0.1432 -0.0153 -0.0392
4.0667 -0.0148 -0.1369 -0.0157 -0.0361
4.0833 -0.0148 -0.1369 -0.0162 -0.0281
4.1000 -0.0148 -0.1369 -0.0163 -0.0222
4.1167 -0.0178 -0.1283 -0.0162 -0.0177
4.1333 -0.0178 -0.1283 -0.0184 -0.0073
4.1500 -0.0229 -0.1246 -0.0197 0.0001
4.1667 -0.0233 -0.1221 -0.0245 0.0084
4.1833 -0.0236 -0.1202 -0.0278 0.0161
4.2000 -0.0236 -0.1202 -0.0300 0.0228
4.2167 -0.0281 -0.1159 -0.0311 0.0271
4.2333 -0.0281 -0.1159 -0.0352 0.0333
4.2500 -0.0281 -0.1159 -0.0375 0.0372
4.2667 -0.0346 -0.1117 -0.0386 0.0394
4.2833 -0.0346 -0.1117 -0.0443 0.0439
4.3000 -0.0315 -0.1027 -0.0476 0.0464
4.3167 -0.0325 -0.1011 -0.0467 0.0550
4.3333 -0.0325 -0.1011 -0.0462 0.0615
4.3500 -0.0333 -0.1009 -0.0453 0.0652
4.3667 -0.0333 -0.1009 -0.0446 0.0670
4.3833 -0.0333 -0.1009 -0.0435 0.0674
4.4000 -0.0350 -0.0981 -0.0421 0.0667
4.4167 -0.0350 -0.0981 -0.0421 0.0676
4.4333 -0.0370 -0.0973 -0.0414 0.0673
4.4500 -0.0373 -0.0968 -0.0421 0.0668
4.4667 -0.0373 -0.0968 -0.0422 0.0659
4.4833 -0.0394 -0.0966 -0.0416 0.0644
4.5000 -0.0394 -0.0966 -0.0424 0.0627
4.5167 -0.0422 -0.0970 -0.0424 0.0606
4.5333 -0.0422 -0.0970 -0.0442 0.0580
4.5500 -0.0422 -0.0970 -0.0448 0.0554
4.5667 -0.0407 -0.0971 -0.0446 0.0528
4.5833 -0.0407 -0.0971 -0.0426 0.0501
4.6000 -0.0447 -0.1006 -0.0406 0.0475
4.6167 -0.0447 -0.1006 -0.0420 0.0422
4.6333 -0.0447 -0.1006 -0.0424 0.0380
4.6500 -0.0447 -0.1038 -0.0421 0.0345
4.6667 -0.0448 -0.1055 -0.0412 0.0288
4.6833 -0.0448 -0.1055 -0.0401 0.0231
4.7000 -0.0454 -0.1090 -0.0388 0.0188
4.7167 -0.0454 -0.1090 -0.0379 0.0127
4.7333 -0.0454 -0.1090 -0.0367 0.0083
4.7500 -0.0455 -0.1111 -0.0353 0.0051
4.7667 -0.0455 -0.1111 -0.0341 0.0010
4.7833 -0.0461 -0.1147 -0.0327 -0.0019
4.8000 -0.0461 -0.1147 -0.0318 -0.0068
4.8167 -0.0463 -0.1175 -0.0308 -0.0102
4.8333 -0.0463 -0.1175 -0.0297 -0.0147
4.8500 -0.0463 -0.1175 -0.0286 -0.0176
4.8667 -0.0466 -0.1229 -0.0274 -0.0194
4.8833 -0.0467 -0.1235 -0.0265 -0.0248
4.9000 -0.0467 -0.1235 -0.0255 -0.0288
4.9167 -0.0467 -0.1235 -0.0245 -0.0312
4.9333 -0.0476 -0.1320 -0.0234 -0.0324
4.9500 -0.0476 -0.1320 -0.0231 -0.0399
4.9667 -0.0476 -0.1320 -0.0226 -0.0445
4.9833 -0.0495 -0.1397 -0.0219 -0.0471
5.0000 -0.0495 -0.1397 -0.0227 -0.0546
5.0167 -0.0499 -0.1412 -0.0230 -0.0591
5.0333 -0.0499 -0.1427 -0.0232 -0.0627
5.0500 -0.0503 -0.1433 -0.0230 -0.0655
5.0667 -0.0503 -0.1433 -0.0229 -0.0671
5.0833 -0.0489 -0.1434 -0.0224 -0.0672
5.1000 -0.0489 -0.1434 -0.0207 -0.0666
5.1167 -0.0489 -0.1434 -0.0192 -0.0652
5.1333 -0.0483 -0.1466 -0.0179 -0.0633
5.1500 -0.0483 -0.1466 -0.0162 -0.0637
5.1667 -0.0453 -0.1474 -0.0148 -0.0631
5.1833 -0.0453 -0.1474 -0.0111 -0.0625
5.2000 -0.0453 -0.1474 -0.0084 -0.0612
5.2167 -0.0447 -0.1486 -0.0064 -0.0595
5.2333 -0.0447 -0.1486 -0.0044 -0.0584
5.2500 -0.0447 -0.1489 -0.0029 -0.0569
5.2667 -0.0447 -0.1491 -0.0020 -0.0554
5.2833 -0.0447 -0.1491 -0.0012 -0.0537
5.3000 -0.0447 -0.1491 -0.0007 -0.0517
5.3167 -0.0446 -0.1498 -0.0003 -0.0497
5.3333 -0.0446 -0.1498 0.0001 -0.0482
5.3500 -0.0446 -0.1498 0.0003 -0.0464
5.3667 -0.0446 -0.1509 0.0005 -0.0446
5.3833 -0.0445 -0.1501 0.0006 -0.0435
5.4000 -0.0442 -0.1496 0.0007 -0.0415
5.4167 -0.0442 -0.1496 0.0010 -0.0392
5.4333 -0.0442 -0.1496 0.0012 -0.0370
5.4500 -0.0446 -0.1496 0.0014 -0.0350
5.4667 -0.0446 -0.1496 0.0012 -0.0331
5.4833 -0.0446 -0.1496 0.0010 -0.0313
5.5000 -0.0448 -0.1486 0.0009 -0.0297
5.5167 -0.0448 -0.1486 0.0006 -0.0273
5.5333 -0.0450 -0.1473 0.0004 -0.0252
5.5500 -0.0450 -0.1473 0.0001 -0.0223
5.5667 -0.0450 -0.1473 -0.0002 -0.0200
5.5833 -0.0457 -0.1447 -0.0004 -0.0181
5.6000 -0.0457 -0.1447 -0.0010 -0.0144
5.6167 -0.0482 -0.1432 -0.0014 -0.0116
5.6333 -0.0485 -0.1427 -0.0039 -0.0083
5.6500 -0.0489 -0.1410 -0.0058 -0.0054
5.6667 -0.0489 -0.1410 -0.0073 -0.0020
5.6833 -0.0493 -0.1399 -0.0082 0.0005
5.7000 -0.0493 -0.1399 -0.0091 0.0031
5.7167 -0.0510 -0.1380 -0.0096 0.0048
5.7333 -0.0510 -0.1380 -0.0112 0.0076
5.7500 -0.0510 -0.1380 -0.0122 0.0095
5.7667 -0.0535 -0.1356 -0.0127 0.0106
5.7833 -0.0543 -0.1338 -0.0150 0.0132
5.8000 -0.0543 -0.1338 -0.0171 0.0164
5.8167 -0.0550 -0.1301 -0.0182 0.0184
5.8333 -0.0550 -0.1301 -0.0194 0.0225
5.8500 -0.0564 -0.1267 -0.0200 0.0251
5.8667 -0.0564 -0.1267 -0.0212 0.0294
5.8833 -0.0564 -0.1267 -0.0218 0.0319
5.9000 -0.0586 -0.1220 -0.0219 0.0332
5.9167 -0.0586 -0.1220 -0.0235 0.0377
5.9333 -0.0622 -0.1183 -0.0243 0.0403
5.9500 -0.0625 -0.1157 -0.0275 0.0445
5.9667 -0.0625 -0.1157 -0.0295 0.0491
5.9833 -0.0625 -0.1157 -0.0305 0.0515
6.0000 -0.0672 -0.1129 -0.0308 0.0525
6.0167 -0.0672 -0.1129 -0.0345 0.0548
6.0333 -0.0665 -0.1072 -0.0366 0.0556
6.0500 -0.0665 -0.1072 -0.0370 0.0602
6.0667 -0.0681 -0.1030 -0.0367 0.0625
6.0833 -0.0681 -0.1030 -0.0374 0.0668
6.1000 -0.0681 -0.1030 -0.0373 0.0688
6.1167 -0.0695 -0.0960 -0.0367 0.0693
6.1333 -0.0701 -0.0945 -0.0370 0.0745
6.1500 -0.0701 -0.0945 -0.0372 0.0783
6.1667 -0.0707 -0.0924 -0.0368 0.0798
6.1833 -0.0707 -0.0924 -0.0365 0.0816
6.2000 -0.0707 -0.0924 -0.0358 0.0817
6.2167 -0.0734 -0.0864 -0.0349 0.0806
6.2333 -0.0734 -0.0864 -0.0359 0.0837
6.2500 -0.0747 -0.0814 -0.0362 0.0847
6.2667 -0.0757 -0.0800 -0.0369 0.0883
6.2833 -0.0757 -0.0800 -0.0378 0.0909
6.3000 -0.0757 -0.0800 -0.0378 0.0914
6.3167 -0.0768 -0.0762 -0.0373 0.0905
6.3333 -0.0768 -0.0762 -0.0374 0.0917
6.3500 -0.0773 -0.0717 -0.0370 0.0913
6.3667 -0.0773 -0.0717 -0.0365 0.0935
6.3833 -0.0773 -0.0717 -0.0357 0.0938
6.4000 -0.0800 -0.0674 -0.0347 0.0926
6.4167 -0.0800 -0.0674 -0.0357 0.0941
6.4333 -0.0815 -0.0573 -0.0359 0.0939
6.4500 -0.0815 -0.0573 -0.0368 0.1008
6.4667 -0.0823 -0.0568 -0.0369 0.1042
6.4833 -0.0823 -0.0568 -0.0371 0.1056
6.5000 -0.0761 -0.0509 -0.0367 0.1050
6.5167 -0.0761 -0.0509 -0.0308 0.1081
6.5333 -0.0804 -0.0424 -0.0262 0.1088
6.5500 -0.0804 -0.0424 -0.0263 0.1148
6.5667 -0.0824 -0.0395 -0.0261 0.1174
6.5833 -0.0824 -0.0395 -0.0271 0.1200
6.6000 -0.0824 -0.0395 -0.0275 0.1202
6.6167 -0.0838 -0.0349 -0.0274 0.1186
6.6333 -0.0838 -0.0349 -0.0281 0.1197
6.6500 -0.0851 -0.0319 -0.0282 0.1188
6.6667 -0.0852 -0.0301 -0.0289 0.1189
6.6833 -0.0852 -0.0280 -0.0291 0.1189
6.7000 -0.0852 -0.0280 -0.0289 0.1190
6.7167 -0.0861 -0.0244 -0.0284 0.1174
6.7333 -0.0861 -0.0244 -0.0283 0.1177
6.7500 -0.0879 -0.0235 -0.0279 0.1163
6.7667 -0.0879 -0.0235 -0.0286 0.1144
6.7833 -0.0879 -0.0235 -0.0288 0.1116
6.8000 -0.0876 -0.0192 -0.0285 0.1080
6.8167 -0.0876 -0.0192 -0.0276 0.1076
6.8333 -0.0895 -0.0163 -0.0267 0.1058
6.8500 -0.0895 -0.0163 -0.0272 0.1056
6.8667 -0.0836 -0.0085 -0.0273 0.1039
6.8833 -0.0837 -0.0005 -0.0220 0.1078
6.9000 -0.0861 -0.0003 -0.0181 0.1157
6.9167 -0.0861 -0.0003 -0.0171 0.1197
6.9333 -0.0854 -0.0033 -0.0162 0.1208
6.9500 -0.0854 -0.0033 -0.0147 0.1175
6.9667 -0.0854 -0.0033 -0.0135 0.1135
6.9833 -0.0870 0.0015 -0.0125 0.1091
7.0000 -0.0870 0.0015 -0.0129 0.1086
7.0167 -0.0722 0.0078 -0.0131 0.1067
7.0333 -0.0708 0.0080 -0.0007 0.1091
7.0500 -0.0706 0.0084 0.0091 0.1095
7.0667 -0.0706 0.0084 0.0160 0.1086
7.0833 -0.0706 0.0083 0.0205 0.1064
7.1000 -0.0706 0.0083 0.0234 0.1034
7.1167 -0.0713 0.0079 0.0251 0.0999
7.1333 -0.0713 0.0079 0.0254 0.0956
7.1500 -0.0713 0.0079 0.0252 0.0913
7.1667 -0.0710 0.0066 0.0247 0.0871
7.1833 -0.0710 0.0066 0.0243 0.0819
7.2000 -0.0704 0.0063 0.0236 0.0771
7.2167 -0.0705 0.0040 0.0233 0.0725
7.2333 -0.0708 0.0037 0.0227 0.0664
7.2500 -0.0708 0.0037 0.0217 0.0609
7.2667 -0.0699 0.0028 0.0207 0.0562
7.2833 -0.0699 0.0028 0.0205 0.0515
7.3000 -0.0699 0.0028 0.0200 0.0475
7.3167 -0.0632 0.0045 0.0194 0.0440
7.3333 -0.0632 0.0045 0.0244 0.0424
7.3500 -0.0627 -0.0049 0.0275 0.0407
7.3667 -0.0673 -0.0122 0.0297 0.0311
7.3833 -0.0575 -0.0068 0.0270 0.0179
7.4000 -0.0575 -0.0068 0.0329 0.0130
7.4167 -0.0480 -0.0036 0.0365 0.0094
7.4333 -0.0480 -0.0036 0.0465 0.0095
7.4500 -0.0520 -0.0077 0.0527 0.0095
7.4667 -0.0520 -0.0077 0.0530 0.0059
7.4833 -0.0520 -0.0077 0.0525 0.0033
7.5000 -0.0411 -0.0135 0.0514 0.0014
7.5167 -0.0411 -0.0135 0.0590 -0.0047
7.5333 -0.0336 -0.0149 0.0634 -0.0089
7.5500 -0.0322 -0.0144 0.0719 -0.0129
7.5667 -0.0322 -0.0144 0.0780 -0.0151
7.5833 -0.0322 -0.0144 0.0811 -0.0164
7.6000 -0.0263 -0.0150 0.0822 -0.0171
7.6167 -0.0263 -0.0150 0.0867 -0.0179
7.6333 -0.0251 -0.0173 0.0886 -0.0181
7.6500 -0.0251 -0.0173 0.0896 -0.0200
7.6667 -0.0237 -0.0202 0.0891 -0.0209
7.6833 -0.0237 -0.0202 0.0887 -0.0237
7.7000 -0.0237 -0.0202 0.0872 -0.0253
7.7167 -0.0218 -0.0242 0.0850 -0.0261
7.7333 -0.0218 -0.0242 0.0838 -0.0296
7.7500 -0.0208 -0.0281 0.0818 -0.0317
7.7667 -0.0208 -0.0293 0.0802 -0.0359
7.7833 -0.0208 -0.0293 0.0779 -0.0394
7.8000 -0.0208 -0.0293 0.0753 -0.0412
7.8167 -0.0206 -0.0305 0.0724 -0.0419
7.8333 -0.0206 -0.0305 0.0695 -0.0428
7.8500 -0.0206 -0.0305 0.0666 -0.0428
7.8667 -0.0191 -0.0343 0.0636 -0.0422
7.8833 -0.0191 -0.0343 0.0618 -0.0444
7.9000 -0.0212 -0.0377 0.0598 -0.0453
7.9167 -0.0208 -0.0380 0.0557 -0.0482
7.9333 -0.0208 -0.0380 0.0525 -0.0497
7.9500 -0.0208 -0.0380 0.0496 -0.0501
7.9667 -0.0279 -0.0384 0.0468 -0.0497
7.9833 -0.0279 -0.0384 0.0384 -0.0490
8.0000 -0.0295 -0.0428 0.0320 -0.0479
8.0167 -0.0295 -0.0428 0.0257 -0.0501
8.0333 -0.0295 -0.0428 0.0210 -0.0510
8.0500 -0.0300 -0.0470 0.0174 -0.0509
8.0667 -0.0300 -0.0470 0.0142 -0.0536
8.0833 -0.0300 -0.0478 0.0119 -0.0547
8.1000 -0.0312 -0.0498 0.0101 -0.0555
8.1167 -0.0312 -0.0498 0.0077 -0.0568
8.1333 -0.0312 -0.0498 0.0059 -0.0569
8.1500 -0.0323 -0.0511 0.0046 -0.0563
8.1667 -0.0323 -0.0511 0.0027 -0.0561
8.1833 -0.0323 -0.0511 0.0014 -0.0552
8.2000 -0.0372 -0.0527 0.0005 -0.0538
8.2167 -0.0372 -0.0527 -0.0043 -0.0535
8.2333 -0.0434 -0.0554 -0.0075 -0.0525
8.2500 -0.0466 -0.0562 -0.0148 -0.0533
8.2667 -0.0466 -0.0562 -0.0224 -0.0538
8.2833 -0.0466 -0.0562 -0.0273 -0.0534
8.3000 -0.0499 -0.0567 -0.0304 -0.0524
8.3167 -0.0499 -0.0567 -0.0348 -0.0514
8.3333 -0.0502 -0.0552 -0.0375 -0.0499
8.3500 -0.0502 -0.0552 -0.0390 -0.0470
8.3667 -0.0527 -0.0550 -0.0396 -0.0443
8.3833 -0.0527 -0.0550 -0.0415 -0.0416
8.4000 -0.0527 -0.0550 -0.0422 -0.0392
8.4167 -0.0601 -0.0534 -0.0422 -0.0369
8.4333 -0.0601 -0.0534 -0.0477 -0.0336
8.4500 -0.0601 -0.0534 -0.0509 -0.0308
8.4667 -0.0658 -0.0604 -0.0524 -0.0284
8.4833 -0.0658 -0.0604 -0.0574 -0.0322
8.5000 -0.0684 -0.0586 -0.0601 -0.0344
8.5167 -0.0740 -0.0585 -0.0634 -0.0339
8.5333 -0.0740 -0.0585 -0.0694 -0.0330
8.5500 -0.0740 -0.0585 -0.0726 -0.0319
8.5667 -0.0738 -0.0553 -0.0739 -0.0307
8.5833 -0.0738 -0.0553 -0.0735 -0.0268
8.6000 -0.0840 -0.0526 -0.0722 -0.0238
8.6167 -0.0840 -0.0526 -0.0789 -0.0190
8.6333 -0.0840 -0.0526 -0.0824 -0.0154
8.6500 -0.0818 -0.0489 -0.0837 -0.0127
8.6667 -0.0818 -0.0489 -0.0816 -0.0076
8.6833 -0.0898 -0.0445 -0.0790 -0.0040
8.7000 -0.0926 -0.0443 -0.0828 0.0023
8.7167 -0.0926 -0.0443 -0.0866 0.0068
8.7333 -0.0926 -0.0443 -0.0880 0.0098
8.7500 -0.0901 -0.0376 -0.0878 0.0118
8.7667 -0.0901 -0.0376 -0.0844 0.0186
8.7833 -0.0923 -0.0360 -0.0808 0.0231
8.8000 -0.0923 -0.0360 -0.0791 0.0272
8.8167 -0.0952 -0.0295 -0.0768 0.0297
8.8333 -0.0952 -0.0295 -0.0765 0.0365
8.8500 -0.0952 -0.0295 -0.0753 0.0406
8.8667 -0.0988 -0.0253 -0.0733 0.0430
8.8833 -0.1003 -0.0243 -0.0740 0.0475
8.9000 -0.1003 -0.0243 -0.0746 0.0508
8.9167 -0.1003 -0.0228 -0.0741 0.0524
8.9333 -0.1003 -0.0228 -0.0727 0.0540
8.9500 -0.1003 -0.0228 -0.0707 0.0543
8.9667 -0.1008 -0.0176 -0.0683 0.0538
8.9833 -0.1008 -0.0176 -0.0661 0.0571
9.0000 -0.1008 -0.0176 -0.0636 0.0586
9.0167 -0.1008 -0.0185 -0.0610 0.0588
9.0333 -0.1011 -0.0173 -0.0584 0.0573
9.0500 -0.1011 -0.0173 -0.0560 0.0566
9.0667 -0.1013 -0.0161 -0.0536 0.0553
9.0833 -0.1013 -0.0161 -0.0513 0.0546
9.1000 -0.1013 -0.0161 -0.0490 0.0534
9.1167 -0.1030 -0.0119 -0.0468 0.0518
9.1333 -0.1030 -0.0119 -0.0460 0.0534
9.1500 -0.1052 -0.0087 -0.0448 0.0538
9.1667 -0.1059 -0.0085 -0.0451 0.0560
9.1833 -0.1059 -0.0085 -0.0453 0.0569
9.2000 -0.1059 -0.0085 -0.0448 0.0568
9.2167 -0.1063 -0.0051 -0.0438 0.0560
9.2333 -0.1063 -0.0051 -0.0429 0.0574
9.2500 -0.1078 -0.0032 -0.0417 0.0576
9.2667 -0.1078 -0.0032 -0.0415 0.0585
9.2833 -0.1078 -0.0032 -0.0408 0.0583
9.3000 -0.1088 -0.0010 -0.0397 0.0574
9.3167 -0.1088 -0.0010 -0.0393 0.0578
9.3333 -0.1101 -0.0012 -0.0384 0.0573
9.3500 -0.1102 -0.0013 -0.0383 0.0559
9.3667 -0.1102 -0.0013 -0.0378 0.0541
9.3833 -0.1102 -0.0013 -0.0370 0.0521
9.4000 -0.1113 0.0004 -0.0359 0.0500
9.4167 -0.1113 0.0004 -0.0355 0.0492
9.4333 -0.1129 0.0015 -0.0347 0.0480
9.4500 -0.1129 0.0015 -0.0351 0.0475
9.4667 -0.1116 0.0090 -0.0349 0.0464
9.4833 -0.1130 0.0086 -0.0331 0.0513
9.5000 -0.1131 0.0078 -0.0326 0.0536
9.5167 -0.1131 0.0078 -0.0319 0.0538
9.5333 -0.1131 0.0078 -0.0309 0.0531
9.5500 -0.1029 0.0355 -0.0299 0.0520
9.5667 -0.1028 0.0358 -0.0202 0.0736
9.5833 -0.1027 0.0360 -0.0131 0.0878
9.6000 -0.1027 0.0360 -0.0080 0.0967
9.6167 -0.1027 0.0369 -0.0043 0.1015
9.6333 -0.1027 0.0369 -0.0016 0.1041
9.6500 -0.1035 0.0370 0.0003 0.1045
9.6667 -0.1035 0.0370 0.0009 0.1035
9.6833 -0.1035 0.0370 0.0013 0.1013
9.7000 -0.1043 0.0385 0.0015 0.0984
9.7167 -0.1043 0.0385 0.0011 0.0962
9.7333 -0.1056 0.0388 0.0008 0.0934
9.7500 -0.1056 0.0388 -0.0006 0.0904
9.7667 -0.1088 0.0399 -0.0015 0.0870
9.7833 -0.1088 0.0399 -0.0048 0.0843
9.8000 -0.1088 0.0399 -0.0070 0.0813
9.8167 -0.1108 0.0417 -0.0084 0.0781
9.8333 -0.1108 0.0417 -0.0110 0.0763
9.8500 -0.1075 0.0432 -0.0126 0.0740
9.8667 -0.0981 0.0485 -0.0108 0.0726
9.8833 -0.0981 0.0485 -0.0016 0.0751
9.9000 -0.0981 0.0485 0.0048 0.0757
9.9167 -0.1047 0.0495 0.0092 0.0751
9.9333 -0.1047 0.0495 0.0066 0.0745
9.9500 -0.1078 0.0463 0.0047 0.0731
9.9667 -0.1078 0.0463 0.0008 0.0684
9.9833 -0.1078 0.0463 -0.0020 0.0641
10.0000 -0.1117 0.0483 -0.0039 0.0603
10.0167 -0.1117 0.0483 -0.0084 0.0584
10.0333 -0.1041 0.0579 -0.0114 0.0563
10.0500 -0.1041 0.0579 -0.0070 0.0621
10.0667 -0.1040 0.0570 -0.0038 0.0653
10.0833 -0.1040 0.0570 -0.0015 0.0659
10.1000 -0.1040 0.0570 0.0001 0.0653
10.1167 -0.1056 0.0523 0.0012 0.0641
10.1333 -0.1062 0.0499 0.0007 0.0584
10.1500 -0.1062 0.0499 -0.0002 0.0516
10.1667 -0.1064 0.0477 -0.0008 0.0461
10.1833 -0.1064 0.0477 -0.0014 0.0399
10.2000 -0.1064 0.0477 -0.0018 0.0350
10.2167 -0.0996 0.0427 -0.0021 0.0311
10.2333 -0.0996 0.0427 0.0035 0.0239
10.2500 -0.0994 0.0340 0.0073 0.0185
10.2667 -0.0995 0.0334 0.0100 0.0072
10.2833 -0.0988 0.0309 0.0117 -0.0013
10.3000 -0.0988 0.0309 0.0133 -0.0092
10.3167 -0.0993 0.0215 0.0142 -0.0146
10.3333 -0.0993 0.0215 0.0142 -0.0260
10.3500 -0.0996 0.0165 0.0141 -0.0336
10.3667 -0.0996 0.0165 0.0134 -0.0425
10.3833 -0.0996 0.0165 0.0128 -0.0481
10.4000 -0.1005 0.0110 0.0122 -0.0514
10.4167 -0.1005 0.0110 0.0109 -0.0575
10.4333 -0.1005 0.0110 0.0099 -0.0610
10.4500 -0.1041 0.0049 0.0090 -0.0626
10.4667 -0.1041 0.0049 0.0052 -0.0679
10.4833 -0.1034 -0.0016 0.0025 -0.0706
10.5000 -0.0997 -0.0046 0.0013 -0.0769
10.5167 -0.0997 -0.0046 0.0034 -0.0827
10.5333 -0.0997 -0.0046 0.0048 -0.0856
10.5500 -0.0837 -0.0154 0.0057 -0.0864
10.5667 -0.0837 -0.0154 0.0197 -0.0948
10.5833 -0.0823 -0.0184 0.0291 -0.0993
10.6000 -0.0823 -0.0184 0.0364 -0.1036
10.6167 -0.0822 -0.0209 0.0410 -0.1051
10.6333 -0.0822 -0.0209 0.0437 -0.1068
10.6500 -0.0822 -0.0209 0.0449 -0.1064
10.6667 -0.0815 -0.0236 0.0451 -0.1047
10.6833 -0.0815 -0.0236 0.0452 -0.1044
10.7000 -0.0651 -0.0293 0.0447 -0.1027
10.7167 -0.0648 -0.0303 0.0574 -0.1049
10.7333 -0.0648 -0.0303 0.0657 -0.1057
10.7500 -0.0648 -0.0303 0.0706 -0.1048
10.7667 -0.0651 -0.0303 0.0729 -0.1027
10.7833 -0.0651 -0.0303 0.0734 -0.0998
10.8000 -0.0651 -0.0303 0.0726 -0.0964
10.8167 -0.0651 -0.0303 0.0710 -0.0927
10.8333 -0.0651 -0.0303 0.0690 -0.0889
10.8500 -0.0652 -0.0306 0.0666 -0.0850
10.8667 -0.0652 -0.0306 0.0639 -0.0813
10.8833 -0.0600 -0.0307 0.0612 -0.0777
10.9000 -0.0601 -0.0295 0.0628 -0.0742
10.9167 -0.0601 -0.0295 0.0630 -0.0697
10.9333 -0.0601 -0.0295 0.0622 -0.0656
10.9500 -0.0574 -0.0253 0.0608 -0.0619
10.9667 -0.0574 -0.0253 0.0612 -0.0549
10.9833 -0.0574 -0.0253 0.0606 -0.0493
11.0000 -0.0387 -0.0153 0.0594 -0.0447
11.0167 -0.0387 -0.0153 0.0733 -0.0325
11.0333 -0.0387 -0.0153 0.0820 -0.0236
11.0500 -0.0329 -0.0044 0.0869 -0.0171
11.0667 -0.0331 -0.0024 0.0939 -0.0032
11.0833 -0.0331 -0.0024 0.0973 0.0081
11.1000 -0.0319 -0.0003 0.0983 0.0158
11.1167 -0.0319 -0.0003 0.0986 0.0227
11.1333 -0.0319 -0.0003 0.0975 0.0271
11.1500 -0.0322 0.0013 0.0953 0.0299
11.1667 -0.0322 0.0013 0.0923 0.0328
11.1833 -0.0322 0.0013 0.0889 0.0343
11.2000 -0.0316 0.0022 0.0853 0.0349
11.2167 -0.0304 0.0022 0.0821 0.0356
11.2333 0.0092 0.0054 0.0797 0.0355
11.2500 0.0092 0.0054 0.1099 0.0376
11.2667 0.0103 0.0054 0.1294 0.0386
11.2833 0.0103 0.0054 0.1420 0.0388
11.3000 0.0103 0.0054 0.1489 0.0383
11.3167 0.0106 0.0025 0.1515 0.0375
11.3333 0.0106 0.0025 0.1515 0.0340
11.3500 0.0106 0.0025 0.1494 0.0311
11.3667 0.0096 -0.0018 0.1459 0.0286
11.3833 0.0091 -0.0025 0.1406 0.0229
11.4000 0.0091 -0.0025 0.1346 0.0180
11.4167 0.0090 -0.0028 0.1285 0.0144
11.4333 0.0090 -0.0028 0.1224 0.0115
11.4500 0.0107 -0.0048 0.1165 0.0093
11.4667 0.0107 -0.0048 0.1122 0.0059
11.4833 0.0107 -0.0048 0.1076 0.0035
11.5000 0.0118 -0.0085 0.1030 0.0018
11.5167 0.0118 -0.0107 0.0992 -0.0025
11.5333 0.0118 -0.0107 0.0952 -0.0073
11.5500 0.0117 -0.0162 0.0911 -0.0106
11.5667 0.0117 -0.0162 0.0869 -0.0172
11.5833 0.0117 -0.0162 0.0827 -0.0217
11.6000 0.0242 -0.0155 0.0787 -0.0244
11.6167 0.0242 -0.0155 0.0853 -0.0254
11.6333 0.0248 -0.0200 0.0886 -0.0257
11.6500 0.0246 -0.0205 0.0903 -0.0294
11.6667 0.0246 -0.0205 0.0899 -0.0319
11.6833 0.0246 -0.0205 0.0884 -0.0332
11.7000 0.0252 -0.0246 0.0862 -0.0337
11.7167 0.0252 -0.0246 0.0840 -0.0369
11.7333 0.0262 -0.0289 0.0813 -0.0387
11.7500 0.0262 -0.0289 0.0790 -0.0430
11.7667 0.0260 -0.0318 0.0764 -0.0454
11.7833 0.0260 -0.0318 0.0733 -0.0488
11.8000 0.0260 -0.0318 0.0702 -0.0505
11.8167 0.0279 -0.0372 0.0670 -0.0509
11.8333 0.0279 -0.0372 0.0655 -0.0551
11.8500 0.0279 -0.0372 0.0635 -0.0572
11.8667 0.0374 -0.0423 0.0612 -0.0578
11.8833 0.0374 -0.0423 0.0667 -0.0617
11.9000 0.0374 -0.0423 0.0696 -0.0636
11.9167 0.0387 -0.0482 0.0707 -0.0640
11.9333 0.0387 -0.0482 0.0715 -0.0684
11.9500 0.0408 -0.0528 0.0711 -0.0704
11.9667 0.0409 -0.0545 0.0717 -0.0747
11.9833 0.0409 -0.0545 0.0711 -0.0781
12.0000 0.0409 -0.0545 0.0697 -0.0793
12.0167 0.0413 -0.0582 0.0677 -0.0791
12.0333 0.0413 -0.0582 0.0658 -0.0809
12.0500 0.0427 -0.0605 0.0635 -0.0811
12.0667 0.0427 -0.0605 0.0622 -0.0820
12.0833 0.0427 -0.0605 0.0604 -0.0814
12.1000 0.0434 -0.0646 0.0583 -0.0799
12.1167 0.0434 -0.0646 0.0567 -0.0812
12.1333 0.0434 -0.0646 0.0548 -0.0809
12.1500 0.0447 -0.0690 0.0527 -0.0796
12.1667 0.0447 -0.0690 0.0516 -0.0813
12.1833 0.0447 -0.0690 0.0501 -0.0814
12.2000 0.0456 -0.0711 0.0484 -0.0803
12.2167 0.0456 -0.0711 0.0472 -0.0801
12.2333 0.0466 -0.0727 0.0457 -0.0789
12.2500 0.0472 -0.0737 0.0449 -0.0782
12.2667 0.0472 -0.0737 0.0442 -0.0776
12.2833 0.0472 -0.0737 0.0431 -0.0760
12.3000 0.0486 -0.0742 0.0417 -0.0739
12.3167 0.0486 -0.0742 0.0414 -0.0718
12.3333 0.0509 -0.0750 0.0407 -0.0694
12.3500 0.0509 -0.0750 0.0414 -0.0674
12.3667 0.0514 -0.0753 0.0414 -0.0650
12.3833 0.0514 -0.0753 0.0412 -0.0628
12.4000 0.0514 -0.0753 0.0405 -0.0604
12.4167 0.0517 -0.0753 0.0395 -0.0579
12.4333 0.0517 -0.0753 0.0384 -0.0552
12.4500 0.0517 -0.0753 0.0372 -0.0527
12.4667 0.0532 -0.0751 0.0358 -0.0501
12.4833 0.0532 -0.0751 0.0356 -0.0475
12.5000 0.0545 -0.0750 0.0350 -0.0451
12.5167 0.0550 -0.0747 0.0351 -0.0427
12.5333 0.0550 -0.0747 0.0351 -0.0402
12.5500 0.0551 -0.0746 0.0347 -0.0378
12.5667 0.0551 -0.0746 0.0339 -0.0356
12.5833 0.0551 -0.0746 0.0330 -0.0336
12.6000 0.0565 -0.0739 0.0319 -0.0318
12.6167 0.0565 -0.0739 0.0318 -0.0294
12.6333 0.0575 -0.0731 0.0313 -0.0274
12.6500 0.0574 -0.0730 0.0314 -0.0249
12.6667 0.0574 -0.0730 0.0309 -0.0227
12.6833 0.0574 -0.0730 0.0302 -0.0209
12.7000 0.0593 -0.0731 0.0292 -0.0193
12.7167 0.0593 -0.0731 0.0297 -0.0181
12.7333 0.0593 -0.0731 0.0296 -0.0170
12.7500 0.0630 -0.0733 0.0292 -0.0160
12.7667 0.0630 -0.0733 0.0316 -0.0153
12.7833 0.0641 -0.0732 0.0328 -0.0145
12.8000 0.0644 -0.0733 0.0341 -0.0137
12.8167 0.0644 -0.0733 0.0348 -0.0130
12.8333 0.0644 -0.0733 0.0348 -0.0124
12.8500 0.0648 -0.0733 0.0343 -0.0117
12.8667 0.0648 -0.0733 0.0337 -0.0112
12.8833 0.0653 -0.0734 0.0329 -0.0106
12.9000 0.0653 -0.0734 0.0323 -0.0101
12.9167 0.0658 -0.0736 0.0314 -0.0096
12.9333 0.0658 -0.0736 0.0308 -0.0093
12.9500 0.0658 -0.0736 0.0300 -0.0090
12.9667 0.0668 -0.0739 0.0290 -0.0087
12.9833 0.0668 -0.0739 0.0287 -0.0085
13.0000 0.0687 -0.0746 0.0281 -0.0083
13.0167 0.0688 -0.0754 0.0289 -0.0087
13.0333 0.0688 -0.0754 0.0292 -0.0094
13.0500 0.0688 -0.0754 0.0289 -0.0099
13.0667 0.0694 -0.0759 0.0284 -0.0100
13.0833 0.0694 -0.0759 0.0280 -0.0104
13.1000 0.0734 -0.0767 0.0274 -0.0105
13.1167 0.0734 -0.0767 0.0299 -0.0111
13.1333 0.0734 -0.0767 0.0313 -0.0114
13.1500 0.0733 -0.0770 0.0318 -0.0114
13.1667 0.0733 -0.0770 0.0316 -0.0116
13.1833 0.0732 -0.0771 0.0310 -0.0115
13.2000 0.0737 -0.0774 0.0301 -0.0114
13.2167 0.0737 -0.0774 0.0295 -0.0114
13.2333 0.0737 -0.0774 0.0287 -0.0112
13.2500 0.0741 -0.0771 0.0278 -0.0109
13.2667 0.0741 -0.0771 0.0270 -0.0103
13.2833 0.0762 -0.0774 0.0261 -0.0097
13.3000 0.0762 -0.0774 0.0268 -0.0095
13.3167 0.0767 -0.0776 0.0270 -0.0091
13.3333 0.0767 -0.0776 0.0271 -0.0090
13.3500 0.0767 -0.0776 0.0269 -0.0088
13.3667 0.0768 -0.0775 0.0263 -0.0085
13.3833 0.0768 -0.0775 0.0257 -0.0081
13.4000 0.0789 -0.0771 0.0249 -0.0077
13.4167 0.0809 -0.0772 0.0257 -0.0070
13.4333 0.0815 -0.0771 0.0276 -0.0064
13.4500 0.0815 -0.0771 0.0291 -0.0059
13.4667 0.0824 -0.0765 0.0296 -0.0055
13.4833 0.0824 -0.0765 0.0304 -0.0046
13.5000 0.0839 -0.0765 0.0305 -0.0039
13.5167 0.0839 -0.0765 0.0314 -0.0033
13.5333 0.0839 -0.0765 0.0316 -0.0029
13.5500 0.0861 -0.0770 0.0313 -0.0025
13.5667 0.0861 -0.0770 0.0324 -0.0027
13.5833 0.0866 -0.0771 0.0328 -0.0028
13.6000 0.0869 -0.0772 0.0330 -0.0029
13.6167 0.0869 -0.0772 0.0329 -0.0030
13.6333 0.0869 -0.0772 0.0324 -0.0031
13.6500 0.0901 -0.0763 0.0316 -0.0031
13.6667 0.0901 -0.0763 0.0332 -0.0022
13.6833 0.0897 -0.0764 0.0339 -0.0016
13.7000 0.0897 -0.0764 0.0336 -0.0013
13.7167 0.0998 -0.0756 0.0329 -0.0010
13.7333 0.0998 -0.0756 0.0405 -0.0001
13.7500 0.0998 -0.0756 0.0452 0.0005
13.7667 0.0908 -0.0767 0.0478 0.0009
13.7833 0.0908 -0.0767 0.0415 0.0002
13.8000 0.0990 -0.0769 0.0365 -0.0002
13.8167 0.0995 -0.0789 0.0393 -0.0007
13.8333 0.0995 -0.0789 0.0411 -0.0027
13.8500 0.0995 -0.0789 0.0418 -0.0041
13.8667 0.0997 -0.0822 0.0417 -0.0050
13.8833 0.0997 -0.0822 0.0412 -0.0083
13.9000 0.0997 -0.0822 0.0403 -0.0104
13.9167 0.1005 -0.0877 0.0391 -0.0118
13.9333 0.1005 -0.0877 0.0384 -0.0171
13.9500 0.1005 -0.0954 0.0374 -0.0206
13.9667 0.0991 -0.0985 0.0361 -0.0292
13.9833 0.0991 -0.0985 0.0337 -0.0373
14.0000 0.0997 -0.0996 0.0315 -0.0425
14.0167 0.0997 -0.0996 0.0300 -0.0463
14.0333 0.0997 -0.0996 0.0286 -0.0484
14.0500 0.0968 -0.1099 0.0272 -0.0491
14.0667 0.0968 -0.1099 0.0234 -0.0576
14.0833 0.0929 -0.1171 0.0204 -0.0627
14.1000 0.0917 -0.1207 0.0149 -0.0713
14.1167 0.0908 -0.1241 0.0098 -0.0793
14.1333 0.0908 -0.1241 0.0053 -0.0866
14.1500 0.0880 -0.1301 0.0022 -0.0905
14.1667 0.0880 -0.1301 -0.0024 -0.0969
14.1833 0.0880 -0.1301 -0.0055 -0.1000
14.2000 0.0866 -0.1388 -0.0076 -0.1008
14.2167 0.0866 -0.1388 -0.0101 -0.1073
14.2333 0.0866 -0.1388 -0.0118 -0.1103
14.2500 0.0816 -0.1496 -0.0127 -0.1108
14.2667 0.0816 -0.1496 -0.0173 -0.1186
14.2833 0.0823 -0.1544 -0.0203 -0.1224
14.3000 0.0899 -0.1544 -0.0215 -0.1273
14.3167 0.0899 -0.1544 -0.0157 -0.1290
14.3333 0.0899 -0.1544 -0.0115 -0.1284
14.3500 0.0892 -0.1512 -0.0084 -0.1262
14.3667 0.0892 -0.1512 -0.0067 -0.1202
14.3833 0.1036 -0.1557 -0.0054 -0.1143
14.4000 0.1036 -0.1557 0.0075 -0.1124
14.4167 0.1107 -0.1579 0.0164 -0.1095
14.4333 0.1107 -0.1579 0.0283 -0.1079
14.4500 0.1107 -0.1579 0.0362 -0.1052
14.4667 0.1090 -0.1677 0.0412 -0.1019
14.4833 0.1090 -0.1677 0.0427 -0.1063
14.5000 0.1090 -0.1677 0.0431 -0.1079
14.5167 0.1066 -0.1726 0.0428 -0.1076
14.5333 0.1066 -0.1726 0.0399 -0.1099
14.5500 0.1043 -0.1748 0.0374 -0.1100
14.5667 0.1071 -0.1757 0.0332 -0.1104
14.5833 0.1071 -0.1757 0.0322 -0.1098
14.6000 0.1071 -0.1759 0.0311 -0.1079
14.6167 0.1071 -0.1759 0.0298 -0.1053
14.6333 0.1071 -0.1759 0.0285 -0.1020
14.6500 0.1227 -0.1811 0.0272 -0.0983
14.6667 0.1227 -0.1811 0.0390 -0.0986
14.6833 0.1268 -0.1832 0.0466 -0.0975
14.7000 0.1230 -0.1841 0.0547 -0.0972
14.7167 0.1230 -0.1841 0.0564 -0.0963
14.7333 0.1230 -0.1841 0.0568 -0.0943
14.7500 0.1139 -0.1868 0.0563 -0.0917
14.7667 0.1139 -0.1868 0.0475 -0.0908
14.7833 0.1139 -0.1868 0.0407 -0.0889
14.8000 0.1136 -0.1973 0.0355 -0.0864
14.8167 0.1136 -0.1973 0.0311 -0.0922
14.8333 0.1100 -0.2097 0.0276 -0.0950
14.8500 0.1071 -0.2103 0.0218 -0.1059
14.8667 0.1071 -0.2103 0.0150 -0.1126
14.8833 0.1071 -0.2103 0.0101 -0.1156
14.9000 0.1069 -0.2100 0.0066 -0.1161
14.9167 0.1069 -0.2100 0.0039 -0.1146
14.9333 0.0989 -0.2095 0.0020 -0.1120
14.9500 0.0989 -0.2095 -0.0061 -0.1082
14.9667 0.0926 -0.2099 -0.0116 -0.1040
14.9833 0.0926 -0.2099 -0.0205 -0.1000
15.0000 0.0926 -0.2099 -0.0264 -0.0959
15.0167 0.0775 -0.2156 -0.0302 -0.0916
15.0333 0.0763 -0.2226 -0.0449 -0.0922
15.0500 0.0763 -0.2226 -0.0555 -0.0971
15.0667 0.0620 -0.2246 -0.0622 -0.0991
15.0833 0.0620 -0.2246 -0.0778 -0.1009
15.1000 0.0620 -0.2246 -0.0876 -0.1007
15.1167 0.0598 -0.2210 -0.0932 -0.0992
15.1333 0.0598 -0.2210 -0.0977 -0.0937
15.1500 0.0521 -0.2146 -0.0994 -0.0887
15.1667 0.0407 -0.2143 -0.1057 -0.0785
15.1833 0.0407 -0.2143 -0.1180 -0.0701
15.2000 0.0407 -0.2143 -0.1250 -0.0634
15.2167 0.0251 -0.2152 -0.1281 -0.0578
15.2333 0.0251 -0.2152 -0.1414 -0.0538
15.2500 0.0130 -0.2131 -0.1487 -0.0504
15.2667 0.0130 -0.2131 -0.1619 -0.0454
15.2833 0.0130 -0.2131 -0.1688 -0.0414
15.3000 0.0128 -0.2041 -0.1713 -0.0380
15.3167 0.0128 -0.2041 -0.1707 -0.0277
15.3333 0.0125 -0.1933 -0.1680 -0.0201
15.3500 0.0120 -0.1887 -0.1640 -0.0055
15.3667 0.0120 -0.1887 -0.1594 0.0085
15.3833 0.0120 -0.1887 -0.1540 0.0181
15.4000 0.0094 -0.1881 -0.1481 0.0246
15.4167 0.0094 -0.1881 -0.1441 0.0292
15.4333 0.0089 -0.1826 -0.1393 0.0320
15.4500 0.0089 -0.1826 -0.1344 0.0381
15.4667 -0.0027 -0.1854 -0.1291 0.0418
15.4833 -0.0027 -0.1854 -0.1333 0.0415
15.5000 -0.0027 -0.1854 -0.1344 0.0406
15.5167 -0.0146 -0.1867 -0.1333 0.0395
15.5333 -0.0146 -0.1867 -0.1406 0.0371
15.5500 -0.0146 -0.1867 -0.1438 0.0348
15.5667 -0.0175 -0.1791 -0.1440 0.0328
15.5833 -0.0175 -0.1791 -0.1445 0.0373
15.6000 -0.0377 -0.1829 -0.1429 0.0399
15.6167 -0.0389 -0.1830 -0.1566 0.0381
15.6333 -0.0389 -0.1830 -0.1649 0.0361
15.6500 -0.0389 -0.1830 -0.1684 0.0342
15.6667 -0.0496 -0.1927 -0.1685 0.0324
15.6833 -0.0496 -0.1927 -0.1752 0.0227
15.7000 -0.0515 -0.1841 -0.1774 0.0156
15.7167 -0.0515 -0.1841 -0.1780 0.0176
15.7333 -0.0515 -0.1841 -0.1760 0.0187
15.7500 -0.0559 -0.1688 -0.1722 0.0193
15.7667 -0.0559 -0.1688 -0.1708 0.0321
15.7833 -0.0784 -0.1668 -0.1674 0.0406
15.8000 -0.0894 -0.1633 -0.1815 0.0477
15.8167 -0.0934 -0.1571 -0.1979 0.0548
15.8333 -0.0934 -0.1571 -0.2100 0.0641
15.8500 -0.0964 -0.1485 -0.2154 0.0698
15.8667 -0.0964 -0.1485 -0.2187 0.0799
15.8833 -0.1058 -0.1430 -0.2179 0.0858
15.9000 -0.1058 -0.1430 -0.2222 0.0933
15.9167 -0.1368 -0.1599 -0.2221 0.0973
15.9333 -0.1368 -0.1599 -0.2448 0.0845
15.9500 -0.1368 -0.1599 -0.2571 0.0745
15.9667 -0.1454 -0.1448 -0.2621 0.0665
15.9833 -0.1454 -0.1448 -0.2691 0.0726
16.0000 -0.1466 -0.1338 -0.2702 0.0758
16.0167 -0.1633 -0.1420 -0.2683 0.0862
16.0333 -0.1645 -0.1409 -0.2771 0.0853
16.0500 -0.1645 -0.1409 -0.2804 0.0845
16.0667 -0.1652 -0.1369 -0.2788 0.0827
16.0833 -0.1652 -0.1369 -0.2743 0.0837
16.1000 -0.1651 -0.1340 -0.2675 0.0833
16.1167 -0.1651 -0.1340 -0.2589 0.0842
16.1333 -0.1651 -0.1340 -0.2494 0.0837
16.1500 -0.1728 -0.1270 -0.2393 0.0822
16.1667 -0.1728 -0.1270 -0.2353 0.0858
16.1833 -0.1728 -0.1270 -0.2293 0.0871
16.2000 -0.1756 -0.1123 -0.2219 0.0868
16.2167 -0.1756 -0.1123 -0.2161 0.0976
16.2333 -0.1808 -0.1032 -0.2091 0.1038
16.2500 -0.1947 -0.0910 -0.2056 0.1142
16.2667 -0.1969 -0.0854 -0.2119 0.1301
16.2833 -0.1969 -0.0854 -0.2152 0.1440
16.3000 -0.2006 -0.0728 -0.2144 0.1516
16.3167 -0.2006 -0.0728 -0.2140 0.1653
16.3333 -0.2024 -0.0670 -0.2108 0.1726
16.3500 -0.2024 -0.0670 -0.2071 0.1800
16.3667 -0.2221 -0.0570 -0.2016 0.1827
16.3833 -0.2221 -0.0570 -0.2115 0.1904
16.4000 -0.2221 -0.0570 -0.2154 0.1931
16.4167 -0.2538 -0.0611 -0.2151 0.1923
16.4333 -0.2538 -0.0611 -0.2383 0.1856
16.4500 -0.2680 -0.0414 -0.2512 0.1784
16.4667 -0.2631 -0.0360 -0.2684 0.1873
16.4833 -0.2631 -0.0360 -0.2726 0.1954
16.5000 -0.2631 -0.0360 -0.2718 0.1984
16.5167 -0.2688 -0.0313 -0.2674 0.1977
16.5333 -0.2688 -0.0313 -0.2654 0.1983
16.5500 -0.2704 -0.0206 -0.2603 0.1960
16.5667 -0.2704 -0.0206 -0.2544 0.2007
16.5833 -0.2704 -0.0206 -0.2469 0.2011
16.6000 -0.2728 -0.0069 -0.2382 0.1986
16.6167 -0.2728 -0.0069 -0.2308 0.2054
16.6333 -0.2683 -0.0168 -0.2225 0.2074
16.6500 -0.2709 -0.0063 -0.2099 0.1976
16.6667 -0.2709 -0.0063 -0.2004 0.1968
16.6833 -0.2709 -0.0063 -0.1910 0.1935
16.7000 -0.2730 0.0018 -0.1818 0.1886
16.7167 -0.2730 0.0018 -0.1746 0.1893
16.7333 -0.2725 0.0044 -0.1672 0.1871
16.7500 -0.2725 0.0044 -0.1594 0.1852
16.7667 -0.2606 -0.0045 -0.1517 0.1813
16.7833 -0.2606 -0.0045 -0.1344 0.1686
16.8000 -0.2606 -0.0045 -0.1204 0.1575
16.8167 -0.2581 0.0029 -0.1091 0.1476
16.8333 -0.2581 0.0029 -0.0976 0.1448
16.8500 -0.2595 0.0135 -0.0883 0.1409
16.8667 -0.2472 -0.0130 -0.0817 0.1450
16.8833 -0.2470 -0.0128 -0.0657 0.1237
16.9000 -0.2470 -0.0128 -0.0536 0.1074
16.9167 -0.2470 -0.0128 -0.0444 0.0945
16.9333 -0.2481 -0.0117 -0.0374 0.0843
16.9500 -0.2481 -0.0117 -0.0329 0.0769
16.9667 -0.2450 -0.0251 -0.0293 0.0708
16.9833 -0.2451 -0.0240 -0.0238 0.0543
17.0000 -0.2466 -0.0188 -0.0198 0.0431
17.0167 -0.2466 -0.0188 -0.0179 0.0390
17.0333 -0.2499 -0.0088 -0.0164 0.0356
17.0500 -0.2499 -0.0088 -0.0179 0.0411
17.0667 -0.2499 -0.0088 -0.0186 0.0443
17.0833 -0.2437 -0.0033 -0.0189 0.0459
17.1000 -0.2437 -0.0033 -0.0136 0.0510
17.1167 -0.2351 -0.0151 -0.0098 0.0538
17.1333 -0.2349 -0.0063 0.0002 0.0452
17.1500 -0.2353 0.0033 0.0073 0.0459
17.1667 -0.2353 0.0033 0.0118 0.0538
17.1833 -0.2366 0.0235 0.0148 0.0585
17.2000 -0.2366 0.0235 0.0155 0.0778
17.2167 -0.2383 0.0412 0.0159 0.0901
17.2333 -0.2383 0.0412 0.0144 0.1123
17.2500 -0.2383 0.0412 0.0132 0.1261
17.2667 -0.2408 0.0589 0.0122 0.1339
17.2833 -0.2408 0.0589 0.0093 0.1522
17.3000 -0.2432 0.0733 0.0071 0.1629
17.3167 -0.2432 0.0733 0.0035 0.1800
17.3333 -0.2432 0.0733 0.0009 0.1894
17.3500 -0.2489 0.0866 -0.0009 0.1933
17.3667 -0.2489 0.0866 -0.0069 0.2044
17.3833 -0.2568 0.1148 -0.0110 0.2093
17.4000 -0.2568 0.1148 -0.0202 0.2332
17.4167 -0.2590 0.1212 -0.0263 0.2466
17.4333 -0.2590 0.1212 -0.0321 0.2579
17.4500 -0.2606 0.1270 -0.0356 0.2622
17.4667 -0.2606 0.1270 -0.0390 0.2663
17.4833 -0.2606 0.1270 -0.0407 0.2655
17.5000 -0.2635 0.1407 -0.0414 0.2612
17.5167 -0.2635 0.1407 -0.0437 0.2660
17.5333 -0.2684 0.1574 -0.0447 0.2657
17.5500 -0.2684 0.1574 -0.0489 0.2757
17.5667 -0.2750 0.1855 -0.0511 0.2788
17.5833 -0.2750 0.1855 -0.0575 0.3005
17.6000 -0.2750 0.1855 -0.0610 0.3114
17.6167 -0.2794 0.2036 -0.0627 0.3147
17.6333 -0.2808 0.2103 -0.0666 0.3277
17.6500 -0.2808 0.2103 -0.0696 0.3377
17.6667 -0.2836 0.2243 -0.0707 0.3400
17.6833 -0.2836 0.2243 -0.0728 0.3485
17.7000 -0.2836 0.2243 -0.0732 0.3497
17.7167 -0.2881 0.2469 -0.0725 0.3456
17.7333 -0.2881 0.2469 -0.0747 0.3568
17.7500 -0.2920 0.2643 -0.0753 0.3596
17.7667 -0.2920 0.2643 -0.0779 0.3711
17.7833 -0.2920 0.2643 -0.0786 0.3739
17.8000 -0.2940 0.2737 -0.0781 0.3707
17.8167 -0.2940 0.2737 -0.0782 0.3711
17.8333 -0.2992 0.2968 -0.0772 0.3662
17.8500 -0.2992 0.2968 -0.0798 0.3770
17.8667 -0.3064 0.3228 -0.0805 0.3793
17.8833 -0.3089 0.3319 -0.0859 0.3973
17.9000 -0.3117 0.3381 -0.0905 0.4119
17.9167 -0.3117 0.3381 -0.0948 0.4214
17.9333 -0.3228 0.3393 -0.0965 0.4222
17.9500 -0.3228 0.3393 -0.1055 0.4179
17.9667 -0.3432 0.3254 -0.1104 0.4090
17.9833 -0.3432 0.3254 -0.1292 0.3856
18.0000 -0.3432 0.3254 -0.1405 0.3639
18.0167 -0.3497 0.3365 -0.1464 0.3438
18.0333 -0.3497 0.3365 -0.1539 0.3344
18.0500 -0.3577 0.3522 -0.1570 0.3231
18.0667 -0.3577 0.3522 -0.1635 0.3240
18.0833 -0.3577 0.3522 -0.1658 0.3200
18.1000 -0.3701 0.3770 -0.1651 0.3129
18.1167 -0.3701 0.3770 -0.1727 0.3242
18.1333 -0.3764 0.3878 -0.1755 0.3275
18.1500 -0.3873 0.4226 -0.1803 0.3343
18.1667 -0.3951 0.4377 -0.1902 0.3634
18.1833 -0.3951 0.4377 -0.2010 0.3911
18.2000 -0.3999 0.4481 -0.2057 0.4050
18.2167 -0.3999 0.4481 -0.2101 0.4177
18.2333 -0.3999 0.4481 -0.2102 0.4207
18.2500 -0.4182 0.4639 -0.2074 0.4169
18.2667 -0.4182 0.4639 -0.2178 0.4217
18.2833 -0.4255 0.4813 -0.2220 0.4192
18.3000 -0.4255 0.4813 -0.2279 0.4261
18.3167 -0.4455 0.5083 -0.2289 0.4249
18.3333 -0.4455 0.5083 -0.2430 0.4408
18.3500 -0.4455 0.5083 -0.2495 0.4457
18.3667 -0.4533 0.5286 -0.2505 0.4429
18.3833 -0.4533 0.5286 -0.2542 0.4517
18.4000 -0.4620 0.5711 -0.2533 0.4516
18.4167 -0.4620 0.5711 -0.2564 0.4807
18.4333 -0.4620 0.5711 -0.2549 0.4942
18.4500 -0.4690 0.5953 -0.2504 0.4967
18.4667 -0.4690 0.5953 -0.2496 0.5118
18.4833 -0.4732 0.6179 -0.2456 0.5151
18.5000 -0.4724 0.6297 -0.2429 0.5291
18.5167 -0.4732 0.6421 -0.2370 0.5413
18.5333 -0.4732 0.6421 -0.2303 0.5525
18.5500 -0.4758 0.6732 -0.2224 0.5527
18.5667 -0.4758 0.6732 -0.2160 0.5711
18.5833 -0.4758 0.6732 -0.2085 0.5760
18.6000 -0.4786 0.7290 -0.2004 0.5713
18.6167 -0.4786 0.7290 -0.1944 0.6067
18.6333 -0.4832 0.7542 -0.1875 0.6228
18.6500 -0.4832 0.7542 -0.1840 0.6463
18.6667 -0.4899 0.7909 -0.1790 0.6537
18.6833 -0.4899 0.7909 -0.1786 0.6803
18.7000 -0.4899 0.7909 -0.1758 0.6894
18.7167 -0.4915 0.8132 -0.1714 0.6861
18.7333 -0.4910 0.8340 -0.1673 0.6929
18.7500 -0.4910 0.8455 -0.1618 0.7053
18.7667 -0.4910 0.8455 -0.1556 0.7138
18.7833 -0.4911 0.8558 -0.1492 0.7097
18.8000 -0.4911 0.8558 -0.1428 0.7056
18.8167 -0.4871 0.8864 -0.1363 0.6930
18.8333 -0.4871 0.8864 -0.1266 0.7001
18.8500 -0.4871 0.8864 -0.1180 0.6954
18.8667 -0.4856 0.9211 -0.1105 0.6824
18.8833 -0.4853 0.9322 -0.1024 0.6928
18.9000 -0.4853 0.9322 -0.0952 0.6997
18.9167 -0.4845 0.9583 -0.0888 0.6947
18.9333 -0.4845 0.9583 -0.0825 0.7033
18.9500 -0.4845 0.9583 -0.0770 0.6995
18.9667 -0.4855 1.0039 -0.0721 0.6872
18.9833 -0.4855 1.0039 -0.0685 0.7071
19.0000 -0.4856 1.0281 -0.0650 0.7112
19.0167 -0.4856 1.0281 -0.0617 0.7242
19.0333 -0.4856 1.0281 -0.0586 0.7233
19.0500 -0.4856 1.0683 -0.0556 0.7126
19.0667 -0.4856 1.0683 -0.0528 0.7287
19.0833 -0.4842 1.0950 -0.0501 0.7298
19.1000 -0.4824 1.1079 -0.0463 0.7427
19.1167 -0.4821 1.1192 -0.0417 0.7521
19.1333 -0.4821 1.1192 -0.0376 0.7576
19.1500 -0.4791 1.1435 -0.0342 0.7508
19.1667 -0.4791 1.1435 -0.0289 0.7560
19.1833 -0.4791 1.1435 -0.0248 0.7491
19.2000 -0.4743 1.1827 -0.0216 0.7339
19.2167 -0.4743 1.1827 -0.0151 0.7458
19.2333 -0.4743 1.1827 -0.0103 0.7437
19.2500 -0.4659 1.2360 -0.0069 0.7320
19.2667 -0.4659 1.2360 0.0026 0.7581
19.2833 -0.4541 1.2602 0.0092 0.7657
19.3000 -0.4521 1.2747 0.0234 0.7804
19.3167 -0.4512 1.2910 0.0347 0.7920
19.3333 -0.4512 1.2910 0.0428 0.8026
19.3500 -0.4475 1.3205 0.0479 0.7988
19.3667 -0.4475 1.3205 0.0538 0.8097
19.3833 -0.4475 1.3205 0.0572 0.8060
19.4000 -0.4394 1.3626 0.0587 0.7922
19.4167 -0.4394 1.3626 0.0657 0.8067
19.4333 -0.4394 1.3626 0.0697 0.8055
19.4500 -0.4304 1.4033 0.0714 0.7936
19.4667 -0.4304 1.4033 0.0792 0.8082
19.4833 -0.4245 1.4317 0.0835 0.8071
19.5000 -0.4210 1.4437 0.0902 0.8188
19.5167 -0.4189 1.4586 0.0966 0.8256
19.5333 -0.4189 1.4586 0.1013 0.8312
19.5500 -0.4131 1.4899 0.1033 0.8236
19.5667 -0.4131 1.4899 0.1080 0.8329
19.5833 -0.4089 1.5234 0.1098 0.8279
19.6000 -0.4089 1.5234 0.1131 0.8408
19.6167 -0.4051 1.5530 0.1137 0.8381
19.6333 -0.4051 1.5530 0.1158 0.8492
19.6500 -0.4051 1.5530 0.1157 0.8451
19.6667 -0.4003 1.5832 0.1140 0.8305
19.6833 -0.4003 1.5832 0.1151 0.8341
19.7000 -0.3909 1.6237 0.1143 0.8250
19.7167 -0.3909 1.6237 0.1200 0.8409
19.7333 -0.3909 1.6237 0.1223 0.8403
19.7500 -0.3826 1.6723 0.1222 0.8283
19.7667 -0.3826 1.6723 0.1274 0.8488
19.7833 -0.3745 1.7176 0.1292 0.8513
19.8000 -0.3745 1.7176 0.1354 0.8790
19.8167 -0.3709 1.7312 0.1379 0.8861
19.8333 -0.3709 1.7312 0.1407 0.8900
19.8500 -0.3674 1.7665 0.1407 0.8804
19.8667 -0.3674 1.7665 0.1416 0.8908
19.8833 -0.3583 1.7979 0.1403 0.8857
19.9000 -0.3583 1.7979 0.1450 0.8960
19.9167 -0.3529 1.8288 0.1462 0.8908
19.9333 -0.3529 1.8288 0.1496 0.9004
19.9500 -0.3529 1.8288 0.1499 0.8947
19.9667 -0.3448 1.8815 0.1480 0.8782
19.9833 -0.3448 1.8815 0.1514 0.8985
20.0000 -0.3412 1.9191 0.1517 0.9002
20.0167 -0.3410 1.9329 0.1527 0.9202
20.0333 -0.3408 1.9525 0.1515 0.9328
20.0500 -0.3408 1.9525 0.1486 0.9449
20.0667 -0.3369 1.9945 0.1446 0.9402
20.0833 -0.3369 1.9945 0.1431 0.9589
20.1000 -0.3316 2.0334 0.1401 0.9586
20.1167 -0.3316 2.0334 0.1404 0.9775
20.1333 -0.3316 2.0334 0.1387 0.9771
20.1500 -0.3285 2.0806 0.1355 0.9632
20.1667 -0.3285 2.0806 0.1341 0.9795
20.1833 -0.3246 2.1203 0.1312 0.9772
20.2000 -0.3234 2.1295 0.1306 0.9951
20.2167 -0.3231 2.1569 0.1294 1.0014
20.2333 -0.3231 2.1569 0.1271 1.0148
20.2500 -0.3203 2.1977 0.1237 1.0099
20.2667 -0.3203 2.1977 0.1219 1.0265
20.2833 -0.3203 2.1977 0.1190 1.0238
20.3000 -0.3203 2.2489 0.1153 1.0077
20.3167 -0.3203 2.2489 0.1111 1.0252
20.3333 -0.3191 2.2696 0.1067 1.0231
20.3500 -0.3190 2.2876 0.1031 1.0246
20.3667 -0.3164 2.3085 0.0993 1.0265
20.3833 -0.3164 2.3085 0.0974 1.0310
20.4000 -0.3148 2.3465 0.0947 1.0198
20.4167 -0.3148 2.3465 0.0929 1.0295
20.4333 -0.3148 2.3465 0.0903 1.0219
20.4500 -0.3114 2.3832 0.0873 1.0025
20.4667 -0.3114 2.3832 0.0869 1.0056
20.4833 -0.3087 2.4302 0.0853 0.9939
20.5000 -0.3087 2.4302 0.0853 1.0110
20.5167 -0.3019 2.4594 0.0841 1.0089
20.5333 -0.2973 2.4951 0.0878 1.0178
20.5500 -0.2973 2.4951 0.0930 1.0396
20.5667 -0.2955 2.5108 0.0953 1.0403
20.5833 -0.2955 2.5108 0.0971 1.0394
20.6000 -0.2955 2.5108 0.0970 1.0243
20.6167 -0.2863 2.5579 0.0955 0.9996
20.6333 -0.2863 2.5579 0.1008 1.0078
20.6500 -0.2838 2.5907 0.1031 0.9995
20.6667 -0.2820 2.6081 0.1053 1.0072
20.6833 -0.2763 2.6258 0.1069 1.0130
20.7000 -0.2763 2.6258 0.1113 1.0178
20.7167 -0.3198 2.5890 0.1128 1.0069
20.7333 -0.3198 2.5890 0.0761 0.9547
20.7500 -0.3119 2.6255 0.0495 0.9052
20.7667 -0.3119 2.6255 0.0369 0.8886
20.7833 -0.3119 2.6255 0.0276 0.8648
20.8000 -0.2997 2.6550 0.0208 0.8362
20.8167 -0.2997 2.6550 0.0259 0.8293
20.8333 -0.2994 2.6554 0.0291 0.8130
20.8500 -0.2992 2.6555 0.0312 0.7906
20.8667 -0.2991 2.6556 0.0323 0.7642
20.8833 -0.2991 2.6556 0.0328 0.7353
20.9000 -0.2989 2.6557 0.0326 0.7050
20.9167 -0.2989 2.6557 0.0322 0.6743
20.9333 -0.2988 2.6558 0.0315 0.6435
20.9500 -0.2988 2.6558 0.0307 0.6134
20.9667 -0.2986 2.6559 0.0298 0.5838
20.9833 -0.2986 2.6559 0.0288 0.5553
21.0000 -0.2986 2.6559 0.0277 0.5278
21.0167 -0.2985 2.6561 0.0266 0.5013
21.0333 -0.2985 2.6561 0.0255 0.4760
21.0500 -0.2984 2.6561 0.0245 0.4518
21.0667 -0.2983 2.6561 0.0235 0.4288
21.0833 -0.2983 2.6562 0.0225 0.4069
21.1000 -0.2983 2.6562 0.0215 0.3860
21.1167 -0.2982 2.6562 0.0205 0.3661
21.1333 -0.2982 2.6562 0.0196 0.3472
21.1500 -0.2982 2.6562 0.0187 0.3293
21.1667 -0.2982 2.6562 0.0178 0.3123
21.1833 -0.2982 2.6562 0.0170 0.2961
21.2000 -0.2981 2.6563 0.0161 0.2808
21.2167 -0.2981 2.6563 0.0154 0.2663
21.2333 -0.2981 2.6563 0.0147 0.2525
21.2500 -0.2981 2.6563 0.0140 0.2394
21.2667 -0.2981 2.6563 0.0133 0.2270
21.2833 -0.2981 2.6563 0.0127 0.2152
21.3000 -0.2981 2.6563 0.0121 0.2040
21.3167 -0.2981 2.6563 0.0115 0.1934
21.3333 -0.2981 2.6563 0.0109 0.1834
21.3500 -0.2981 2.6563 0.0104 0.1739
21.3667 -0.2981 2.6563 0.0099 0.1648
21.3833 -0.2981 2.6563 0.0094 0.1563
21.4000 -0.2981 2.6563 0.0089 0.1482
21.4167 -0.2980 2.6564 0.0085 0.1405
21.4333 -0.2980 2.6564 0.0080 0.1332
21.4500 -0.2980 2.6564 0.0076 0.1262
21.4667 -0.2980 2.6564 0.0073 0.1197
21.4833 -0.2980 2.6564 0.0069 0.1135
21.5000 -0.2980 2.6564 0.0066 0.1076
21.5167 -0.2980 2.6564 0.0062 0.1020
21.5333 -0.2980 2.6564 0.0059 0.0967
21.5500 -0.2980 2.6564 0.0056 0.0916
21.5667 -0.2980 2.6564 0.0053 0.0869
21.5833 -0.2980 2.6564 0.0051 0.0824
21.6000 -0.2980 2.6564 0.0048 0.0781
21.6167 -0.2980 2.6564 0.0046 0.0740
21.6333 -0.2980 2.6564 0.0043 0.0702
21.6500 -0.2980 2.6564 0.0041 0.0665
21.6667 -0.2980 2.6564 0.0039 0.0631
21.6833 -0.2980 2.6564 0.0037 0.0598
21.7000 -0.2980 2.6564 0.0035 0.0567
21.7167 -0.2980 2.6564 0.0033 0.0537
21.7333 -0.2980 2.6564 0.0032 0.0509
21.7500 -0.2980 2.6564 0.0030 0.0483
21.7667 -0.2980 2.6564 0.0029 0.0458
21.7833 -0.2980 2.6564 0.0027 0.0434
21.8000 -0.2980 2.6564 0.0026 0.0411
21.8167 -0.2980 2.6564 0.0024 0.0390
21.8333 -0.2980 2.6564 0.0023 0.0370
21.8500 -0.2980 2.6564 0.0022 0.0350
21.8667 -0.2980 2.6564 0.0021 0.0332
21.8833 -0.2980 2.6564 0.0020 0.0315
21.9000 -0.2980 2.6564 0.0019 0.0299
21.9167 -0.2980 2.6564 0.0018 0.0283
21.9333 -0.2980 2.6564 0.0017 0.0268
21.9500 -0.2980 2.6564 0.0016 0.0254
21.9667 -0.2980 2.6564 0.0015 0.0241
21.9833 -0.2980 2.6564 0.0014 0.0229
22.0000 -0.2980 2.6564 0.0014 0.0217
22.0167 -0.2980 2.6564 0.0013 0.0205
22.0333 -0.2980 2.6564 0.0012 0.0195
22.0500 -0.2980 2.6564 0.0012 0.0185
22.0667 -0.2980 2.6564 0.0011 0.0175
22.0833 -0.2980 2.6564 0.0010 0.0166
22.1000 -0.2980 2.6564 0.0010 0.0157
22.1167 -0.2980 2.6564 0.0009 0.0149
22.1333 -0.2980 2.6564 0.0009 0.0141
22.1500 -0.2980 2.6564 0.0008 0.0134
22.1667 -0.2980 2.6564 0.0008 0.0127
22.1833 -0.2980 2.6564 0.0008 0.0120
22.2000 -0.2980 2.6564 0.0007 0.0114
22.2167 -0.2980 2.6564 0.0007 0.0108
22.2333 -0.2980 2.6564 0.0006 0.0103
22.2500 -0.3066 2.7066 0.0006 0.0097
22.2667 -0.3066 2.7066 -0.0066 0.0511
22.2833 -0.3181 2.7643 -0.0116 0.0791
22.3000 -0.3181 2.7643 -0.0244 0.1456
22.3167 -0.3244 2.8191 -0.0330 0.1897
22.3333 -0.3244 2.8191 -0.0437 0.2635
22.3500 -0.3244 2.8191 -0.0505 0.3111
22.3667 -0.3256 2.9041 -0.0546 0.3398
22.3833 -0.3256 2.9041 -0.0576 0.4260
22.4000 -0.3241 2.9637 -0.0590 0.4799
22.4167 -0.3229 2.9965 -0.0579 0.5604
22.4333 -0.3224 3.0334 -0.0553 0.6359
22.4500 -0.3224 3.0334 -0.0523 0.7103
22.4667 -0.3205 3.1033 -0.0495 0.7522
22.4833 -0.3205 3.1033 -0.0453 0.8291
22.5000 -0.3205 3.1033 -0.0417 0.8710
22.5167 -0.3179 3.2104 -0.0387 0.8881
22.5333 -0.3179 3.2104 -0.0338 0.9768
22.5500 -0.3179 3.2104 -0.0300 1.0249
22.5667 -0.3084 3.2662 -0.0269 1.0441
22.5833 -0.3081 3.3006 -0.0164 1.0895
22.6000 -0.3107 3.3379 -0.0087 1.1345
22.6167 -0.3107 3.3379 -0.0054 1.1812
22.6333 -0.3108 3.3737 -0.0030 1.1972
22.6500 -0.3108 3.3737 -0.0014 1.2215
22.6667 -0.3753 3.4631 -0.0003 1.2214
22.6833 -0.3753 3.4631 -0.0533 1.2790
22.7000 -0.3753 3.4631 -0.0893 1.3012
22.7167 -0.3776 3.5189 -0.1132 1.2986
22.7333 -0.4038 3.5673 -0.1301 1.3252
22.7500 -0.4031 3.5844 -0.1618 1.3656
22.7667 -0.4031 3.5844 -0.1811 1.3890
22.7833 -0.4258 3.6011 -0.1920 1.3860
22.8000 -0.4258 3.6011 -0.2158 1.3785
22.8167 -0.4590 3.6836 -0.2294 1.3542
22.8333 -0.4590 3.6836 -0.2633 1.3872
22.8500 -0.4590 3.6836 -0.2832 1.3909
22.8667 -0.5017 3.6853 -0.2931 1.3741
22.8833 -0.5013 3.7175 -0.3314 1.3448
22.9000 -0.4974 3.7403 -0.3532 1.3326
22.9167 -0.4974 3.7403 -0.3601 1.3246
22.9333 -0.5135 3.8246 -0.3600 1.3006
22.9500 -0.5135 3.8246 -0.3683 1.3362
22.9667 -0.5428 3.8640 -0.3690 1.3424
22.9833 -0.5428 3.8640 -0.3887 1.3608
23.0000 -0.5428 3.8640 -0.3970 1.3547
23.0167 -0.6076 3.8933 -0.3973 1.3317
23.0333 -0.6076 3.8933 -0.4460 1.3215
23.0500 -0.6357 3.8969 -0.4736 1.2962
23.0667 -0.6357 3.8969 -0.5096 1.2635
23.0833 -0.6357 3.8969 -0.5276 1.2233
23.1000 -0.6603 3.9335 -0.5327 1.1784
23.1167 -0.6603 3.9335 -0.5494 1.1613
23.1333 -0.6755 4.0126 -0.5534 1.1333
23.1500 -0.6933 4.0420 -0.5612 1.1640
23.1667 -0.6947 4.0785 -0.5736 1.1936
23.1833 -0.6947 4.0785 -0.5755 1.2281
23.2000 -0.7069 4.1002 -0.5688 1.2351
23.2167 -0.7069 4.1002 -0.5663 1.2408
23.2333 -0.7069 4.1002 -0.5568 1.2276
23.2500 -0.7043 4.1764 -0.5424 1.2013
23.2667 -0.7043 4.1764 -0.5227 1.2298
23.2833 -0.7036 4.2107 -0.5018 1.2326
23.3000 -0.7036 4.2107 -0.4797 1.2459
23.3167 -0.7029 4.2704 -0.4577 1.2379
23.3333 -0.7029 4.2704 -0.4355 1.2650
23.3500 -0.7029 4.2704 -0.4140 1.2662
23.3667 -0.6968 4.3067 -0.3933 1.2494
23.3833 -0.6968 4.3067 -0.3683 1.2506
23.4000 -0.6489 4.3949 -0.3458 1.2341
23.4167 -0.6489 4.3949 -0.2855 1.2790
23.4333 -0.6489 4.3949 -0.2396 1.2925
23.4500 -0.6218 4.5141 -0.2044 1.2839
23.4667 -0.6218 4.5141 -0.1545 1.3594
23.4833 -0.6200 4.5421 -0.1176 1.3930
23.5000 -0.6184 4.5822 -0.0889 1.4203
23.5167 -0.6140 4.6240 -0.0663 1.4530
23.5333 -0.6140 4.6240 -0.0461 1.4905
23.5500 -0.6035 4.7061 -0.0313 1.4958
23.5667 -0.6035 4.7061 -0.0119 1.5471
23.5833 -0.6035 4.7061 0.0017 1.5612
23.6000 -0.5973 4.7445 0.0112 1.5494
23.6167 -0.5973 4.7445 0.0228 1.5516
23.6333 -0.5989 4.8342 0.0305 1.5316
23.6500 -0.5989 4.8342 0.0341 1.5713
23.6667 -0.5794 4.9128 0.0361 1.5770
23.6833 -0.5694 4.9501 0.0533 1.6245
23.7000 -0.5603 4.9915 0.0729 1.6661
23.7167 -0.5603 4.9915 0.0931 1.7063
23.7333 -0.5294 5.0861 0.1058 1.7106
23.7500 -0.5294 5.0861 0.1389 1.7687
23.7667 -0.5087 5.1660 0.1600 1.7844
23.7833 -0.5087 5.1660 0.1897 1.8372
23.8000 -0.5087 5.1660 0.2077 1.8484
23.8167 -0.4849 5.2460 0.2174 1.8305
23.8333 -0.4849 5.2460 0.2408 1.8593
23.8500 -0.4690 5.3179 0.2537 1.8535
23.8667 -0.4690 5.3179 0.2725 1.8836
23.8833 -0.4690 5.3179 0.2818 1.8784
23.9000 -0.4494 5.4162 0.2843 1.8487
23.9167 -0.4494 5.4162 0.2985 1.8843
23.9333 -0.4329 5.4961 0.3042 1.8828
23.9500 -0.4247 5.5349 0.3176 1.9223
23.9667 -0.4203 5.5593 0.3294 1.9553
23.9833 -0.4203 5.5593 0.3367 1.9715
24.0000 -0.4014 5.6286 0.3371 1.9553
24.0167 -0.4014 5.6286 0.3484 1.9746
24.0333 -0.4014 5.6286 0.3514 1.9607
24.0500 -0.3755 5.7316 0.3486 1.9237
24.0667 -0.3755 5.7316 0.3634 1.9571
24.0833 -0.3526 5.8381 0.3687 1.9531
24.1000 -0.3436 5.8758 0.3863 2.0121
24.1167 -0.3436 5.8758 0.4007 2.0565
24.1333 -0.3436 5.8758 0.4052 2.0588
24.1500 -0.3264 5.9459 0.4026 2.0317
24.1667 -0.3264 5.9459 0.4096 2.0432
24.1833 -0.2987 6.0217 0.4087 2.0228
24.2000 -0.2987 6.0217 0.4255 2.0437
24.2167 -0.2987 6.0217 0.4313 2.0299
24.2333 -0.2675 6.1421 0.4293 1.9920
24.2500 -0.2675 6.1421 0.4480 2.0384
24.2667 -0.2706 6.2159 0.4548 2.0422
24.2833 -0.2706 6.2159 0.4505 2.0781
24.3000 -0.2667 6.2522 0.4413 2.0742
24.3167 -0.2667 6.2522 0.4320 2.0729
24.3333 -0.2576 6.3060 0.4196 2.0432
24.3500 -0.2576 6.3060 0.4127 2.0390
24.3667 -0.2459 6.3277 0.4022 2.0078
24.3833 -0.2459 6.3277 0.3990 1.9763
24.4000 -0.2189 6.4261 0.3913 1.9269
24.4167 -0.2189 6.4261 0.4030 1.9479
24.4333 -0.2189 6.4261 0.4055 1.9354
24.4500 -0.2519 6.4558 0.4016 1.8998
24.4667 -0.2519 6.4558 0.3658 1.8734
24.4833 -0.2513 6.4562 0.3359 1.8290
24.5000 -0.2513 6.4562 0.3110 1.7731
24.5167 -0.2511 6.4562 0.2893 1.7096
24.5333 -0.2511 6.4562 0.2704 1.6418
24.5500 -0.2409 6.4843 0.2534 1.5718
24.5667 -0.2409 6.4843 0.2467 1.5248
24.5833 -0.2398 6.4856 0.2385 1.4709
24.6000 -0.2398 6.4856 0.2305 1.4141
24.6167 -0.2395 6.4858 0.2217 1.3549
24.6333 -0.2395 6.4858 0.2128 1.2952
24.6500 -0.2395 6.4858 0.2036 1.2357
24.6667 -0.2392 6.4861 0.1944 1.1772
24.6833 -0.2392 6.4861 0.1856 1.1204
24.7000 -0.2389 6.4863 0.1769 1.0653
24.7167 -0.2389 6.4863 0.1685 1.0124
24.7333 -0.2389 6.4863 0.1605 0.9616
24.7500 -0.2388 6.4864 0.1526 0.9130
24.7667 -0.2388 6.4864 0.1451 0.8665
24.7833 -0.2388 6.4864 0.1379 0.8222
24.8000 -0.2387 6.4865 0.1310 0.7800
24.8167 -0.2387 6.4865 0.1244 0.7399
24.8333 -0.2386 6.4866 0.1182 0.7018
24.8500 -0.2385 6.4866 0.1123 0.6656
24.8667 -0.2385 6.4866 0.1066 0.6312
24.8833 -0.2385 6.4866 0.1012 0.5985
24.9000 -0.2385 6.4866 0.0961 0.5675
24.9167 -0.2385 6.4866 0.0912 0.5381
24.9333 -0.2394 6.4850 0.0865 0.5102
24.9500 -0.2394 6.4850 0.0813 0.4824
24.9667 -0.2395 6.4848 0.0766 0.4563
24.9833 -0.2395 6.4848 0.0721 0.4317
25.0000 -0.2395 6.4848 0.0680 0.4086
25.0167 -0.2227 6.5938 0.0642 0.3869
25.0333 -0.2227 6.5938 0.0747 0.4572
25.0500 -0.2089 6.6834 0.0810 0.4998
25.0667 -0.1982 6.7415 0.0957 0.5971
25.0833 -0.1894 6.7835 0.1135 0.7049
25.1000 -0.1894 6.7835 0.1317 0.8050
25.1167 -0.1761 6.8321 0.1425 0.8634
25.1333 -0.1761 6.8321 0.1590 0.9325
25.1500 -0.1761 6.8321 0.1683 0.9676
25.1667 -0.1483 6.9897 0.1725 0.9786
25.1833 -0.1483 6.9897 0.1961 1.1039
25.2000 -0.1060 7.1165 0.2098 1.1757
25.2167 -0.0859 7.1578 0.2517 1.3150
25.2333 -0.0859 7.1578 0.2941 1.4279
25.2500 -0.0460 7.2372 0.3194 1.4865
25.2667 -0.0460 7.2372 0.3658 1.5728
25.2833 -0.0460 7.2372 0.3930 1.6109
25.3000 0.0062 7.3654 0.4065 1.6150
25.3167 0.0062 7.3654 0.4537 1.7023
25.3333 0.0062 7.3654 0.4802 1.7394
25.3500 0.0150 7.4316 0.4919 1.7410
25.3667 0.0150 7.4316 0.5006 1.7730
25.3833 0.0150 7.4316 0.4997 1.7706
25.4000 0.0154 7.4319 0.4921 1.7444
25.4167 0.0155 7.4319 0.4803 1.7022
25.4333 0.0156 7.4320 0.4655 1.6492
25.4500 0.0156 7.4320 0.4489 1.5896
25.4667 0.0157 7.4320 0.4311 1.5260
25.4833 0.0157 7.4320 0.4128 1.4607
25.5000 0.0159 7.4321 0.3944 1.3950
25.5167 0.0159 7.4321 0.3763 1.3301
25.5333 0.0159 7.4321 0.3585 1.2664
25.5500 0.0161 7.4322 0.3411 1.2046
25.5667 0.0161 7.4322 0.3245 1.1450
25.5833 0.0161 7.4322 0.3084 1.0877
25.6000 0.0162 7.4323 0.2930 1.0327
25.6167 0.0162 7.4323 0.2782 0.9802
25.6333 0.0162 7.4323 0.2641 0.9301
25.6500 0.0163 7.4323 0.2506 0.8823
25.6667 0.0163 7.4323 0.2378 0.8369
25.6833 0.0163 7.4323 0.2256 0.7937
25.7000 0.0163 7.4323 0.2141 0.7527
25.7167 0.0163 7.4323 0.2031 0.7137
25.7333 0.0163 7.4323 0.1926 0.6768
25.7500 -0.0145 7.3844 0.1827 0.6416
25.7667 -0.0145 7.3844 0.1475 0.5684
25.7833 0.0292 7.4485 0.1211 0.5095
25.8000 0.0292 7.4485 0.1374 0.5150
25.8167 0.0104 7.5127 0.1468 0.5116
25.8333 0.0104 7.5127 0.1356 0.5557
25.8500 0.0104 7.5127 0.1260 0.5786
25.8667 -0.0073 7.5262 0.1175 0.5865
25.8833 -0.0073 7.5262 0.0953 0.5951
25.9000 -0.0078 7.5266 0.0785 0.5928
25.9167 -0.0078 7.5266 0.0654 0.5833
25.9333 -0.0078 7.5266 0.0553 0.5686
25.9500 -0.0080 7.5268 0.0476 0.5505
25.9667 -0.0081 7.5268 0.0413 0.5304
25.9833 -0.0081 7.5268 0.0363 0.5091
26.0000 -0.0082 7.5269 0.0323 0.4873
26.0167 -0.0082 7.5269 0.0291 0.4654
26.0333 -0.0082 7.5269 0.0264 0.4437
26.0500 -0.0506 7.5025 0.0242 0.4224
26.0667 -0.0506 7.5025 -0.0130 0.3814
26.0833 -0.0083 7.5871 -0.0387 0.3476
26.1000 0.0240 7.6273 -0.0208 0.3899
26.1167 0.0410 7.6678 0.0189 0.4473
26.1333 0.0410 7.6678 0.0603 0.5148
26.1500 0.0582 7.7193 0.0883 0.5545
26.1667 0.0582 7.7193 0.1208 0.6174
26.1833 0.0582 7.7193 0.1418 0.6525
26.2000 0.1006 7.8362 0.1544 0.6678
26.2167 0.1006 7.8362 0.1963 0.7666
26.2333 0.1022 7.8384 0.2227 0.8246
26.2500 0.1022 7.8384 0.2394 0.8553
26.2667 0.1025 7.8385 0.2476 0.8647
26.2833 0.1025 7.8385 0.2502 0.8594
26.3000 0.1025 7.8385 0.2484 0.8438
26.3167 0.1057 7.8460 0.2438 0.8212
26.3333 0.1058 7.8461 0.2398 0.8002
26.3500 0.1058 7.8461 0.2338 0.7747
26.3667 0.1060 7.8463 0.2264 0.7462
26.3833 0.1060 7.8463 0.2183 0.7162
26.4000 0.1060 7.8463 0.2096 0.6854
26.4167 0.1062 7.8465 0.2007 0.6544
26.4333 0.1062 7.8465 0.1918 0.6240
26.4500 0.1064 7.8466 0.1831 0.5942
26.4667 0.0744 7.8676 0.1745 0.5654
26.4833 0.0727 7.8690 0.1395 0.5549
26.5000 0.0727 7.8690 0.1118 0.5411
26.5167 0.0724 7.8694 0.0910 0.5240
26.5333 0.0724 7.8694 0.0751 0.5052
26.5500 0.0723 7.8695 0.0629 0.4850
26.5667 0.0723 7.8695 0.0535 0.4644
26.5833 0.0723 7.8695 0.0462 0.4437
26.6000 0.0721 7.8697 0.0405 0.4231
26.6167 0.0721 7.8697 0.0359 0.4030
26.6333 0.0720 7.8698 0.0322 0.3835
26.6500 0.0720 7.8698 0.0290 0.3647
26.6667 0.0720 7.8699 0.0264 0.3466
26.6833 0.0719 7.8700 0.0242 0.3292
26.7000 0.0719 7.8700 0.0223 0.3127
26.7167 0.0719 7.8700 0.0207 0.2968
26.7333 0.0719 7.8701 0.0192 0.2817
26.7500 0.0719 7.8701 0.0179 0.2673
26.7667 0.0718 7.8701 0.0168 0.2536
26.7833 0.0718 7.8701 0.0157 0.2406
26.8000 0.0718 7.8701 0.0148 0.2282
26.8167 0.0718 7.8702 0.0139 0.2164
26.8333 0.0718 7.8702 0.0131 0.2053
26.8500 0.0718 7.8702 0.0123 0.1947
26.8667 0.0717 7.8702 0.0116 0.1846
26.8833 0.0717 7.8702 0.0109 0.1751
26.9000 0.0717 7.8702 0.0103 0.1660
26.9167 0.0717 7.8702 0.0097 0.1574
26.9333 0.0717 7.8702 0.0092 0.1493
26.9500 0.0717 7.8702 0.0087 0.1416
26.9667 0.0717 7.8702 0.0082 0.1342
26.9833 0.0717 7.8702 0.0077 0.1273
27.0000 0.0717 7.8703 0.0073 0.1207
27.0167 0.0717 7.8703 0.0069 0.1144
27.0333 0.0717 7.8703 0.0065 0.1085
27.0500 0.0717 7.8703 0.0062 0.1029
27.0667 0.0717 7.8703 0.0058 0.0975
27.0833 0.0717 7.8703 0.0055 0.0925
27.1000 0.0717 7.8703 0.0052 0.0877
27.1167 0.0717 7.8703 0.0049 0.0831
27.1333 0.0717 7.8703 0.0047 0.0788
27.1500 0.0717 7.8703 0.0044 0.0747
27.1667 0.0717 7.8703 0.0042 0.0708
27.1833 0.0717 7.8703 0.0040 0.0672
27.2000 0.0717 7.8703 0.0037 0.0637
27.2167 0.0717 7.8703 0.0035 0.0604
27.2333 0.0717 7.8703 0.0033 0.0572
27.2500 0.0717 7.8703 0.0032 0.0543
27.2667 0.0717 7.8703 0.0030 0.0514
27.2833 0.0717 7.8703 0.0028 0.0488
27.3000 0.0717 7.8703 0.0027 0.0462
27.3167 0.0717 7.8703 0.0025 0.0438
27.3333 0.0717 7.8703 0.0024 0.0415
27.3500 0.0717 7.8703 0.0023 0.0394
27.3667 0.0717 7.8703 0.0022 0.0373
27.3833 0.0717 7.8703 0.0021 0.0354
27.4000 0.0717 7.8703 0.0019 0.0335
27.4167 0.0717 7.8703 0.0018 0.0318
27.4333 0.0717 7.8703 0.0017 0.0301
27.4500 0.0717 7.8703 0.0017 0.0286
27.4667 0.0717 7.8703 0.0016 0.0271
27.4833 0.0717 7.8703 0.0015 0.0257
27.5000 0.0717 7.8703 0.0014 0.0243
