0.0000 0.0000 0.0000 0.0000 0.0000
0.0167 0.0000 0.0000 0.0000 0.0000
0.0333 0.0000 0.0000 0.0000 0.0000
0.0500 0.0000 0.0000 0.0000 0.0000
0.0667 0.0000 0.0000 0.0000 0.0000
0.0833 0.0000 0.0000 0.0000 0.0000
0.1000 0.0000 0.0000 0.0000 0.0000
0.1167 0.0000 0.0000 0.0000 0.0000
0.1333 0.0000 0.0000 0.0000 0.0000
0.1500 0.0000 0.0000 0.0000 0.0000
0.1667 0.0000 0.0000 0.0000 0.0000
0.1833 0.0000 0.0000 0.0000 0.0000
0.2000 0.0000 0.0000 0.0000 0.0000
0.2167 0.0000 0.0000 0.0000 0.0000
0.2333 0.0000 0.0000 0.0000 0.0000
0.2500 0.0000 0.0000 0.0000 0.0000
0.2667 0.0000 0.0000 0.0000 0.0000
0.2833 0.0000 0.0000 0.0000 0.0000
0.3000 0.0000 0.0000 0.0000 0.0000
0.3167 0.0000 0.0000 0.0000 0.0000
0.3333 0.0000 0.0000 0.0000 0.0000
0.3500 0.0000 0.0000 0.0000 0.0000
0.3667 0.0000 0.0000 0.0000 0.0000
0.3833 0.0000 0.0000 0.0000 0.0000
0.4000 0.0000 0.0000 0.0000 0.0000
0.4167 0.0000 0.0000 0.0000 0.0000
0.4333 0.0000 0.0000 0.0000 0.0000
0.4500 0.0000 0.0000 0.0000 0.0000
0.4667 0.0000 0.0000 0.0000 0.0000
0.4833 0.0000 0.0000 0.0000 0.0000
0.5000 0.0000 0.0000 0.0000 0.0000
0.5167 0.0000 0.0000 0.0000 0.0000
0.5333 0.0000 0.0000 0.0000 0.0000
0.5500 0.0000 0.0000 0.0000 0.0000
0.5667 0.0000 0.0000 0.0000 0.0000
0.5833 0.0000 0.0000 0.0000 0.0000
0.6000 0.0000 0.0000 0.0000 0.0000
0.6167 0.0000 0.0000 0.0000 0.0000
0.6333 0.0000 0.0000 0.0000 0.0000
0.6500 0.0000 0.0000 0.0000 0.0000
0.6667 0.0000 0.0000 0.0000 0.0000
0.6833 0.0000 0.0000 0.0000 0.0000
0.7000 0.0000 0.0000 0.0000 0.0000
0.7167 0.0000 0.0000 0.0000 0.0000
0.7333 0.0000 0.0000 0.0000 0.0000
0.7500 0.0000 0.0000 0.0000 0.0000
0.7667 0.0000 0.0000 0.0000 0.0000
0.7833 0.0000 0.0000 0.0000 0.0000
0.8000 0.0000 0.0000 0.0000 0.0000
0.8167 0.0000 0.0000 0.0000 0.0000
0.8333 0.0000 0.0000 0.0000 0.0000
0.8500 0.0000 0.0000 0.0000 0.0000
0.8667 -0.0000 -0.0000 0.0000 0.0000
0.8833 0.0025 0.0055 0.0000 0.0000
0.9000 0.0025 0.0055 0.0021 0.0045
0.9167 -0.0001 0.0106 0.0035 0.0076
0.9333 -0.0004 0.0112 0.0023 0.0139
0.9500 -0.0004 0.0112 0.0011 0.0186
0.9667 -0.0006 0.0115 0.0004 0.0216
0.9833 -0.0006 0.0115 -0.0003 0.0236
1.0000 -0.0007 0.0117 -0.0008 0.0247
1.0167 -0.0007 0.0117 -0.0013 0.0253
1.0333 -0.0008 0.0120 -0.0015 0.0254
1.0500 -0.0008 0.0120 -0.0018 0.0253
1.0667 -0.0009 0.0121 -0.0020 0.0248
1.0833 -0.0009 0.0121 -0.0022 0.0243
1.1000 -0.0010 0.0123 -0.0022 0.0236
1.1167 -0.0010 0.0123 -0.0023 0.0229
1.1333 -0.0010 0.0123 -0.0024 0.0221
1.1500 -0.0011 0.0124 -0.0024 0.0213
1.1667 -0.0011 0.0124 -0.0024 0.0205
1.1833 -0.0012 0.0126 -0.0024 0.0197
1.2000 -0.0012 0.0126 -0.0025 0.0190
1.2167 -0.0012 0.0127 -0.0024 0.0182
1.2333 -0.0012 0.0127 -0.0024 0.0175
1.2500 -0.0012 0.0127 -0.0024 0.0168
1.2667 -0.0013 0.0127 -0.0024 0.0160
1.2833 -0.0013 0.0127 -0.0023 0.0154
1.3000 -0.0013 0.0128 -0.0023 0.0147
1.3167 -0.0013 0.0128 -0.0022 0.0140
1.3333 -0.0013 0.0128 -0.0022 0.0134
1.3500 -0.0013 0.0128 -0.0021 0.0128
1.3667 -0.0013 0.0128 -0.0020 0.0122
1.3833 -0.0013 0.0129 -0.0020 0.0116
1.4000 -0.0013 0.0129 -0.0019 0.0111
1.4167 -0.0014 0.0129 -0.0018 0.0106
1.4333 -0.0014 0.0129 -0.0018 0.0101
1.4500 -0.0014 0.0129 -0.0017 0.0096
1.4667 -0.0014 0.0129 -0.0016 0.0091
1.4833 -0.0014 0.0129 -0.0016 0.0087
1.5000 -0.0014 0.0129 -0.0015 0.0083
1.5167 -0.0014 0.0129 -0.0014 0.0079
1.5333 -0.0014 0.0129 -0.0014 0.0075
1.5500 -0.0014 0.0129 -0.0013 0.0071
1.5667 -0.0014 0.0129 -0.0013 0.0068
1.5833 -0.0014 0.0129 -0.0012 0.0065
1.6000 -0.0014 0.0129 -0.0012 0.0061
1.6167 -0.0014 0.0129 -0.0011 0.0058
1.6333 -0.0014 0.0130 -0.0011 0.0055
1.6500 -0.0014 0.0130 -0.0010 0.0053
1.6667 -0.0014 0.0130 -0.0010 0.0050
1.6833 -0.0014 0.0130 -0.0009 0.0048
1.7000 -0.0014 0.0130 -0.0009 0.0045
1.7167 -0.0014 0.0130 -0.0008 0.0043
1.7333 -0.0014 0.0130 -0.0008 0.0041
1.7500 -0.0014 0.0130 -0.0008 0.0039
1.7667 -0.0014 0.0130 -0.0007 0.0037
1.7833 -0.0014 0.0130 -0.0007 0.0035
1.8000 -0.0014 0.0130 -0.0007 0.0033
1.8167 -0.0014 0.0130 -0.0006 0.0031
1.8333 -0.0014 0.0130 -0.0006 0.0030
1.8500 -0.0014 0.0130 -0.0006 0.0028
1.8667 -0.0014 0.0130 -0.0005 0.0027
1.8833 -0.0014 0.0130 -0.0005 0.0026
1.9000 -0.0014 0.0130 -0.0005 0.0024
1.9167 -0.0014 0.0130 -0.0005 0.0023
1.9333 -0.0014 0.0130 -0.0004 0.0022
1.9500 -0.0014 0.0130 -0.0004 0.0021
1.9667 -0.0014 0.0130 -0.0004 0.0020
1.9833 -0.0014 0.0130 -0.0004 0.0019
2.0000 -0.0014 0.0130 -0.0004 0.0018
2.0167 -0.0014 0.0130 -0.0003 0.0017
2.0333 -0.0014 0.0130 -0.0003 0.0016
2.0500 -0.0014 0.0130 -0.0003 0.0015
2.0667 -0.0018 0.0144 -0.0003 0.0014
2.0833 -0.0019 0.0147 -0.0006 0.0026
2.1000 -0.0019 0.0148 -0.0008 0.0036
2.1167 -0.0019 0.0148 -0.0011 0.0043
2.1333 -0.0020 0.0150 -0.0012 0.0047
2.1500 -0.0020 0.0150 -0.0014 0.0051
2.1667 -0.0021 0.0152 -0.0015 0.0054
2.1833 -0.0021 0.0152 -0.0016 0.0056
2.2000 -0.0021 0.0152 -0.0017 0.0056
2.2167 -0.0022 0.0153 -0.0017 0.0056
2.2333 -0.0022 0.0153 -0.0018 0.0056
2.2500 -0.0023 0.0154 -0.0018 0.0056
2.2667 -0.0023 0.0155 -0.0018 0.0055
2.2833 -0.0023 0.0155 -0.0019 0.0055
2.3000 -0.0023 0.0155 -0.0019 0.0054
2.3167 -0.0024 0.0156 -0.0018 0.0052
2.3333 -0.0024 0.0156 -0.0018 0.0051
2.3500 -0.0024 0.0156 -0.0018 0.0050
2.3667 -0.0024 0.0156 -0.0018 0.0048
2.3833 -0.0024 0.0156 -0.0017 0.0047
2.4000 -0.0024 0.0157 -0.0017 0.0045
2.4167 -0.0024 0.0157 -0.0016 0.0044
2.4333 -0.0024 0.0157 -0.0016 0.0042
2.4500 -0.0024 0.0157 -0.0015 0.0040
2.4667 -0.0025 0.0157 -0.0015 0.0039
2.4833 -0.0025 0.0157 -0.0015 0.0038
2.5000 -0.0025 0.0158 -0.0014 0.0036
2.5167 -0.0025 0.0158 -0.0014 0.0035
2.5333 -0.0025 0.0158 -0.0013 0.0033
2.5500 -0.0025 0.0158 -0.0013 0.0032
2.5667 -0.0025 0.0158 -0.0012 0.0031
2.5833 -0.0025 0.0158 -0.0012 0.0029
2.6000 -0.0025 0.0158 -0.0011 0.0028
2.6167 -0.0025 0.0158 -0.0011 0.0027
2.6333 -0.0025 0.0158 -0.0010 0.0026
2.6500 -0.0025 0.0158 -0.0010 0.0025
2.6667 -0.0025 0.0158 -0.0010 0.0024
2.6833 -0.0025 0.0158 -0.0009 0.0022
2.7000 -0.0025 0.0158 -0.0009 0.0021
2.7167 -0.0025 0.0158 -0.0008 0.0020
2.7333 -0.0025 0.0158 -0.0008 0.0020
2.7500 -0.0025 0.0158 -0.0008 0.0019
2.7667 -0.0025 0.0158 -0.0007 0.0018
2.7833 -0.0025 0.0158 -0.0007 0.0017
2.8000 -0.0025 0.0158 -0.0007 0.0016
2.8167 -0.0025 0.0158 -0.0006 0.0015
2.8333 -0.0025 0.0158 -0.0006 0.0015
2.8500 -0.0025 0.0158 -0.0006 0.0014
2.8667 -0.0025 0.0158 -0.0006 0.0013
2.8833 -0.0025 0.0158 -0.0005 0.0013
2.9000 -0.0025 0.0158 -0.0005 0.0012
2.9167 -0.0025 0.0158 -0.0005 0.0011
2.9333 -0.0025 0.0158 -0.0005 0.0011
2.9500 -0.0025 0.0158 -0.0004 0.0010
2.9667 -0.0025 0.0158 -0.0004 0.0010
2.9833 -0.0025 0.0158 -0.0004 0.0009
3.0000 -0.0025 0.0158 -0.0004 0.0009
3.0167 -0.0025 0.0158 -0.0004 0.0008
3.0333 -0.0025 0.0158 -0.0003 0.0008
3.0500 -0.0025 0.0158 -0.0003 0.0008
3.0667 -0.0025 0.0158 -0.0003 0.0007
3.0833 -0.0025 0.0158 -0.0003 0.0007
3.1000 -0.0025 0.0158 -0.0003 0.0007
3.1167 -0.0025 0.0158 -0.0003 0.0006
3.1333 -0.0025 0.0158 -0.0003 0.0006
3.1500 -0.0025 0.0158 -0.0002 0.0006
3.1667 -0.0025 0.0158 -0.0002 0.0005
3.1833 -0.0025 0.0158 -0.0002 0.0005
3.2000 -0.0025 0.0158 -0.0002 0.0005
3.2167 -0.0025 0.0158 -0.0002 0.0005
3.2333 -0.0025 0.0158 -0.0002 0.0004
3.2500 -0.0025 0.0158 -0.0002 0.0004
3.2667 -0.0025 0.0158 -0.0002 0.0004
3.2833 -0.0025 0.0158 -0.0002 0.0004
3.3000 -0.0025 0.0158 -0.0002 0.0004
3.3167 -0.0025 0.0158 -0.0001 0.0003
3.3333 -0.0025 0.0158 -0.0001 0.0003
3.3500 -0.0025 0.0158 -0.0001 0.0003
3.3667 -0.0025 0.0158 -0.0001 0.0003
3.3833 -0.0025 0.0158 -0.0001 0.0003
3.4000 -0.0035 0.0895 -0.0001 0.0003
3.4167 -0.0035 0.0895 -0.0009 0.0617
3.4333 -0.0035 0.0895 -0.0015 0.1035
3.4500 -0.0049 0.0919 -0.0018 0.1311
3.4667 -0.0049 0.0919 -0.0032 0.1505
3.4833 -0.0067 0.0915 -0.0042 0.1618
3.5000 -0.0067 0.0915 -0.0062 0.1671
3.5167 -0.0099 0.0909 -0.0076 0.1685
3.5333 -0.0101 0.0909 -0.0111 0.1666
3.5500 -0.0102 0.0907 -0.0136 0.1630
3.5667 -0.0102 0.0907 -0.0152 0.1580
3.5833 -0.0106 0.0906 -0.0161 0.1524
3.6000 -0.0106 0.0906 -0.0168 0.1462
3.6167 -0.0021 0.0951 -0.0171 0.1399
3.6333 -0.0021 0.0951 -0.0099 0.1374
3.6500 -0.0021 0.0951 -0.0048 0.1338
3.6667 -0.0061 0.0934 -0.0012 0.1294
3.6833 -0.0061 0.0934 -0.0020 0.1231
3.7000 0.0013 0.0924 -0.0026 0.1170
3.7167 0.0013 0.0924 0.0032 0.1104
3.7333 0.0013 0.0924 0.0072 0.1042
3.7500 0.0275 0.0971 0.0099 0.0985
3.7667 0.0275 0.0971 0.0335 0.0970
3.7833 0.0318 0.1001 0.0494 0.0946
3.8000 0.0303 0.0990 0.0633 0.0942
3.8167 0.0303 0.0990 0.0710 0.0916
3.8333 0.0303 0.0990 0.0753 0.0886
3.8500 0.0300 0.0981 0.0772 0.0852
3.8667 0.0300 0.0981 0.0772 0.0810
3.8833 0.0308 0.1020 0.0761 0.0769
3.9000 0.0308 0.1020 0.0749 0.0763
3.9167 0.0459 0.1026 0.0731 0.0747
3.9333 0.0459 0.1026 0.0834 0.0731
3.9500 0.0459 0.1026 0.0895 0.0710
3.9667 0.0697 0.1005 0.0924 0.0685
3.9833 0.0697 0.1005 0.1131 0.0641
4.0000 0.0697 0.1005 0.1258 0.0601
4.0167 0.0659 0.1024 0.1329 0.0565
4.0333 0.0659 0.1024 0.1328 0.0548
4.0500 0.0680 0.1007 0.1309 0.0529
4.0667 0.0683 0.1005 0.1295 0.0494
4.0833 0.0685 0.0994 0.1270 0.0462
4.1000 0.0685 0.0994 0.1236 0.0423
4.1167 0.0688 0.0985 0.1195 0.0390
4.1333 0.0688 0.0985 0.1154 0.0355
4.1500 0.0812 0.0999 0.1108 0.0325
4.1667 0.0812 0.0999 0.1165 0.0312
4.1833 0.0812 0.0999 0.1187 0.0298
4.2000 0.0956 0.1014 0.1187 0.0284
4.2167 0.0956 0.1014 0.1290 0.0284
4.2333 0.0974 0.1004 0.1344 0.0279
4.2500 0.0974 0.1004 0.1377 0.0264
4.2667 0.0983 0.0994 0.1382 0.0250
4.2833 0.0989 0.0971 0.1373 0.0228
4.3000 0.0989 0.0971 0.1353 0.0190
4.3167 0.1002 0.0950 0.1320 0.0161
4.3333 0.1002 0.0950 0.1290 0.0121
4.3500 0.1002 0.0950 0.1252 0.0092
4.3667 0.1009 0.0918 0.1207 0.0070
4.3833 0.1009 0.0918 0.1165 0.0028
4.4000 0.1009 0.0918 0.1120 -0.0002
4.4167 0.1006 0.0901 0.1073 -0.0022
4.4333 0.1006 0.0901 0.1022 -0.0051
4.4500 0.1127 0.1004 0.0973 -0.0070
4.4667 0.1127 0.1004 0.1027 0.0004
4.4833 0.0976 0.0837 0.1050 0.0055
4.5000 0.0976 0.0837 0.0925 -0.0049
4.5167 0.0991 0.0817 0.0825 -0.0121
4.5333 0.0991 0.0817 0.0757 -0.0186
4.5500 0.1167 0.0896 0.0699 -0.0229
4.5667 0.1167 0.0896 0.0796 -0.0189
4.5833 0.1167 0.0896 0.0852 -0.0159
4.6000 0.1167 0.0888 0.0880 -0.0136
4.6167 0.1167 0.0888 0.0886 -0.0125
4.6333 0.1167 0.0888 0.0879 -0.0116
4.6500 0.1170 0.0867 0.0861 -0.0108
4.6667 0.1170 0.0867 0.0839 -0.0118
4.6833 0.1143 0.0848 0.0813 -0.0123
4.7000 0.1116 0.0831 0.0761 -0.0141
4.7167 0.1116 0.0831 0.0691 -0.0166
4.7333 0.1116 0.0831 0.0634 -0.0181
4.7500 0.1113 0.0815 0.0585 -0.0189
4.7667 0.1113 0.0815 0.0540 -0.0205
4.7833 0.1014 0.0756 0.0501 -0.0214
4.8000 0.1014 0.0756 0.0385 -0.0265
4.8167 0.1037 0.0764 0.0299 -0.0297
4.8333 0.1037 0.0764 0.0254 -0.0309
4.8500 0.1037 0.0764 0.0220 -0.0313
4.8667 0.0995 0.0728 0.0193 -0.0312
4.8833 0.0995 0.0728 0.0136 -0.0336
4.9000 0.0850 0.0687 0.0095 -0.0349
4.9167 0.0850 0.0687 -0.0057 -0.0387
4.9333 0.0862 0.0708 -0.0161 -0.0408
4.9500 0.0862 0.0708 -0.0221 -0.0400
4.9667 0.0862 0.0708 -0.0259 -0.0388
4.9833 0.0852 0.0701 -0.0283 -0.0375
5.0000 0.0852 0.0701 -0.0303 -0.0366
5.0167 0.0833 0.0682 -0.0313 -0.0355
5.0333 0.0833 0.0682 -0.0332 -0.0358
5.0500 0.0833 0.0682 -0.0340 -0.0355
5.0667 0.0802 0.0634 -0.0342 -0.0348
5.0833 0.0802 0.0634 -0.0363 -0.0379
5.1000 0.0757 0.0601 -0.0373 -0.0395
5.1167 0.0758 0.0580 -0.0413 -0.0428
5.1333 0.0758 0.0580 -0.0433 -0.0462
5.1500 0.0758 0.0580 -0.0442 -0.0479
5.1667 0.0743 0.0526 -0.0441 -0.0484
5.1833 0.0743 0.0526 -0.0447 -0.0527
5.2000 0.0737 0.0488 -0.0446 -0.0549
5.2167 0.0737 0.0488 -0.0444 -0.0588
5.2333 0.0737 0.0488 -0.0436 -0.0607
5.2500 0.0732 0.0436 -0.0425 -0.0612
5.2667 0.0732 0.0436 -0.0414 -0.0650
5.2833 0.0732 0.0436 -0.0401 -0.0668
5.3000 0.0735 0.0410 -0.0387 -0.0670
5.3167 0.0735 0.0410 -0.0369 -0.0685
5.3333 0.0735 0.0410 -0.0352 -0.0685
5.3500 0.0861 0.0368 -0.0335 -0.0676
5.3667 0.0861 0.0368 -0.0213 -0.0695
5.3833 0.0876 0.0351 -0.0125 -0.0699
5.4000 0.0880 0.0346 -0.0050 -0.0707
5.4167 0.0941 0.0344 0.0006 -0.0706
5.4333 0.0941 0.0344 0.0095 -0.0697
5.4500 0.0949 0.0306 0.0156 -0.0681
5.4667 0.0949 0.0306 0.0203 -0.0692
5.4833 0.0960 0.0265 0.0233 -0.0690
5.5000 0.0960 0.0265 0.0260 -0.0713
5.5167 0.1012 0.0240 0.0275 -0.0720
5.5333 0.1012 0.0240 0.0325 -0.0735
5.5500 0.1012 0.0240 0.0356 -0.0736
5.5667 0.1070 0.0215 0.0372 -0.0726
5.5833 0.1104 0.0196 0.0426 -0.0730
5.6000 0.1104 0.0196 0.0486 -0.0738
5.6167 0.1110 0.0183 0.0521 -0.0734
5.6333 0.1110 0.0183 0.0543 -0.0731
5.6500 0.1110 0.0183 0.0551 -0.0720
5.6667 0.1176 0.0161 0.0548 -0.0702
5.6833 0.1176 0.0161 0.0594 -0.0697
5.7000 0.1209 0.0132 0.0618 -0.0684
5.7167 0.1220 0.0139 0.0653 -0.0690
5.7333 0.1402 0.0170 0.0678 -0.0679
5.7500 0.1402 0.0170 0.0837 -0.0637
5.7667 0.1308 0.0137 0.0936 -0.0598
5.7833 0.1308 0.0137 0.0914 -0.0590
5.8000 0.1330 0.0141 0.0886 -0.0577
5.8167 0.1330 0.0141 0.0872 -0.0556
5.8333 0.1330 0.0141 0.0850 -0.0534
5.8500 0.1341 0.0115 0.0823 -0.0511
5.8667 0.1341 0.0115 0.0802 -0.0509
5.8833 0.1398 0.0117 0.0776 -0.0501
5.9000 0.1403 0.0117 0.0795 -0.0487
5.9167 0.1420 0.0118 0.0802 -0.0470
5.9333 0.1420 0.0118 0.0809 -0.0452
5.9500 0.1482 0.0124 0.0803 -0.0432
5.9667 0.1482 0.0124 0.0840 -0.0408
5.9833 0.1510 0.0136 0.0853 -0.0385
6.0000 0.1510 0.0136 0.0874 -0.0354
6.0167 0.1510 0.0136 0.0877 -0.0327
6.0333 0.1606 0.0162 0.0867 -0.0304
6.0500 0.1606 0.0162 0.0927 -0.0262
6.0667 0.1606 0.0162 0.0956 -0.0230
6.0833 0.1712 0.0180 0.0963 -0.0204
6.1000 0.1712 0.0180 0.1042 -0.0168
6.1167 0.1787 0.0208 0.1083 -0.0141
6.1333 0.1826 0.0216 0.1159 -0.0096
6.1500 0.1869 0.0230 0.1229 -0.0058
6.1667 0.1869 0.0230 0.1296 -0.0018
6.1833 0.1941 0.0254 0.1324 0.0009
6.2000 0.1941 0.0254 0.1385 0.0049
6.2167 0.1988 0.0285 0.1409 0.0075
6.2333 0.1988 0.0285 0.1445 0.0119
6.2500 0.1988 0.0285 0.1450 0.0147
6.2667 0.2083 0.0308 0.1433 0.0165
6.2833 0.2083 0.0308 0.1481 0.0194
6.3000 0.2483 0.0309 0.1493 0.0212
6.3167 0.2533 0.0320 0.1815 0.0222
6.3333 0.2584 0.0321 0.2054 0.0235
6.3500 0.2584 0.0321 0.2235 0.0241
6.3667 0.2627 0.0330 0.2330 0.0242
6.3833 0.2627 0.0330 0.2400 0.0247
6.4000 0.2691 0.0333 0.2415 0.0247
6.4167 0.2691 0.0333 0.2444 0.0246
6.4333 0.2691 0.0333 0.2431 0.0242
6.4500 0.2747 0.0314 0.2388 0.0236
6.4667 0.2747 0.0314 0.2372 0.0213
6.4833 0.2747 0.0314 0.2328 0.0194
6.5000 0.2886 0.0283 0.2264 0.0178
6.5167 0.2886 0.0283 0.2305 0.0139
6.5333 0.2928 0.0253 0.2302 0.0110
6.5500 0.2934 0.0239 0.2301 0.0063
6.5667 0.2934 0.0239 0.2275 0.0017
6.5833 0.2934 0.0239 0.2224 -0.0015
6.6000 0.3030 0.0041 0.2159 -0.0036
6.6167 0.3030 0.0041 0.2163 -0.0217
6.6333 0.3072 0.0015 0.2135 -0.0339
6.6500 0.3072 0.0015 0.2122 -0.0440
6.6667 0.3119 -0.0010 0.2084 -0.0504
6.6833 0.3119 -0.0010 0.2067 -0.0563
6.7000 0.3119 -0.0010 0.2027 -0.0596
6.7167 0.3201 -0.0069 0.1971 -0.0611
6.7333 0.3201 -0.0069 0.1972 -0.0662
6.7500 0.3222 -0.0153 0.1946 -0.0688
6.7667 0.3219 -0.0179 0.1918 -0.0767
6.7833 0.3219 -0.0179 0.1870 -0.0832
6.8000 0.3219 -0.0179 0.1811 -0.0867
6.8167 0.3312 -0.0209 0.1745 -0.0878
6.8333 0.3312 -0.0209 0.1752 -0.0899
6.8500 0.3360 -0.0251 0.1732 -0.0900
6.8667 0.3360 -0.0251 0.1735 -0.0924
6.8833 0.3360 -0.0251 0.1712 -0.0928
6.9000 0.3420 -0.0293 0.1673 -0.0917
6.9167 0.3420 -0.0293 0.1672 -0.0932
6.9333 0.3462 -0.0336 0.1648 -0.0930
6.9500 0.3474 -0.0350 0.1644 -0.0951
6.9667 0.3489 -0.0369 0.1628 -0.0965
6.9833 0.3489 -0.0369 0.1607 -0.0977
7.0000 0.3535 -0.0389 0.1570 -0.0971
7.0167 0.3535 -0.0389 0.1561 -0.0971
7.0333 0.3535 -0.0389 0.1533 -0.0957
7.0500 0.3625 -0.0437 0.1492 -0.0933
7.0667 0.3625 -0.0437 0.1517 -0.0945
7.0833 0.3657 -0.0466 0.1514 -0.0940
7.1000 0.3680 -0.0481 0.1518 -0.0947
7.1167 0.3708 -0.0494 0.1518 -0.0951
7.1333 0.3708 -0.0494 0.1521 -0.0952
7.1500 0.3725 -0.0507 0.1502 -0.0939
7.1667 0.3725 -0.0507 0.1482 -0.0928
7.1833 0.3811 -0.0540 0.1448 -0.0908
7.2000 0.3811 -0.0540 0.1475 -0.0908
7.2167 0.3878 -0.0558 0.1474 -0.0896
7.2333 0.3957 -0.0580 0.1508 -0.0890
7.2500 0.3957 -0.0580 0.1577 -0.0892
7.2667 0.3968 -0.0584 0.1603 -0.0881
7.2833 0.3968 -0.0584 0.1607 -0.0864
7.3000 0.3968 -0.0584 0.1588 -0.0841
7.3167 0.4079 -0.0596 0.1553 -0.0813
7.3333 0.4079 -0.0596 0.1599 -0.0792
7.3500 0.4079 -0.0596 0.1609 -0.0767
7.3667 0.4227 -0.0607 0.1594 -0.0738
7.3833 0.4227 -0.0607 0.1684 -0.0717
7.4000 0.4277 -0.0612 0.1724 -0.0693
7.4167 0.4314 -0.0615 0.1769 -0.0670
7.4333 0.4348 -0.0617 0.1806 -0.0648
7.4500 0.4348 -0.0617 0.1836 -0.0625
7.4667 0.4421 -0.0621 0.1831 -0.0601
7.4833 0.4421 -0.0621 0.1863 -0.0579
7.5000 0.4484 -0.0631 0.1860 -0.0555
7.5167 0.4484 -0.0631 0.1884 -0.0540
7.5333 0.4484 -0.0631 0.1875 -0.0521
7.5500 0.4554 -0.0631 0.1843 -0.0501
7.5667 0.4554 -0.0631 0.1852 -0.0480
7.5833 0.4612 -0.0604 0.1833 -0.0459
7.6000 0.4894 -0.0689 0.1843 -0.0415
7.6167 0.4928 -0.0698 0.2059 -0.0450
7.6333 0.4928 -0.0698 0.2210 -0.0476
7.6500 0.4986 -0.0699 0.2283 -0.0487
7.6667 0.4986 -0.0699 0.2351 -0.0489
7.6833 0.5037 -0.0696 0.2365 -0.0483
7.7000 0.5037 -0.0696 0.2385 -0.0470
7.7167 0.5071 -0.0697 0.2366 -0.0454
7.7333 0.5071 -0.0697 0.2348 -0.0438
7.7500 0.5071 -0.0697 0.2302 -0.0420
7.7667 0.5128 -0.0724 0.2239 -0.0402
7.7833 0.5128 -0.0724 0.2211 -0.0407
7.8000 0.5171 -0.0750 0.2162 -0.0404
7.8167 0.5171 -0.0750 0.2133 -0.0419
7.8333 0.5173 -0.0772 0.2083 -0.0423
7.8500 0.5173 -0.0772 0.2021 -0.0438
7.8667 0.5206 -0.0799 0.1951 -0.0443
7.8833 0.5206 -0.0799 0.1902 -0.0463
7.9000 0.5206 -0.0799 0.1841 -0.0470
7.9167 0.5316 -0.0869 0.1773 -0.0469
7.9333 0.5316 -0.0869 0.1793 -0.0519
7.9500 0.5316 -0.0869 0.1782 -0.0546
7.9667 0.5316 -0.0980 0.1750 -0.0558
7.9833 0.5316 -0.0980 0.1703 -0.0651
8.0000 0.5588 -0.0934 0.1646 -0.0707
8.0167 0.5729 -0.0941 0.1811 -0.0697
8.0333 0.5736 -0.0965 0.2018 -0.0687
8.0500 0.5736 -0.0965 0.2140 -0.0690
8.0667 0.5765 -0.1024 0.2195 -0.0683
8.0833 0.5765 -0.1024 0.2227 -0.0717
8.1000 0.5761 -0.1099 0.2218 -0.0732
8.1167 0.5761 -0.1099 0.2178 -0.0794
8.1333 0.5761 -0.1099 0.2120 -0.0826
8.1500 0.5738 -0.1120 0.2050 -0.0837
8.1667 0.5738 -0.1120 0.1953 -0.0850
8.1833 0.5755 -0.1188 0.1859 -0.0848
8.2000 0.5755 -0.1188 0.1782 -0.0891
8.2167 0.5755 -0.1188 0.1704 -0.0909
8.2333 0.5786 -0.1266 0.1626 -0.0909
8.2500 0.5786 -0.1266 0.1575 -0.0961
8.2667 0.5807 -0.1290 0.1518 -0.0984
8.2833 0.5818 -0.1302 0.1474 -0.1006
8.3000 0.5811 -0.1315 0.1433 -0.1017
8.3167 0.5811 -0.1315 0.1378 -0.1022
8.3333 0.5810 -0.1331 0.1321 -0.1011
8.3500 0.5810 -0.1331 0.1261 -0.1002
8.3667 0.5811 -0.1340 0.1203 -0.0982
8.3833 0.5811 -0.1340 0.1146 -0.0962
8.4000 0.5811 -0.1340 0.1091 -0.0935
8.4167 0.5871 -0.1350 0.1038 -0.0903
8.4333 0.5871 -0.1350 0.1037 -0.0877
8.4500 0.5871 -0.1350 0.1021 -0.0847
8.4667 0.5967 -0.1326 0.0997 -0.0814
8.4833 0.5967 -0.1326 0.1045 -0.0760
8.5000 0.6257 -0.1262 0.1064 -0.0711
8.5167 0.6285 -0.1251 0.1305 -0.0615
8.5333 0.6298 -0.1250 0.1477 -0.0530
8.5500 0.6298 -0.1250 0.1588 -0.0462
8.5667 0.6319 -0.1240 0.1642 -0.0409
8.5833 0.6319 -0.1240 0.1675 -0.0358
8.6000 0.6350 -0.1233 0.1674 -0.0318
8.6167 0.6350 -0.1233 0.1676 -0.0280
8.6333 0.6350 -0.1233 0.1654 -0.0249
8.6500 0.6355 -0.1235 0.1616 -0.0225
8.6667 0.6355 -0.1235 0.1571 -0.0206
8.6833 0.6456 -0.1242 0.1517 -0.0190
8.7000 0.6456 -0.1242 0.1544 -0.0182
8.7167 0.6601 -0.1233 0.1541 -0.0175
8.7333 0.6649 -0.1246 0.1638 -0.0159
8.7500 0.6744 -0.1249 0.1723 -0.0157
8.7667 0.6744 -0.1249 0.1837 -0.0156
8.7833 0.6756 -0.1286 0.1891 -0.0152
8.8000 0.6756 -0.1286 0.1912 -0.0179
8.8167 0.6757 -0.1322 0.1901 -0.0195
8.8333 0.6757 -0.1322 0.1867 -0.0234
8.8500 0.6757 -0.1322 0.1817 -0.0257
8.8667 0.6774 -0.1393 0.1757 -0.0270
8.8833 0.6774 -0.1393 0.1706 -0.0335
8.9000 0.6801 -0.1428 0.1646 -0.0375
8.9167 0.6790 -0.1474 0.1604 -0.0427
8.9333 0.6787 -0.1505 0.1544 -0.0495
8.9500 0.6787 -0.1505 0.1478 -0.0561
8.9667 0.6775 -0.1572 0.1412 -0.0599
8.9833 0.6775 -0.1572 0.1336 -0.0674
9.0000 0.6759 -0.1636 0.1265 -0.0716
9.0167 0.6759 -0.1636 0.1185 -0.0789
9.0333 0.6759 -0.1636 0.1113 -0.0828
9.0500 0.6720 -0.1704 0.1047 -0.0844
9.0667 0.6720 -0.1704 0.0954 -0.0901
9.0833 0.6693 -0.1776 0.0876 -0.0928
9.1000 0.6693 -0.1776 0.0787 -0.0993
9.1167 0.6649 -0.1836 0.0714 -0.1024
9.1333 0.6630 -0.1864 0.0617 -0.1082
9.1500 0.6602 -0.1899 0.0525 -0.1130
9.1667 0.6602 -0.1899 0.0431 -0.1177
9.1833 0.6544 -0.1958 0.0359 -0.1194
9.2000 0.6544 -0.1958 0.0256 -0.1238
9.2167 0.6497 -0.2015 0.0181 -0.1251
9.2333 0.6497 -0.2015 0.0087 -0.1291
9.2500 0.6497 -0.2015 0.0020 -0.1300
9.2667 0.6473 -0.2078 -0.0026 -0.1289
9.2833 0.6473 -0.2078 -0.0078 -0.1316
9.3000 0.6443 -0.2113 -0.0113 -0.1316
9.3167 0.6443 -0.2113 -0.0160 -0.1327
9.3333 0.6443 -0.2113 -0.0191 -0.1316
9.3500 0.6377 -0.2228 -0.0210 -0.1290
9.3667 0.6352 -0.2242 -0.0275 -0.1351
9.3833 0.6352 -0.2242 -0.0337 -0.1386
9.4000 0.6352 -0.2242 -0.0376 -0.1391
9.4167 0.6285 -0.2292 -0.0398 -0.1375
9.4333 0.6285 -0.2292 -0.0463 -0.1386
9.4500 0.6205 -0.2309 -0.0502 -0.1374
9.4667 0.6205 -0.2309 -0.0589 -0.1361
9.4833 0.6205 -0.2309 -0.0641 -0.1333
9.5000 0.6166 -0.2340 -0.0668 -0.1296
9.5167 0.6166 -0.2340 -0.0710 -0.1278
9.5333 0.6334 -0.2335 -0.0730 -0.1247
9.5500 0.6334 -0.2335 -0.0593 -0.1205
9.5667 0.6325 -0.2335 -0.0490 -0.1158
9.5833 0.6315 -0.2344 -0.0419 -0.1110
9.6000 0.6291 -0.2348 -0.0373 -0.1068
9.6167 0.6291 -0.2348 -0.0355 -0.1028
9.6333 0.6233 -0.2351 -0.0337 -0.0986
9.6500 0.6233 -0.2351 -0.0369 -0.0945
9.6667 0.6233 -0.2351 -0.0386 -0.0903
9.6833 0.6123 -0.2367 -0.0393 -0.0862
9.7000 0.6123 -0.2367 -0.0483 -0.0835
9.7167 0.6081 -0.2372 -0.0540 -0.0804
9.7333 0.6038 -0.2495 -0.0606 -0.0776
9.7500 0.6005 -0.2512 -0.0679 -0.0848
9.7667 0.6005 -0.2512 -0.0749 -0.0900
9.7833 0.5972 -0.2514 -0.0787 -0.0924
9.8000 0.5972 -0.2514 -0.0830 -0.0930
9.8167 0.5899 -0.2517 -0.0849 -0.0920
9.8333 0.5899 -0.2517 -0.0910 -0.0903
9.8500 0.5899 -0.2517 -0.0941 -0.0879
9.8667 0.5774 -0.2516 -0.0949 -0.0850
9.8833 0.5774 -0.2516 -0.1045 -0.0818
9.9000 0.5646 -0.2543 -0.1097 -0.0784
9.9167 0.5643 -0.2545 -0.1225 -0.0772
9.9333 0.6213 -0.2637 -0.1299 -0.0754
9.9500 0.6213 -0.2637 -0.0858 -0.0809
9.9667 0.6210 -0.2638 -0.0540 -0.0835
9.9833 0.6210 -0.2638 -0.0313 -0.0843
10.0000 0.6141 -0.2629 -0.0152 -0.0836
10.0167 0.6141 -0.2629 -0.0095 -0.0813
10.0333 0.6141 -0.2629 -0.0054 -0.0785
10.0500 0.5963 -0.2647 -0.0024 -0.0755
10.0667 0.5963 -0.2647 -0.0152 -0.0739
10.0833 0.5877 -0.2699 -0.0238 -0.0717
10.1000 0.5850 -0.2683 -0.0367 -0.0735
10.1167 0.5789 -0.2668 -0.0474 -0.0724
10.1333 0.5789 -0.2668 -0.0592 -0.0693
10.1500 0.5753 -0.2647 -0.0666 -0.0662
10.1667 0.5753 -0.2647 -0.0738 -0.0615
10.1833 0.5674 -0.2603 -0.0778 -0.0574
10.2000 0.5674 -0.2603 -0.0861 -0.0500
10.2167 0.5291 -0.2643 -0.0907 -0.0442
10.2333 0.5291 -0.2643 -0.1245 -0.0429
10.2500 0.5291 -0.2643 -0.1463 -0.0414
10.2667 0.5225 -0.2571 -0.1594 -0.0397
10.2833 0.5225 -0.2571 -0.1718 -0.0321
10.3000 0.4822 -0.2685 -0.1780 -0.0263
10.3167 0.4822 -0.2685 -0.2135 -0.0314
10.3333 0.4822 -0.2685 -0.2351 -0.0345
10.3500 0.4764 -0.2624 -0.2469 -0.0362
10.3667 0.4741 -0.2596 -0.2565 -0.0318
10.3833 0.4741 -0.2596 -0.2616 -0.0259
10.4000 0.4712 -0.2513 -0.2615 -0.0215
10.4167 0.4712 -0.2513 -0.2601 -0.0112
10.4333 0.4712 -0.2513 -0.2556 -0.0039
10.4500 0.4694 -0.2440 -0.2488 0.0012
10.4667 0.4694 -0.2440 -0.2423 0.0109
10.4833 0.4633 -0.2360 -0.2343 0.0175
10.5000 0.4633 -0.2360 -0.2306 0.0284
10.5167 0.4633 -0.2360 -0.2249 0.0357
10.5333 0.4605 -0.2243 -0.2177 0.0402
10.5500 0.4602 -0.2198 -0.2121 0.0525
10.5667 0.4602 -0.2198 -0.2055 0.0641
10.5833 0.4591 -0.2166 -0.1980 0.0713
10.6000 0.4591 -0.2166 -0.1910 0.0780
10.6167 0.4586 -0.2012 -0.1834 0.0815
10.6333 0.4586 -0.2012 -0.1761 0.0957
10.6500 0.4586 -0.2012 -0.1685 0.1043
10.6667 0.4554 -0.1885 -0.1609 0.1087
10.6833 0.4554 -0.1885 -0.1561 0.1209
10.7000 0.4387 -0.2237 -0.1506 0.1277
10.7167 0.4385 -0.2190 -0.1586 0.1013
10.7333 0.4385 -0.2133 -0.1620 0.0855
10.7500 0.4385 -0.2133 -0.1622 0.0780
10.7667 0.4386 -0.2019 -0.1601 0.0718
10.7833 0.4386 -0.2019 -0.1563 0.0760
10.8000 0.4387 -0.1915 -0.1515 0.0778
10.8167 0.4387 -0.1915 -0.1460 0.0866
10.8333 0.4387 -0.1915 -0.1402 0.0915
10.8500 0.4408 -0.1807 -0.1342 0.0937
10.8667 0.4408 -0.1807 -0.1263 0.1029
10.8833 0.4426 -0.1695 -0.1191 0.1078
10.9000 0.4426 -0.1695 -0.1110 0.1191
10.9167 0.4450 -0.1641 -0.1037 0.1254
10.9333 0.4453 -0.1621 -0.0953 0.1324
10.9500 0.4458 -0.1600 -0.0879 0.1372
10.9667 0.4458 -0.1600 -0.0810 0.1403
10.9833 0.4471 -0.1554 -0.0751 0.1406
11.0000 0.4471 -0.1554 -0.0690 0.1426
11.0167 0.4479 -0.1514 -0.0638 0.1420
11.0333 0.4479 -0.1514 -0.0585 0.1429
11.0500 0.4479 -0.1514 -0.0541 0.1416
11.0667 0.4505 -0.1465 -0.0503 0.1387
11.0833 0.4505 -0.1465 -0.0447 0.1389
11.1000 0.4520 -0.1439 -0.0402 0.1371
11.1167 0.4521 -0.1421 -0.0354 0.1361
11.1333 0.4532 -0.1419 -0.0313 0.1351
11.1500 0.4532 -0.1419 -0.0273 0.1326
11.1667 0.4542 -0.1410 -0.0240 0.1291
11.1833 0.4542 -0.1410 -0.0206 0.1255
11.2000 0.4561 -0.1378 -0.0179 0.1213
11.2167 0.4561 -0.1378 -0.0142 0.1194
11.2333 0.4561 -0.1378 -0.0115 0.1164
11.2500 0.4571 -0.1389 -0.0094 0.1127
11.2667 0.4571 -0.1389 -0.0070 0.1077
11.2833 0.4593 -0.1381 -0.0052 0.1027
11.3000 0.4593 -0.1381 -0.0021 0.0984
11.3167 0.4597 -0.1419 0.0002 0.0941
11.3333 0.4611 -0.1420 0.0021 0.0866
11.3500 0.4486 -0.1480 0.0045 0.0801
11.3667 0.4486 -0.1480 -0.0043 0.0695
11.3833 0.4471 -0.1497 -0.0103 0.0612
11.4000 0.4471 -0.1497 -0.0156 0.0531
11.4167 0.4479 -0.1507 -0.0191 0.0467
11.4333 0.4479 -0.1507 -0.0206 0.0409
11.4500 0.4479 -0.1507 -0.0214 0.0362
11.4667 0.4522 -0.1265 -0.0217 0.0325
11.4833 0.4522 -0.1265 -0.0179 0.0496
11.5000 0.4504 -0.1081 -0.0151 0.0608
11.5167 0.4504 -0.1081 -0.0144 0.0830
11.5333 0.4504 -0.1081 -0.0137 0.0973
11.5500 0.4500 -0.1081 -0.0131 0.1059
11.5667 0.4500 -0.1081 -0.0127 0.1104
11.5833 0.4500 -0.1096 -0.0123 0.1120
11.6000 0.4500 -0.1096 -0.0118 0.1104
11.6167 0.4506 -0.1106 -0.0113 0.1077
11.6333 0.4506 -0.1106 -0.0104 0.1035
11.6500 0.4506 -0.1106 -0.0096 0.0991
11.6667 0.4568 -0.0810 -0.0089 0.0947
11.6833 0.4568 -0.0810 -0.0031 0.1150
11.7000 0.4582 -0.0826 0.0010 0.1275
11.7167 0.4582 -0.0826 0.0049 0.1331
11.7333 0.4582 -0.0826 0.0077 0.1352
11.7500 0.4633 -0.0617 0.0094 0.1347
11.7667 0.4612 -0.0864 0.0147 0.1500
11.7833 0.4612 -0.0864 0.0165 0.1379
11.8000 0.4609 -0.0704 0.0175 0.1276
11.8167 0.4609 -0.0704 0.0177 0.1320
11.8333 0.4700 -0.0633 0.0176 0.1332
11.8500 0.4700 -0.0633 0.0249 0.1380
11.8667 0.4708 -0.0644 0.0296 0.1395
11.8833 0.4713 -0.0659 0.0331 0.1377
11.9000 0.4715 -0.0671 0.0355 0.1333
11.9167 0.4715 -0.0671 0.0368 0.1273
11.9333 0.4734 -0.0690 0.0373 0.1214
11.9500 0.4734 -0.0690 0.0386 0.1141
11.9667 0.4737 -0.0720 0.0390 0.1074
11.9833 0.4737 -0.0720 0.0390 0.0987
12.0000 0.4737 -0.0720 0.0384 0.0914
12.0167 0.4783 -0.0524 0.0375 0.0850
12.0333 0.4783 -0.0524 0.0402 0.0957
12.0500 0.4796 -0.0529 0.0415 0.1018
12.0667 0.4798 -0.0542 0.0430 0.1042
12.0833 0.4806 -0.0553 0.0436 0.1034
12.1000 0.4806 -0.0553 0.0440 0.1005
12.1167 0.4819 -0.0568 0.0437 0.0970
12.1333 0.4819 -0.0568 0.0439 0.0920
12.1500 0.4831 -0.0596 0.0435 0.0872
12.1667 0.4831 -0.0596 0.0436 0.0804
12.1833 0.4831 -0.0596 0.0431 0.0746
12.2000 0.4836 -0.0339 0.0421 0.0695
12.2167 0.4836 -0.0339 0.0413 0.0863
12.2333 0.4909 -0.0649 0.0401 0.0968
12.2500 0.4909 -0.0649 0.0448 0.0770
12.2667 0.4974 -0.0427 0.0475 0.0621
12.2833 0.4908 -0.0400 0.0541 0.0694
12.3000 0.4951 -0.0453 0.0525 0.0758
12.3167 0.4951 -0.0453 0.0542 0.0748
12.3333 0.4909 -0.0328 0.0546 0.0730
12.3500 0.4909 -0.0328 0.0506 0.0812
12.3667 0.4917 -0.0335 0.0471 0.0857
12.3833 0.4917 -0.0335 0.0447 0.0871
12.4000 0.4917 -0.0335 0.0424 0.0869
12.4167 0.4942 -0.0372 0.0403 0.0856
12.4333 0.4942 -0.0372 0.0403 0.0803
12.4500 0.4963 -0.0405 0.0398 0.0756
12.4667 0.5024 -0.0344 0.0406 0.0684
12.4833 0.5019 -0.0414 0.0457 0.0676
12.5000 0.5019 -0.0414 0.0481 0.0603
12.5167 0.5021 -0.0475 0.0492 0.0544
12.5333 0.5021 -0.0475 0.0494 0.0443
12.5500 0.5021 -0.0475 0.0488 0.0368
12.5667 0.5213 -0.0405 0.0478 0.0310
12.5833 0.5213 -0.0405 0.0624 0.0324
12.6000 0.5213 -0.0405 0.0717 0.0330
12.6167 0.5167 -0.0543 0.0771 0.0329
12.6333 0.5167 -0.0543 0.0761 0.0209
12.6500 0.5131 -0.0638 0.0743 0.0122
12.6667 0.5132 -0.0644 0.0690 -0.0019
12.6833 0.5135 -0.0667 0.0644 -0.0121
12.7000 0.5135 -0.0667 0.0606 -0.0210
12.7167 0.5156 -0.0710 0.0571 -0.0269
12.7333 0.5156 -0.0710 0.0556 -0.0342
12.7500 0.5156 -0.0710 0.0538 -0.0387
12.7667 0.5180 -0.0748 0.0518 -0.0414
12.7833 0.5180 -0.0748 0.0517 -0.0458
12.8000 0.5205 -0.0790 0.0509 -0.0482
12.8167 0.5208 -0.0807 0.0517 -0.0528
12.8333 0.5230 -0.0829 0.0518 -0.0566
12.8500 0.5230 -0.0829 0.0530 -0.0604
12.8667 0.5256 -0.0857 0.0531 -0.0621
12.8833 0.5256 -0.0857 0.0546 -0.0649
12.9000 0.5343 -0.0768 0.0549 -0.0658
12.9167 0.5343 -0.0768 0.0616 -0.0581
12.9333 0.5343 -0.0768 0.0653 -0.0520
12.9500 0.5360 -0.0845 0.0670 -0.0470
12.9667 0.5360 -0.0845 0.0687 -0.0493
12.9833 0.5451 -0.0832 0.0690 -0.0503
13.0000 0.5451 -0.0832 0.0758 -0.0491
13.0167 0.5483 -0.0930 0.0795 -0.0476
13.0333 0.5483 -0.0965 0.0836 -0.0541
13.0500 0.5532 -0.0942 0.0852 -0.0608
13.0667 0.5532 -0.0942 0.0893 -0.0626
13.0833 0.5509 -0.0984 0.0910 -0.0630
13.1000 0.5509 -0.0984 0.0889 -0.0660
13.1167 0.5569 -0.1003 0.0862 -0.0671
13.1333 0.5569 -0.1003 0.0881 -0.0685
13.1500 0.5569 -0.1003 0.0882 -0.0686
13.1667 0.5575 -0.1026 0.0870 -0.0677
13.1833 0.5575 -0.1026 0.0855 -0.0680
13.2000 0.5596 -0.1048 0.0833 -0.0673
13.2167 0.5596 -0.1048 0.0824 -0.0677
13.2333 0.5596 -0.1048 0.0806 -0.0670
13.2500 0.5618 -0.1083 0.0782 -0.0656
13.2667 0.5618 -0.1083 0.0773 -0.0667
13.2833 0.5658 -0.1123 0.0756 -0.0665
13.3000 0.5667 -0.1138 0.0767 -0.0688
13.3167 0.5667 -0.1138 0.0771 -0.0706
13.3333 0.5784 -0.1076 0.0763 -0.0710
13.3500 0.5784 -0.1076 0.0845 -0.0650
13.3667 0.5848 -0.1105 0.0890 -0.0599
13.3833 0.5848 -0.1105 0.0962 -0.0581
13.4000 0.5848 -0.1105 0.0999 -0.0559
13.4167 0.5856 -0.1209 0.1010 -0.0537
13.4333 0.5856 -0.1209 0.1012 -0.0600
13.4500 0.5856 -0.1209 0.0998 -0.0635
13.4667 0.5936 -0.1004 0.0975 -0.0651
13.4833 0.5936 -0.1004 0.1012 -0.0482
13.5000 0.5936 -0.1004 0.1024 -0.0358
13.5167 0.5948 -0.1114 0.1017 -0.0267
13.5333 0.5948 -0.1114 0.1009 -0.0292
13.5500 0.5948 -0.1114 0.0989 -0.0306
13.5667 0.5973 -0.1185 0.0961 -0.0311
13.5833 0.5981 -0.1212 0.0949 -0.0369
13.6000 0.5981 -0.1212 0.0935 -0.0427
13.6167 0.6068 -0.1225 0.0912 -0.0461
13.6333 0.6068 -0.1225 0.0956 -0.0490
13.6500 0.6068 -0.1225 0.0974 -0.0503
13.6667 0.6087 -0.1290 0.0972 -0.0505
13.6833 0.6087 -0.1290 0.0973 -0.0553
13.7000 0.6142 -0.1328 0.0960 -0.0579
13.7167 0.6142 -0.1328 0.0984 -0.0620
13.7333 0.6142 -0.1328 0.0987 -0.0640
13.7500 0.6145 -0.1295 0.0976 -0.0645
13.7667 0.6145 -0.1295 0.0956 -0.0612
13.7833 0.6182 -0.1376 0.0929 -0.0581
13.8000 0.6189 -0.1399 0.0929 -0.0619
13.8167 0.6189 -0.1399 0.0921 -0.0656
13.8333 0.6206 -0.1426 0.0903 -0.0672
13.8500 0.6206 -0.1426 0.0892 -0.0697
13.8667 0.6244 -0.1516 0.0872 -0.0705
13.8833 0.6244 -0.1516 0.0878 -0.0775
13.9000 0.6244 -0.1516 0.0870 -0.0814
13.9167 0.6272 -0.1599 0.0853 -0.0829
13.9333 0.6353 -0.1589 0.0851 -0.0897
13.9500 0.6353 -0.1589 0.0906 -0.0923
13.9667 0.6379 -0.1605 0.0932 -0.0929
13.9833 0.6379 -0.1605 0.0959 -0.0933
14.0000 0.6379 -0.1605 0.0964 -0.0923
14.0167 0.6375 -0.1769 0.0954 -0.0903
14.0333 0.6375 -0.1769 0.0931 -0.1014
14.0500 0.6396 -0.1863 0.0902 -0.1077
14.0667 0.6396 -0.1863 0.0887 -0.1183
14.0833 0.6396 -0.1863 0.0864 -0.1241
14.1000 0.6450 -0.1970 0.0836 -0.1264
14.1167 0.6460 -0.2005 0.0850 -0.1352
14.1333 0.6460 -0.2005 0.0856 -0.1423
14.1500 0.6484 -0.2074 0.0848 -0.1453
14.1667 0.6484 -0.2074 0.0851 -0.1511
14.1833 0.6484 -0.2074 0.0841 -0.1530
14.2000 0.6528 -0.2152 0.0823 -0.1522
14.2167 0.6528 -0.2152 0.0835 -0.1561
14.2333 0.6528 -0.2152 0.0832 -0.1566
14.2500 0.6572 -0.2259 0.0818 -0.1548
14.2667 0.6572 -0.2259 0.0834 -0.1603
14.2833 0.6572 -0.2259 0.0834 -0.1619
14.3000 0.6619 -0.2368 0.0822 -0.1608
14.3167 0.6619 -0.2368 0.0841 -0.1669
14.3333 0.6673 -0.2471 0.0843 -0.1688
14.3500 0.6673 -0.2471 0.0877 -0.1763
14.3667 0.6713 -0.2540 0.0890 -0.1791
14.3833 0.6755 -0.2560 0.0918 -0.1843
14.4000 0.6758 -0.2603 0.0961 -0.1870
14.4167 0.6758 -0.2603 0.0979 -0.1899
14.4333 0.6770 -0.2641 0.0979 -0.1892
14.4500 0.6770 -0.2641 0.0975 -0.1894
14.4667 0.6827 -0.2754 0.0958 -0.1868
14.4833 0.6827 -0.2754 0.0981 -0.1919
14.5000 0.6827 -0.2754 0.0983 -0.1927
14.5167 0.6900 -0.2869 0.0971 -0.1906
14.5333 0.6936 -0.2901 0.1010 -0.1961
14.5500 0.6936 -0.2901 0.1053 -0.1998
14.5667 0.6960 -0.2988 0.1069 -0.1996
14.5833 0.6960 -0.2988 0.1085 -0.2040
14.6000 0.6960 -0.2988 0.1080 -0.2042
14.6167 0.7054 -0.3119 0.1063 -0.2014
14.6333 0.7054 -0.3119 0.1113 -0.2077
14.6500 0.7111 -0.3206 0.1133 -0.2092
14.6667 0.7134 -0.3240 0.1179 -0.2146
14.6833 0.7153 -0.3286 0.1214 -0.2182
14.7000 0.7153 -0.3286 0.1237 -0.2214
14.7167 0.7201 -0.3362 0.1236 -0.2206
14.7333 0.7201 -0.3362 0.1258 -0.2233
14.7500 0.7239 -0.3458 0.1256 -0.2221
14.7667 0.7239 -0.3458 0.1269 -0.2262
14.7833 0.7239 -0.3458 0.1260 -0.2259
14.8000 0.7309 -0.3534 0.1237 -0.2225
14.8167 0.7309 -0.3534 0.1261 -0.2235
14.8333 0.7381 -0.3668 0.1261 -0.2211
14.8500 0.7381 -0.3668 0.1303 -0.2274
14.8667 0.7431 -0.3759 0.1315 -0.2287
14.8833 0.7456 -0.3798 0.1346 -0.2340
14.9000 0.7481 -0.3842 0.1370 -0.2377
14.9167 0.7481 -0.3842 0.1388 -0.2406
14.9333 0.7517 -0.3928 0.1381 -0.2393
14.9500 0.7517 -0.3928 0.1388 -0.2422
14.9667 0.7573 -0.4015 0.1373 -0.2409
14.9833 0.7573 -0.4015 0.1390 -0.2439
15.0000 0.7573 -0.4015 0.1383 -0.2425
15.0167 0.7638 -0.4136 0.1358 -0.2383
15.0333 0.7638 -0.4136 0.1376 -0.2421
15.0500 0.7653 -0.4208 0.1370 -0.2413
15.0667 0.7615 -0.4228 0.1359 -0.2435
15.0833 0.7593 -0.4285 0.1301 -0.2432
15.1000 0.7593 -0.4285 0.1225 -0.2445
15.1167 0.7622 -0.4240 0.1154 -0.2419
15.1333 0.7622 -0.4240 0.1113 -0.2330
15.1500 0.7208 -0.4347 0.1069 -0.2236
15.1667 0.7208 -0.4347 0.0679 -0.2229
15.1833 0.7208 -0.4347 0.0398 -0.2193
15.2000 0.7253 -0.4426 0.0197 -0.2137
15.2167 0.7253 -0.4426 0.0093 -0.2135
15.2333 0.7286 -0.4530 0.0019 -0.2103
15.2500 0.7286 -0.4530 -0.0006 -0.2139
15.2667 0.7290 -0.4621 -0.0023 -0.2134
15.2833 0.7117 -0.4730 -0.0030 -0.2177
15.3000 0.7117 -0.4767 -0.0179 -0.2267
15.3167 0.7117 -0.4767 -0.0281 -0.2330
15.3333 0.7145 -0.4833 -0.0347 -0.2340
15.3500 0.7145 -0.4833 -0.0365 -0.2370
15.3667 0.7180 -0.4912 -0.0372 -0.2358
15.3833 0.7180 -0.4912 -0.0343 -0.2383
15.4000 0.7180 -0.4912 -0.0319 -0.2367
15.4167 0.7258 -0.5054 -0.0297 -0.2323
15.4333 0.7258 -0.5054 -0.0212 -0.2379
15.4500 0.7258 -0.5054 -0.0150 -0.2385
15.4667 0.7335 -0.5097 -0.0105 -0.2355
15.4833 0.7335 -0.5097 -0.0009 -0.2338
15.5000 0.7335 -0.5097 0.0058 -0.2293
15.5167 0.7265 -0.5265 0.0104 -0.2230
15.5333 0.7265 -0.5265 0.0076 -0.2296
15.5500 0.7283 -0.5339 0.0056 -0.2309
15.5667 0.7287 -0.5341 0.0056 -0.2348
15.5833 0.7308 -0.5343 0.0059 -0.2345
15.6000 0.7308 -0.5343 0.0078 -0.2311
15.6167 0.7298 -0.5349 0.0090 -0.2256
15.6333 0.7298 -0.5349 0.0088 -0.2191
15.6500 0.7088 -0.5502 0.0086 -0.2116
15.6667 0.7088 -0.5502 -0.0092 -0.2162
15.6833 0.7088 -0.5502 -0.0215 -0.2163
15.7000 0.6990 -0.5583 -0.0297 -0.2135
15.7167 0.6990 -0.5583 -0.0432 -0.2152
15.7333 0.6981 -0.5721 -0.0519 -0.2134
15.7500 0.6981 -0.5721 -0.0580 -0.2207
15.7667 0.7030 -0.5683 -0.0615 -0.2227
15.7833 0.7020 -0.5680 -0.0589 -0.2179
15.8000 0.6957 -0.5677 -0.0572 -0.2112
15.8167 0.6957 -0.5677 -0.0603 -0.2034
15.8333 0.6852 -0.5661 -0.0617 -0.1952
15.8500 0.6852 -0.5661 -0.0706 -0.1854
15.8667 0.6795 -0.5638 -0.0759 -0.1760
15.8833 0.6795 -0.5638 -0.0831 -0.1652
15.9000 0.6795 -0.5638 -0.0870 -0.1553
15.9167 0.6804 -0.5568 -0.0885 -0.1463
15.9333 0.6804 -0.5568 -0.0876 -0.1321
15.9500 0.6895 -0.5611 -0.0857 -0.1205
15.9667 0.6895 -0.5611 -0.0757 -0.1143
15.9833 0.6895 -0.5611 -0.0677 -0.1084
16.0000 0.7407 -0.5606 -0.0611 -0.1028
16.0167 0.7448 -0.5566 -0.0131 -0.0970
16.0333 0.7448 -0.5566 0.0240 -0.0883
16.0500 0.7448 -0.5566 0.0494 -0.0811
16.0667 0.7531 -0.5479 0.0663 -0.0749
16.0833 0.7531 -0.5479 0.0841 -0.0624
16.1000 0.7493 -0.5453 0.0953 -0.0528
16.1167 0.7493 -0.5453 0.0985 -0.0432
16.1333 0.7493 -0.5453 0.0994 -0.0360
16.1500 0.7443 -0.5500 0.0987 -0.0305
16.1667 0.7455 -0.5492 0.0926 -0.0301
16.1833 0.7455 -0.5492 0.0881 -0.0288
16.2000 0.7501 -0.5426 0.0838 -0.0274
16.2167 0.7501 -0.5426 0.0834 -0.0206
16.2333 0.7501 -0.5426 0.0820 -0.0156
16.2500 0.7593 -0.5543 0.0799 -0.0119
16.2667 0.7593 -0.5543 0.0851 -0.0189
16.2833 0.7695 -0.5472 0.0874 -0.0235
16.3000 0.7695 -0.5472 0.0963 -0.0205
16.3167 0.7677 -0.5671 0.1012 -0.0181
16.3333 0.7708 -0.5672 0.1016 -0.0328
16.3500 0.7759 -0.5665 0.1031 -0.0426
16.3667 0.7759 -0.5665 0.1070 -0.0483
16.3833 0.7807 -0.5646 0.1082 -0.0515
16.4000 0.7807 -0.5646 0.1116 -0.0515
16.4167 0.7891 -0.5808 0.1123 -0.0507
16.4333 0.7891 -0.5808 0.1183 -0.0630
16.4500 0.7891 -0.5808 0.1209 -0.0706
16.4667 0.7979 -0.5902 0.1209 -0.0750
16.4833 0.7979 -0.5902 0.1266 -0.0848
16.5000 0.8075 -0.5907 0.1288 -0.0904
16.5167 0.8125 -0.5909 0.1365 -0.0935
16.5333 0.8170 -0.5910 0.1442 -0.0945
16.5500 0.8170 -0.5910 0.1513 -0.0939
16.5667 0.8069 -0.6159 0.1541 -0.0923
16.5833 0.8069 -0.6159 0.1454 -0.1106
16.6000 0.8069 -0.6159 0.1374 -0.1218
16.6167 0.8156 -0.6186 0.1299 -0.1279
16.6333 0.8156 -0.6186 0.1302 -0.1326
16.6500 0.8268 -0.6558 0.1286 -0.1341
16.6667 0.8319 -0.6573 0.1350 -0.1642
16.6833 0.8319 -0.6573 0.1418 -0.1841
16.7000 0.8369 -0.6594 0.1446 -0.1954
16.7167 0.8369 -0.6594 0.1487 -0.2023
16.7333 0.8369 -0.6594 0.1495 -0.2043
16.7500 0.8586 -0.6806 0.1479 -0.2028
16.7667 0.8586 -0.6806 0.1629 -0.2166
16.7833 0.8769 -0.6919 0.1711 -0.2232
16.8000 0.8942 -0.7146 0.1896 -0.2341
16.8167 0.8942 -0.7146 0.2143 -0.2573
16.8333 0.8942 -0.7146 0.2285 -0.2699
16.8500 0.9060 -0.7217 0.2351 -0.2749
16.8667 0.9060 -0.7217 0.2463 -0.2805
16.8833 0.9060 -0.7217 0.2507 -0.2805
16.9000 0.9171 -0.7375 0.2502 -0.2766
16.9167 0.9171 -0.7375 0.2556 -0.2832
16.9333 0.9319 -0.7455 0.2559 -0.2838
16.9500 0.9319 -0.7455 0.2649 -0.2870
16.9667 0.9434 -0.7531 0.2675 -0.2852
16.9833 0.9474 -0.7563 0.2751 -0.2863
17.0000 0.9545 -0.7592 0.2799 -0.2859
17.0167 0.9545 -0.7592 0.2853 -0.2840
17.0333 0.9664 -0.7643 0.2851 -0.2787
17.0500 0.9664 -0.7643 0.2909 -0.2754
17.0667 0.9809 -0.7744 0.2909 -0.2692
17.0833 0.9809 -0.7744 0.2989 -0.2697
17.1000 0.9809 -0.7744 0.3003 -0.2663
17.1167 1.0014 -0.7831 0.2971 -0.2602
17.1333 1.0014 -0.7831 0.3079 -0.2596
17.1500 1.0138 -0.7912 0.3111 -0.2556
17.1667 1.0177 -0.7950 0.3193 -0.2560
17.1833 1.0239 -0.8000 0.3239 -0.2559
17.2000 1.0239 -0.8000 0.3277 -0.2564
17.2167 1.0362 -0.8088 0.3258 -0.2532
17.2333 1.0362 -0.8088 0.3302 -0.2548
17.2500 1.0460 -0.8188 0.3287 -0.2524
17.2667 1.0460 -0.8188 0.3312 -0.2555
17.2833 1.0460 -0.8188 0.3283 -0.2542
17.3000 1.0556 -0.8295 0.3218 -0.2497
17.3167 1.0556 -0.8295 0.3208 -0.2520
17.3333 1.0711 -0.8449 0.3157 -0.2502
17.3500 1.0711 -0.8449 0.3207 -0.2582
17.3667 1.0793 -0.8564 0.3197 -0.2602
17.3833 1.0847 -0.8638 0.3214 -0.2675
17.4000 1.0893 -0.8700 0.3225 -0.2751
17.4167 1.0893 -0.8700 0.3228 -0.2818
17.4333 1.0893 -0.8700 0.3184 -0.2825
17.4500 1.0964 -0.8832 0.3110 -0.2791
17.4667 1.0964 -0.8832 0.3074 -0.2838
17.4833 1.0964 -0.8832 0.3006 -0.2832
17.5000 1.1118 -0.9017 0.2917 -0.2788
17.5167 1.1118 -0.9017 0.2943 -0.2872
17.5333 1.1203 -0.9210 0.2921 -0.2891
17.5500 1.1203 -0.9210 0.2935 -0.3026
17.5667 1.1308 -0.9383 0.2904 -0.3077
17.5833 1.1334 -0.9454 0.2930 -0.3214
17.6000 1.1392 -0.9512 0.2929 -0.3323
17.6167 1.1392 -0.9512 0.2936 -0.3401
17.6333 1.1491 -0.9649 0.2901 -0.3408
17.6500 1.1491 -0.9649 0.2918 -0.3480
17.6667 1.1491 -0.9649 0.2889 -0.3481
17.6833 1.1738 -0.9561 0.2829 -0.3434
17.7000 1.1738 -0.9561 0.2954 -0.3281
17.7167 1.1738 -0.9561 0.3000 -0.3128
17.7333 1.1908 -0.9609 0.2990 -0.2979
17.7500 1.1908 -0.9609 0.3084 -0.2874
17.7667 1.1908 -0.9609 0.3106 -0.2761
17.7833 1.2134 -0.9855 0.3078 -0.2644
17.8000 1.2134 -0.9855 0.3204 -0.2731
17.8167 1.2242 -1.0058 0.3247 -0.2753
17.8333 1.2242 -1.0058 0.3322 -0.2900
17.8500 1.2482 -1.0231 0.3328 -0.2962
17.8667 1.2482 -1.0231 0.3486 -0.3107
17.8833 1.2482 -1.0231 0.3547 -0.3165
17.9000 1.2675 -1.0493 0.3540 -0.3161
17.9167 1.2675 -1.0493 0.3647 -0.3334
17.9333 1.3058 -1.0978 0.3671 -0.3408
17.9500 1.3058 -1.0978 0.3956 -0.3816
17.9667 1.3244 -1.1229 0.4098 -0.4046
17.9833 1.3596 -1.1445 0.4295 -0.4359
18.0000 1.3686 -1.1571 0.4667 -0.4696
18.0167 1.3686 -1.1571 0.4935 -0.4970
18.0333 1.3899 -1.1927 0.5053 -0.5091
18.0500 1.3899 -1.1927 0.5242 -0.5402
18.0667 1.4014 -1.2198 0.5301 -0.5543
18.0833 1.4014 -1.2198 0.5364 -0.5789
18.1000 1.4014 -1.2198 0.5333 -0.5880
18.1167 1.4241 -1.2586 0.5237 -0.5861
18.1333 1.4241 -1.2586 0.5287 -0.6090
18.1500 1.4432 -1.2969 0.5249 -0.6165
18.1667 1.4432 -1.2969 0.5309 -0.6451
18.1833 1.4432 -1.2969 0.5276 -0.6560
18.2000 1.4615 -1.3359 0.5181 -0.6544
18.2167 1.4615 -1.3359 0.5194 -0.6768
18.2333 1.4720 -1.3605 0.5132 -0.6830
18.2500 1.4769 -1.3727 0.5105 -0.6982
18.2667 1.4810 -1.3838 0.5056 -0.7093
18.2833 1.4810 -1.3838 0.4986 -0.7164
18.3000 1.4810 -1.3838 0.4868 -0.7114
18.3167 1.4955 -1.4056 0.4718 -0.6980
18.3333 1.4955 -1.4056 0.4670 -0.6972
18.3500 1.5066 -1.4274 0.4571 -0.6870
18.3667 1.5066 -1.4274 0.4531 -0.6884
18.3833 1.5066 -1.4274 0.4440 -0.6799
18.4000 1.5175 -1.4492 0.4315 -0.6645
18.4167 1.5175 -1.4492 0.4260 -0.6628
18.4333 1.5458 -1.4938 0.4162 -0.6524
18.4500 1.5458 -1.4938 0.4272 -0.6733
18.4667 1.5553 -1.5131 0.4289 -0.6784
18.4833 1.5614 -1.5239 0.4321 -0.6886
18.5000 1.5614 -1.5239 0.4334 -0.6952
18.5167 1.5671 -1.5345 0.4283 -0.6901
18.5333 1.5671 -1.5345 0.4235 -0.6858
18.5500 1.5721 -1.5437 0.4142 -0.6733
18.5667 1.5721 -1.5437 0.4062 -0.6630
18.5833 1.5721 -1.5437 0.3950 -0.6465
18.6000 1.5849 -1.5705 0.3817 -0.6261
18.6167 1.5849 -1.5705 0.3779 -0.6255
18.6333 1.5963 -1.5900 0.3700 -0.6164
18.6500 1.5963 -1.5900 0.3689 -0.6178
18.6667 1.6210 -1.6190 0.3630 -0.6102
18.6833 1.6210 -1.6190 0.3744 -0.6207
18.7000 1.6210 -1.6190 0.3772 -0.6193
18.7167 1.6562 -1.6551 0.3739 -0.6097
18.7333 1.6562 -1.6551 0.3956 -0.6247
18.7500 1.6708 -1.6742 0.4053 -0.6264
18.7667 1.6708 -1.6742 0.4186 -0.6348
18.7833 1.6708 -1.6742 0.4220 -0.6319
18.8000 1.6777 -1.6966 0.4185 -0.6210
18.8167 1.6777 -1.6966 0.4160 -0.6235
18.8333 1.7021 -1.7243 0.4084 -0.6166
18.8500 1.7021 -1.7243 0.4179 -0.6263
18.8667 1.7193 -1.7412 0.4187 -0.6244
18.8833 1.7193 -1.7412 0.4277 -0.6284
18.9000 1.7193 -1.7412 0.4281 -0.6225
18.9167 1.7410 -1.7600 0.4223 -0.6098
18.9333 1.7410 -1.7600 0.4306 -0.6081
18.9500 1.7709 -1.7864 0.4303 -0.5985
18.9667 1.7709 -1.7864 0.4491 -0.6055
18.9833 1.7709 -1.7864 0.4559 -0.6019
19.0000 1.7996 -1.8100 0.4543 -0.5911
19.0167 1.7996 -1.8100 0.4708 -0.5951
19.0333 1.8222 -1.8268 0.4757 -0.5895
19.0500 1.8222 -1.8268 0.4914 -0.5915
19.0667 1.8341 -1.8353 0.4954 -0.5847
19.0833 1.8341 -1.8353 0.5013 -0.5789
19.1000 1.8341 -1.8353 0.4984 -0.5668
19.1167 1.8453 -1.8445 0.4894 -0.5506
19.1333 1.8453 -1.8445 0.4858 -0.5392
19.1500 1.8743 -1.8623 0.4765 -0.5239
19.1667 1.8743 -1.8623 0.4876 -0.5207
19.1833 1.8743 -1.8623 0.4886 -0.5113
19.2000 1.9127 -1.8727 0.4825 -0.4977
19.2167 1.9127 -1.8727 0.5035 -0.4900
19.2333 1.9600 -1.8868 0.5112 -0.4779
19.2500 1.9600 -1.8868 0.5488 -0.4745
19.2667 1.9983 -1.9083 0.5673 -0.4656
19.2833 1.9983 -1.9083 0.6042 -0.4709
19.3000 1.9983 -1.9083 0.6214 -0.4680
19.3167 2.0272 -1.9219 0.6247 -0.4595
19.3333 2.0272 -1.9219 0.6425 -0.4586
19.3500 2.0644 -1.9347 0.6459 -0.4515
19.3667 2.0644 -1.9347 0.6703 -0.4510
19.3833 2.0644 -1.9347 0.6779 -0.4444
19.4000 2.1019 -1.9593 0.6738 -0.4336
19.4167 2.1019 -1.9593 0.6929 -0.4406
19.4333 2.1427 -1.9874 0.6965 -0.4394
19.4500 2.1427 -1.9874 0.7234 -0.4558
19.4667 2.1693 -2.0042 0.7320 -0.4608
19.4833 2.1852 -2.0154 0.7500 -0.4720
19.5000 2.1991 -2.0236 0.7654 -0.4825
19.5167 2.1991 -2.0236 0.7769 -0.4900
19.5333 2.2119 -2.0312 0.7742 -0.4884
19.5500 2.2119 -2.0312 0.7722 -0.4868
19.5667 2.2358 -2.0468 0.7601 -0.4789
19.5833 2.2358 -2.0468 0.7610 -0.4798
19.6000 2.2358 -2.0468 0.7511 -0.4738
19.6167 2.2624 -2.0627 0.7338 -0.4630
19.6333 2.2624 -2.0627 0.7337 -0.4623
19.6500 2.3222 -2.0937 0.7235 -0.4554
19.6667 2.3222 -2.0937 0.7562 -0.4701
19.6833 2.3222 -2.0937 0.7684 -0.4738
19.7000 2.3625 -2.1102 0.7662 -0.4698
19.7167 2.3753 -2.1164 0.7876 -0.4742
19.7333 2.3753 -2.1164 0.8023 -0.4759
19.7500 2.4025 -2.1248 0.8013 -0.4704
19.7667 2.4025 -2.1248 0.8121 -0.4671
19.7833 2.4025 -2.1248 0.8084 -0.4583
19.8000 2.4477 -2.1426 0.7945 -0.4458
19.8167 2.4477 -2.1426 0.8116 -0.4458
19.8333 2.4748 -2.1510 0.8122 -0.4396
19.8500 2.4913 -2.1567 0.8239 -0.4362
19.8667 2.5046 -2.1593 0.8343 -0.4325
19.8833 2.5046 -2.1593 0.8410 -0.4261
19.9000 2.5177 -2.1606 0.8340 -0.4157
19.9167 2.5177 -2.1606 0.8285 -0.4038
19.9333 2.5648 -2.1727 0.8131 -0.3899
19.9500 2.5648 -2.1727 0.8305 -0.3849
19.9667 2.5648 -2.1727 0.8310 -0.3762
19.9833 2.6112 -2.1838 0.8198 -0.3649
20.0000 2.6112 -2.1838 0.8393 -0.3612
20.0167 2.6426 -2.1918 0.8412 -0.3536
20.0333 2.6588 -2.1957 0.8570 -0.3500
20.0500 2.6727 -2.1978 0.8696 -0.3460
20.0667 2.6727 -2.1978 0.8778 -0.3401
20.0833 2.7077 -2.2060 0.8713 -0.3313
20.1000 2.7077 -2.2060 0.8839 -0.3274
20.1167 2.7383 -2.2108 0.8804 -0.3201
20.1333 2.7383 -2.2108 0.8912 -0.3147
20.1500 2.7383 -2.2108 0.8863 -0.3065
20.1667 2.7865 -2.2204 0.8706 -0.2966
20.1833 2.7865 -2.2204 0.8878 -0.2935
20.2000 2.8206 -2.2300 0.8874 -0.2873
20.2167 2.8385 -2.2355 0.9032 -0.2870
20.2333 2.8536 -2.2409 0.9166 -0.2874
20.2500 2.8536 -2.2409 0.9257 -0.2882
20.2667 2.8994 -2.2525 0.9192 -0.2847
20.2833 2.8994 -2.2525 0.9401 -0.2880
20.3000 2.9583 -2.2648 0.9415 -0.2863
20.3167 2.9583 -2.2648 0.9786 -0.2914
20.3333 2.9583 -2.2648 0.9907 -0.2909
20.3500 3.0199 -2.2876 0.9854 -0.2865
20.3667 3.0199 -2.2876 1.0193 -0.2985
20.3833 3.0199 -2.2876 1.0288 -0.3027
20.4000 3.0775 -2.3061 1.0210 -0.3014
20.4167 3.0775 -2.3061 1.0495 -0.3117
20.4333 3.0775 -2.3061 1.0547 -0.3146
20.4500 3.1328 -2.3235 1.0436 -0.3122
20.4667 3.1491 -2.3285 1.0675 -0.3206
20.4833 3.1491 -2.3285 1.0829 -0.3263
20.5000 3.1634 -2.3345 1.0786 -0.3256
20.5167 3.1634 -2.3345 1.0725 -0.3257
20.5333 3.2124 -2.3521 1.0534 -0.3212
20.5500 3.2124 -2.3521 1.0663 -0.3283
20.5667 3.2559 -2.3626 1.0605 -0.3287
20.5833 3.2733 -2.3705 1.0780 -0.3331
20.6000 3.2873 -2.3735 1.0897 -0.3381
20.6167 3.2873 -2.3735 1.0943 -0.3394
20.6333 3.3298 -2.3980 1.0823 -0.3356
20.6500 3.3298 -2.3980 1.0943 -0.3488
20.6667 3.3722 -2.4142 1.0875 -0.3531
20.6833 3.3722 -2.4142 1.1030 -0.3646
20.7000 3.3722 -2.4142 1.0984 -0.3676
20.7167 3.3991 -2.4278 1.0800 -0.3645
20.7333 3.3991 -2.4278 1.0747 -0.3686
20.7500 3.4481 -2.4527 1.0560 -0.3664
20.7667 3.4481 -2.4527 1.0692 -0.3805
20.7833 3.4481 -2.4527 1.0635 -0.3851
20.8000 3.4974 -2.4601 1.0447 -0.3829
20.8167 3.5130 -2.4618 1.0583 -0.3822
20.8333 3.5130 -2.4618 1.0661 -0.3779
20.8500 3.5542 -2.4712 1.0566 -0.3696
20.8667 3.5542 -2.4712 1.0697 -0.3665
20.8833 3.5542 -2.4712 1.0639 -0.3593
20.9000 3.6081 -2.5140 1.0451 -0.3493
20.9167 3.6081 -2.5140 1.0625 -0.3731
20.9333 3.6468 -2.5222 1.0598 -0.3845
20.9500 3.6468 -2.5222 1.0755 -0.3939
20.9667 3.6719 -2.5319 1.0715 -0.3950
20.9833 3.6719 -2.5319 1.0747 -0.3983
21.0000 3.6719 -2.5319 1.0621 -0.3951
21.0167 3.7483 -2.4982 1.0385 -0.3874
21.0333 3.7682 -2.5017 1.0713 -0.3485
21.0500 3.7682 -2.5017 1.0958 -0.3197
21.0667 3.7847 -2.5029 1.0976 -0.2952
21.0833 3.7847 -2.5029 1.0974 -0.2750
21.1000 3.8197 -2.5099 1.0820 -0.2572
21.1167 3.8197 -2.5099 1.0855 -0.2470
21.1333 3.8197 -2.5099 1.0728 -0.2365
21.1500 3.8212 -2.5109 1.0491 -0.2260
21.1667 3.8212 -2.5109 1.0192 -0.2163
21.1833 3.8214 -2.5113 0.9843 -0.2066
21.2000 3.8214 -2.5113 0.9466 -0.1973
21.2167 3.8215 -2.5115 0.9072 -0.1881
21.2333 3.8216 -2.5115 0.8674 -0.1792
21.2500 3.8216 -2.5116 0.8277 -0.1707
21.2667 3.8216 -2.5116 0.7886 -0.1624
21.2833 3.8217 -2.5118 0.7505 -0.1544
21.3000 3.8217 -2.5118 0.7137 -0.1468
21.3167 3.8218 -2.5119 0.6782 -0.1395
21.3333 3.8218 -2.5119 0.6442 -0.1326
21.3500 3.8218 -2.5119 0.6116 -0.1260
21.3667 3.8219 -2.5120 0.5804 -0.1196
21.3833 3.8219 -2.5120 0.5508 -0.1136
21.4000 3.8220 -2.5121 0.5225 -0.1079
21.4167 3.8220 -2.5121 0.4957 -0.1025
21.4333 3.8220 -2.5122 0.4701 -0.0973
21.4500 3.8220 -2.5122 0.4459 -0.0924
21.4667 3.8220 -2.5122 0.4228 -0.0877
21.4833 3.8220 -2.5122 0.4009 -0.0832
21.5000 3.8221 -2.5122 0.3802 -0.0790
21.5167 3.8221 -2.5122 0.3605 -0.0750
21.5333 3.8221 -2.5122 0.3418 -0.0711
21.5500 3.8221 -2.5123 0.3240 -0.0675
21.5667 3.8221 -2.5123 0.3072 -0.0640
21.5833 3.8221 -2.5123 0.2913 -0.0607
21.6000 3.8221 -2.5123 0.2762 -0.0577
21.6167 3.8221 -2.5123 0.2618 -0.0547
21.6333 3.8221 -2.5123 0.2482 -0.0519
21.6500 3.8221 -2.5124 0.2353 -0.0492
21.6667 3.8221 -2.5124 0.2231 -0.0467
21.6833 3.8221 -2.5124 0.2115 -0.0443
21.7000 3.8221 -2.5124 0.2005 -0.0420
21.7167 3.8221 -2.5124 0.1901 -0.0399
21.7333 3.8221 -2.5124 0.1802 -0.0378
21.7500 3.8221 -2.5124 0.1709 -0.0359
21.7667 3.8222 -2.5124 0.1620 -0.0340
21.7833 3.8222 -2.5124 0.1535 -0.0323
21.8000 3.8222 -2.5124 0.1456 -0.0306
21.8167 3.8222 -2.5124 0.1380 -0.0290
21.8333 3.8222 -2.5124 0.1308 -0.0275
21.8500 3.8222 -2.5124 0.1240 -0.0261
21.8667 3.8222 -2.5124 0.1176 -0.0248
21.8833 3.8222 -2.5124 0.1115 -0.0235
21.9000 3.8222 -2.5124 0.1057 -0.0223
21.9167 3.8222 -2.5124 0.1002 -0.0211
21.9333 3.8222 -2.5124 0.0949 -0.0200
21.9500 3.8222 -2.5124 0.0900 -0.0190
21.9667 3.8222 -2.5124 0.0853 -0.0180
21.9833 3.8222 -2.5124 0.0809 -0.0171
22.0000 3.8222 -2.5124 0.0767 -0.0162
22.0167 3.8222 -2.5124 0.0727 -0.0153
22.0333 3.8222 -2.5124 0.0689 -0.0146
22.0500 3.8222 -2.5124 0.0653 -0.0138
22.0667 3.8222 -2.5124 0.0619 -0.0131
22.0833 3.8222 -2.5124 0.0587 -0.0124
22.1000 3.8222 -2.5124 0.0556 -0.0118
22.1167 3.8222 -2.5124 0.0528 -0.0112
22.1333 3.8222 -2.5124 0.0500 -0.0106
22.1500 3.8222 -2.5124 0.0474 -0.0100
22.1667 3.8222 -2.5124 0.0449 -0.0095
22.1833 3.8222 -2.5124 0.0426 -0.0090
22.2000 3.8222 -2.5124 0.0404 -0.0085
22.2167 3.8222 -2.5124 0.0383 -0.0081
22.2333 3.8222 -2.5124 0.0363 -0.0077
22.2500 3.8222 -2.5124 0.0344 -0.0073
22.2667 3.8222 -2.5124 0.0326 -0.0069
22.2833 3.8222 -2.5124 0.0309 -0.0065
22.3000 3.8222 -2.5124 0.0293 -0.0062
22.3167 3.7663 -2.4717 0.0278 -0.0059
22.3333 3.7663 -2.4717 -0.0203 0.0283
22.3500 3.8406 -2.4808 -0.0534 0.0517
22.3667 3.8406 -2.4808 -0.0137 0.0597
22.3833 3.8406 -2.4808 0.0140 0.0644
22.4000 3.9216 -2.4830 0.0331 0.0667
22.4167 3.9516 -2.4832 0.1135 0.0657
22.4333 3.9516 -2.4832 0.1928 0.0638
22.4500 4.0181 -2.4880 0.2452 0.0617
22.4667 4.0181 -2.4880 0.3337 0.0554
22.4833 4.0181 -2.4880 0.3906 0.0502
22.5000 4.1125 -2.4949 0.4246 0.0459
22.5167 4.1125 -2.4949 0.5211 0.0365
22.5333 4.1166 -2.4728 0.5808 0.0295
22.5500 4.1166 -2.4728 0.6178 0.0426
22.5667 4.1605 -2.4560 0.6348 0.0511
22.5833 4.1703 -2.4422 0.6745 0.0703
22.6000 4.2026 -2.4398 0.7008 0.0942
22.6167 4.2026 -2.4398 0.7363 0.1115
22.6333 4.2467 -2.4222 0.7507 0.1220
22.6500 4.2467 -2.4222 0.7871 0.1422
22.6667 4.3466 -2.4201 0.8015 0.1543
22.6833 4.3466 -2.4201 0.8836 0.1622
22.7000 4.3466 -2.4201 0.9284 0.1655
22.7167 4.4790 -2.4061 0.9466 0.1655
22.7333 4.4790 -2.4061 1.0565 0.1750
22.7500 4.4744 -2.4065 1.1182 0.1791
22.7667 4.5144 -2.4042 1.1417 0.1791
22.7833 4.5608 -2.3992 1.1755 0.1785
22.8000 4.5608 -2.3992 1.2214 0.1799
22.8167 4.6391 -2.3846 1.2363 0.1783
22.8333 4.6391 -2.3846 1.2947 0.1869
22.8500 4.7153 -2.3858 1.3174 0.1903
22.8667 4.7153 -2.3858 1.3783 0.1890
22.8833 4.7153 -2.3858 1.4016 0.1855
22.9000 4.7728 -2.3874 1.3982 0.1805
22.9167 4.7728 -2.3874 1.4244 0.1731
22.9333 4.9054 -2.3908 1.4228 0.1656
22.9500 4.9054 -2.3908 1.5124 0.1552
22.9667 4.9940 -2.3916 1.5537 0.1459
22.9833 5.0453 -2.3951 1.6346 0.1367
23.0000 5.0928 -2.3985 1.7110 0.1254
23.0167 5.0928 -2.3985 1.7798 0.1131
23.0333 5.0928 -2.3985 1.8029 0.1029
23.0500 5.1830 -2.4054 1.7940 0.0944
23.0667 5.1830 -2.4054 1.8380 0.0814
23.0833 5.2652 -2.4088 1.8432 0.0713
23.1000 5.2652 -2.4088 1.8896 0.0604
23.1167 5.3484 -2.4102 1.8956 0.0521
23.1333 5.3484 -2.4102 1.9428 0.0444
23.1500 5.3484 -2.4102 1.9486 0.0384
23.1667 5.4323 -2.4124 1.9256 0.0337
23.1833 5.4323 -2.4124 1.9528 0.0281
23.2000 5.5519 -2.4105 1.9445 0.0239
23.2167 5.5519 -2.4105 2.0115 0.0222
23.2333 5.5519 -2.4105 2.0301 0.0207
23.2500 5.6501 -2.4101 2.0148 0.0193
23.2667 5.6958 -2.4099 2.0580 0.0184
23.2833 5.7459 -2.4099 2.0976 0.0177
23.3000 5.7459 -2.4099 2.1377 0.0170
23.3167 5.7921 -2.4096 2.1359 0.0163
23.3333 5.7921 -2.4096 2.1434 0.0158
23.3500 5.9331 -2.4078 2.1189 0.0152
23.3667 5.9331 -2.4078 2.1900 0.0161
23.3833 5.9331 -2.4078 2.2089 0.0165
23.4000 6.0613 -2.3640 2.1914 0.0166
23.4167 6.1056 -2.3578 2.2557 0.0529
23.4333 6.1056 -2.3578 2.3059 0.0826
23.4500 6.1554 -2.3528 2.3088 0.1020
23.4667 6.1554 -2.3528 2.3202 0.1183
23.4833 6.1554 -2.3528 2.2959 0.1280
23.5000 6.2851 -2.3319 2.2471 0.1329
23.5167 6.2851 -2.3319 2.2901 0.1519
23.5333 6.4209 -2.3076 2.2882 0.1630
23.5500 6.4373 -2.2869 2.3683 0.1887
23.5667 6.4373 -2.2869 2.4047 0.2212
23.5833 6.5200 -2.2634 2.3966 0.2408
23.6000 6.5200 -2.2634 2.4266 0.2706
23.6167 6.6237 -2.2460 2.4138 0.2876
23.6333 6.6237 -2.2460 2.4578 0.3099
23.6500 6.6237 -2.2460 2.4542 0.3211
23.6667 6.5866 -2.1750 2.4176 0.3244
23.6833 6.5866 -2.1750 2.3277 0.3814
23.7000 6.5862 -2.1747 2.2328 0.4157
23.7167 6.5862 -2.1746 2.1356 0.4340
23.7333 6.5861 -2.1746 2.0382 0.4408
23.7500 6.5861 -2.1746 1.9422 0.4394
23.7667 6.5859 -2.1745 1.8485 0.4323
23.7833 6.5859 -2.1745 1.7575 0.4215
23.8000 6.5858 -2.1744 1.6699 0.4081
23.8167 6.5858 -2.1744 1.5857 0.3932
23.8333 6.5858 -2.1744 1.5052 0.3773
23.8500 6.5857 -2.1743 1.4283 0.3611
23.8667 6.5857 -2.1743 1.3550 0.3448
23.8833 6.5856 -2.1742 1.2852 0.3288
23.9000 6.5856 -2.1742 1.2187 0.3131
23.9167 6.5856 -2.1742 1.1556 0.2978
23.9333 6.5856 -2.1742 1.0957 0.2831
23.9500 6.5855 -2.1742 1.0387 0.2690
23.9667 6.5855 -2.1742 0.9847 0.2554
23.9833 6.5855 -2.1742 0.9335 0.2425
24.0000 6.5855 -2.1742 0.8849 0.2301
24.0167 6.5855 -2.1741 0.8389 0.2183
24.0333 6.5855 -2.1741 0.7952 0.2071
24.0500 6.5855 -2.1741 0.7538 0.1964
24.0667 6.5855 -2.1741 0.7145 0.1863
24.0833 6.5855 -2.1741 0.6773 0.1767
24.1000 6.5854 -2.1741 0.6420 0.1675
24.1167 6.5854 -2.1741 0.6085 0.1589
24.1333 6.5854 -2.1741 0.5768 0.1506
24.1500 6.5854 -2.1741 0.5468 0.1428
24.1667 6.5854 -2.1741 0.5183 0.1354
24.1833 6.5854 -2.1741 0.4913 0.1284
24.2000 6.5854 -2.1741 0.4657 0.1217
24.2167 6.5854 -2.1741 0.4414 0.1154
24.2333 6.5854 -2.1741 0.4184 0.1094
24.2500 6.5854 -2.1741 0.3966 0.1037
24.2667 6.5854 -2.1741 0.3759 0.0984
24.2833 6.5854 -2.1741 0.3564 0.0932
24.3000 6.5854 -2.1741 0.3378 0.0884
24.3167 6.5854 -2.1741 0.3202 0.0838
24.3333 6.5854 -2.1741 0.3035 0.0795
24.3500 6.5854 -2.1741 0.2877 0.0753
24.3667 6.5854 -2.1741 0.2727 0.0714
24.3833 6.5854 -2.1740 0.2585 0.0677
24.4000 6.5854 -2.1740 0.2450 0.0642
24.4167 6.5854 -2.1740 0.2323 0.0608
24.4333 6.5854 -2.1740 0.2202 0.0577
24.4500 6.5854 -2.1740 0.2087 0.0547
24.4667 6.5854 -2.1740 0.1978 0.0518
24.4833 6.5854 -2.1740 0.1875 0.0491
24.5000 6.5854 -2.1740 0.1778 0.0466
24.5167 6.5854 -2.1740 0.1685 0.0442
24.5333 6.5854 -2.1740 0.1597 0.0419
24.5500 6.5854 -2.1740 0.1514 0.0397
24.5667 6.5854 -2.1740 0.1435 0.0376
24.5833 6.5854 -2.1740 0.1360 0.0357
24.6000 6.5854 -2.1740 0.1290 0.0338
24.6167 6.5854 -2.1740 0.1222 0.0321
24.6333 6.5854 -2.1740 0.1159 0.0304
24.6500 6.5854 -2.1740 0.1098 0.0288
24.6667 6.5854 -2.1740 0.1041 0.0273
24.6833 6.5854 -2.1740 0.0987 0.0259
24.7000 6.5854 -2.1740 0.0936 0.0245
24.7167 6.5854 -2.1740 0.0887 0.0233
24.7333 6.5854 -2.1740 0.0841 0.0221
24.7500 6.5854 -2.1740 0.0797 0.0209
24.7667 6.5854 -2.1740 0.0755 0.0198
24.7833 6.5854 -2.1740 0.0716 0.0188
24.8000 6.5854 -2.1740 0.0679 0.0178
24.8167 6.5854 -2.1740 0.0643 0.0169
24.8333 6.5854 -2.1740 0.0610 0.0160
24.8500 6.5854 -2.1740 0.0578 0.0152
24.8667 6.5854 -2.1740 0.0548 0.0144
24.8833 6.5854 -2.1740 0.0520 0.0136
24.9000 6.5853 -2.1740 0.0493 0.0129
24.9167 6.5853 -2.1740 0.0467 0.0123
24.9333 6.5853 -2.1740 0.0443 0.0116
24.9500 6.5853 -2.1740 0.0419 0.0110
24.9667 6.5853 -2.1740 0.0398 0.0104
24.9833 6.5853 -2.1740 0.0377 0.0099
25.0000 6.5853 -2.1740 0.0357 0.0094
25.0167 6.5853 -2.1740 0.0339 0.0089
25.0333 6.5853 -2.1740 0.0321 0.0084
25.0500 6.5853 -2.1740 0.0304 0.0080
25.0667 6.5853 -2.1740 0.0289 0.0076
25.0833 6.5853 -2.1740 0.0273 0.0072
25.1000 6.5853 -2.1740 0.0259 0.0068
25.1167 6.6802 -2.0772 0.0246 0.0064
25.1333 6.6802 -2.0772 0.1024 0.0868
25.1500 6.6802 -2.0772 0.1550 0.1414
25.1667 6.8188 -2.0441 0.1894 0.1775
25.1833 6.8188 -2.0441 0.3262 0.2276
25.2000 6.9518 -2.0117 0.4168 0.2594
25.2167 6.9518 -2.0117 0.5849 0.3048
25.2333 6.9518 -2.0117 0.6936 0.3321
25.2500 7.1612 -1.9688 0.7594 0.3465
25.2667 7.1612 -1.9688 0.9692 0.3875
25.2833 7.3537 -1.9349 1.1015 0.4106
25.3000 7.4178 -1.9204 1.3386 0.4492
25.3167 7.4178 -1.9204 1.5383 0.4818
25.3333 7.4758 -1.9059 1.6557 0.4978
25.3500 7.4758 -1.9059 1.7626 0.5141
25.3667 7.4761 -1.9056 1.8124 0.5183
25.3833 7.4761 -1.9056 1.8221 0.5143
25.4000 7.4761 -1.9056 1.8035 0.5044
25.4167 7.4762 -1.9053 1.7655 0.4904
25.4333 7.4762 -1.9053 1.7147 0.4742
25.4500 7.4762 -1.9051 1.6555 0.4563
25.4667 7.4763 -1.9051 1.5914 0.4377
25.4833 7.4763 -1.9050 1.5248 0.4187
25.5000 7.4763 -1.9050 1.4573 0.3997
25.5167 7.4763 -1.9050 1.3902 0.3810
25.5333 7.4763 -1.9050 1.3242 0.3627
25.5500 7.4763 -1.9049 1.2600 0.3450
25.5667 7.4763 -1.9049 1.1979 0.3279
25.5833 7.4763 -1.9049 1.1381 0.3116
25.6000 7.4931 -1.8951 1.0807 0.2959
25.6167 7.5571 -1.8798 1.0398 0.2890
25.6333 7.5571 -1.8798 1.0502 0.2929
25.6500 7.5593 -1.8785 1.0429 0.2916
25.6667 7.5593 -1.8785 1.0252 0.2877
25.6833 7.5593 -1.8785 0.9986 0.2810
25.7000 7.5596 -1.8780 0.9663 0.2724
25.7167 7.5596 -1.8780 0.9307 0.2630
25.7333 7.5597 -1.8778 0.8930 0.2529
25.7500 7.5598 -1.8777 0.8545 0.2425
25.7667 7.5598 -1.8777 0.8159 0.2320
25.7833 7.5598 -1.8777 0.7777 0.2215
25.8000 7.5598 -1.8776 0.7403 0.2111
25.8167 7.5598 -1.8776 0.7041 0.2010
25.8333 7.5599 -1.8775 0.6692 0.1912
25.8500 7.5599 -1.8775 0.6357 0.1819
25.8667 7.5599 -1.8774 0.6035 0.1728
25.8833 7.5599 -1.8774 0.5728 0.1642
25.9000 7.5599 -1.8774 0.5435 0.1560
25.9167 7.5599 -1.8774 0.5157 0.1481
25.9333 7.5599 -1.8773 0.4891 0.1406
25.9500 7.5599 -1.8773 0.4639 0.1334
25.9667 7.5599 -1.8773 0.4399 0.1266
25.9833 7.5599 -1.8773 0.4171 0.1201
26.0000 7.5599 -1.8773 0.3955 0.1139
26.0167 7.5599 -1.8773 0.3750 0.1080
26.0333 7.5599 -1.8773 0.3555 0.1024
26.0500 7.5599 -1.8773 0.3370 0.0971
26.0667 7.5599 -1.8773 0.3195 0.0921
26.0833 7.5599 -1.8773 0.3029 0.0873
26.1000 7.5599 -1.8773 0.2871 0.0828
26.1167 7.5599 -1.8773 0.2722 0.0785
26.1333 7.5599 -1.8773 0.2580 0.0744
26.1500 7.5599 -1.8773 0.2446 0.0705
